# JRE version: Java(TM) SE Runtime Environment (8.0_231-b11) (build 1.8.0_231-b11)
# Java VM: Java HotSpot(TM) 64-Bit Server VM (25.231-b11 mixed mode windows-amd64 compressed oops)
Heap:
 PSYoungGen      total 1092096K, used 881068K [0x000000076ab00000, 0x00000007bed80000, 0x00000007c0000000)
  eden space 881152K, 99% used [0x000000076ab00000,0x00000007a076b030,0x00000007a0780000)
  from space 210944K, 0% used [0x00000007a2500000,0x00000007a2500000,0x00000007af300000)
  to   space 248832K, 0% used [0x00000007afa80000,0x00000007afa80000,0x00000007bed80000)
 ParOldGen       total 2796544K, used 2796133K [0x00000006c0000000, 0x000000076ab00000, 0x000000076ab00000)
  object space 2796544K, 99% used [0x00000006c0000000,0x000000076aa997e8,0x000000076ab00000)
 Metaspace       used 222873K, capacity 228174K, committed 228608K, reserved 1247232K
  class space    used 29890K, capacity 31437K, committed 31488K, reserved 1048576K
GC Heap History (10 events):
Event: 11603.432 GC heap after
Heap after GC invocations=104 (full 13):
 PSYoungGen      total 1092096K, used 113562K [0x000000076ab00000, 0x00000007bed80000, 0x00000007c0000000)
  eden space 881152K, 12% used [0x000000076ab00000,0x00000007719e6b40,0x00000007a0780000)
  from space 210944K, 0% used [0x00000007a2500000,0x00000007a2500000,0x00000007af300000)
  to   space 248832K, 0% used [0x00000007afa80000,0x00000007afa80000,0x00000007bed80000)
 ParOldGen       total 2796544K, used 2796456K [0x00000006c0000000, 0x000000076ab00000, 0x000000076ab00000)
  object space 2796544K, 99% used [0x00000006c0000000,0x000000076aaea3d8,0x000000076ab00000)
 Metaspace       used 212835K, capacity 218090K, committed 218496K, reserved 1236992K
  class space    used 28514K, capacity 30003K, committed 30080K, reserved 1048576K
}
Event: 11995.288 GC heap before
{Heap before GC invocations=105 (full 14):
 PSYoungGen      total 1092096K, used 881152K [0x000000076ab00000, 0x00000007bed80000, 0x00000007c0000000)
  eden space 881152K, 100% used [0x000000076ab00000,0x00000007a0780000,0x00000007a0780000)
  from space 210944K, 0% used [0x00000007a2500000,0x00000007a2500000,0x00000007af300000)
  to   space 248832K, 0% used [0x00000007afa80000,0x00000007afa80000,0x00000007bed80000)
 ParOldGen       total 2796544K, used 2796456K [0x00000006c0000000, 0x000000076ab00000, 0x000000076ab00000)
  object space 2796544K, 99% used [0x00000006c0000000,0x000000076aaea3d8,0x000000076ab00000)
 Metaspace       used 217293K, capacity 222618K, committed 222976K, reserved 1241088K
  class space    used 29130K, capacity 30629K, committed 30720K, reserved 1048576K
Event: 11997.233 GC heap after
Heap after GC invocations=105 (full 14):
 PSYoungGen      total 1092096K, used 158648K [0x000000076ab00000, 0x00000007bed80000, 0x00000007c0000000)
  eden space 881152K, 18% used [0x000000076ab00000,0x00000007745ee028,0x00000007a0780000)
  from space 210944K, 0% used [0x00000007a2500000,0x00000007a2500000,0x00000007af300000)
  to   space 248832K, 0% used [0x00000007afa80000,0x00000007afa80000,0x00000007bed80000)
 ParOldGen       total 2796544K, used 2796387K [0x00000006c0000000, 0x000000076ab00000, 0x000000076ab00000)
  object space 2796544K, 99% used [0x00000006c0000000,0x000000076aad8ef8,0x000000076ab00000)
 Metaspace       used 217293K, capacity 222618K, committed 222976K, reserved 1241088K
  class space    used 29130K, capacity 30629K, committed 30720K, reserved 1048576K
}
Event: 11999.159 GC heap before
{Heap before GC invocations=106 (full 15):
 PSYoungGen      total 1092096K, used 876152K [0x000000076ab00000, 0x00000007bed80000, 0x00000007c0000000)
  eden space 881152K, 99% used [0x000000076ab00000,0x00000007a029e080,0x00000007a0780000)
  from space 210944K, 0% used [0x00000007a2500000,0x00000007a2500000,0x00000007af300000)
  to   space 248832K, 0% used [0x00000007afa80000,0x00000007afa80000,0x00000007bed80000)
 ParOldGen       total 2796544K, used 2796387K [0x00000006c0000000, 0x000000076ab00000, 0x000000076ab00000)
  object space 2796544K, 99% used [0x00000006c0000000,0x000000076aad8ef8,0x000000076ab00000)
 Metaspace       used 217846K, capacity 223174K, committed 223616K, reserved 1243136K
  class space    used 29206K, capacity 30727K, committed 30848K, reserved 1048576K
Event: 12001.159 GC heap after
Heap after GC invocations=106 (full 15):
 PSYoungGen      total 1092096K, used 210876K [0x000000076ab00000, 0x00000007bed80000, 0x00000007c0000000)
  eden space 881152K, 23% used [0x000000076ab00000,0x00000007778ef220,0x00000007a0780000)
  from space 210944K, 0% used [0x00000007a2500000,0x00000007a2500000,0x00000007af300000)
  to   space 248832K, 0% used [0x00000007afa80000,0x00000007afa80000,0x00000007bed80000)
 ParOldGen       total 2796544K, used 2796519K [0x00000006c0000000, 0x000000076ab00000, 0x000000076ab00000)
  object space 2796544K, 99% used [0x00000006c0000000,0x000000076aaf9d80,0x000000076ab00000)
 Metaspace       used 217723K, capacity 222976K, committed 223616K, reserved 1243136K
  class space    used 29187K, capacity 30694K, committed 30848K, reserved 1048576K
}
Event: 12017.544 GC heap before
{Heap before GC invocations=107 (full 16):
 PSYoungGen      total 1092096K, used 879363K [0x000000076ab00000, 0x00000007bed80000, 0x00000007c0000000)
  eden space 881152K, 99% used [0x000000076ab00000,0x00000007a05c0c68,0x00000007a0780000)
  from space 210944K, 0% used [0x00000007a2500000,0x00000007a2500000,0x00000007af300000)
  to   space 248832K, 0% used [0x00000007afa80000,0x00000007afa80000,0x00000007bed80000)
 ParOldGen       total 2796544K, used 2796519K [0x00000006c0000000, 0x000000076ab00000, 0x000000076ab00000)
  object space 2796544K, 99% used [0x00000006c0000000,0x000000076aaf9d80,0x000000076ab00000)
 Metaspace       used 217874K, capacity 223186K, committed 223616K, reserved 1243136K
  class space    used 29203K, capacity 30719K, committed 30848K, reserved 1048576K
Event: 12020.799 GC heap after
Heap after GC invocations=107 (full 16):
 PSYoungGen      total 1092096K, used 209446K [0x000000076ab00000, 0x00000007bed80000, 0x00000007c0000000)
  eden space 881152K, 23% used [0x000000076ab00000,0x0000000777789a40,0x00000007a0780000)
  from space 210944K, 0% used [0x00000007a2500000,0x00000007a2500000,0x00000007af300000)
  to   space 248832K, 0% used [0x00000007afa80000,0x00000007afa80000,0x00000007bed80000)
 ParOldGen       total 2796544K, used 2796176K [0x00000006c0000000, 0x000000076ab00000, 0x000000076ab00000)
  object space 2796544K, 99% used [0x00000006c0000000,0x000000076aaa4368,0x000000076ab00000)
 Metaspace       used 217836K, capacity 223090K, committed 223616K, reserved 1243136K
  class space    used 29198K, capacity 30713K, committed 30848K, reserved 1048576K
}
Event: 12022.244 GC heap before
{Heap before GC invocations=108 (full 17):
 PSYoungGen      total 1092096K, used 881152K [0x000000076ab00000, 0x00000007bed80000, 0x00000007c0000000)
  eden space 881152K, 100% used [0x000000076ab00000,0x00000007a0780000,0x00000007a0780000)
  from space 210944K, 0% used [0x00000007a2500000,0x00000007a2500000,0x00000007af300000)
  to   space 248832K, 0% used [0x00000007afa80000,0x00000007afa80000,0x00000007bed80000)
 ParOldGen       total 2796544K, used 2796176K [0x00000006c0000000, 0x000000076ab00000, 0x000000076ab00000)
  object space 2796544K, 99% used [0x00000006c0000000,0x000000076aaa4368,0x000000076ab00000)
 Metaspace       used 222853K, capacity 228174K, committed 228608K, reserved 1247232K
  class space    used 29890K, capacity 31437K, committed 31488K, reserved 1048576K
Event: 12025.521 GC heap after
Heap after GC invocations=108 (full 17):
 PSYoungGen      total 1092096K, used 312410K [0x000000076ab00000, 0x00000007bed80000, 0x00000007c0000000)
  eden space 881152K, 35% used [0x000000076ab00000,0x000000077dc16b90,0x00000007a0780000)
  from space 210944K, 0% used [0x00000007a2500000,0x00000007a2500000,0x00000007af300000)
  to   space 248832K, 0% used [0x00000007afa80000,0x00000007afa80000,0x00000007bed80000)
 ParOldGen       total 2796544K, used 2796133K [0x00000006c0000000, 0x000000076ab00000, 0x000000076ab00000)
  object space 2796544K, 99% used [0x00000006c0000000,0x000000076aa997e8,0x000000076ab00000)
 Metaspace       used 222853K, capacity 228174K, committed 228608K, reserved 1247232K
  class space    used 29890K, capacity 31437K, committed 31488K, reserved 1048576K
}
Event: 12035.804 GC heap before
{Heap before GC invocations=109 (full 18):
 PSYoungGen      total 1092096K, used 881068K [0x000000076ab00000, 0x00000007bed80000, 0x00000007c0000000)
  eden space 881152K, 99% used [0x000000076ab00000,0x00000007a076b030,0x00000007a0780000)
  from space 210944K, 0% used [0x00000007a2500000,0x00000007a2500000,0x00000007af300000)
  to   space 248832K, 0% used [0x00000007afa80000,0x00000007afa80000,0x00000007bed80000)
 ParOldGen       total 2796544K, used 2796133K [0x00000006c0000000, 0x000000076ab00000, 0x000000076ab00000)
  object space 2796544K, 99% used [0x00000006c0000000,0x000000076aa997e8,0x000000076ab00000)
 Metaspace       used 222873K, capacity 228174K, committed 228608K, reserved 1247232K
  class space    used 29890K, capacity 31437K, committed 31488K, reserved 1048576K

