# JRE version: Java(TM) SE Runtime Environment (8.0_231-b11) (build 1.8.0_231-b11)
# Java VM: Java HotSpot(TM) 64-Bit Server VM (25.231-b11 mixed mode windows-amd64 compressed oops)
Heap:
 PSYoungGen      total 945664K, used 226585K [0x000000076ab00000, 0x00000007c0000000, 0x00000007c0000000)
  eden space 493568K, 0% used [0x000000076ab00000,0x000000076ab00000,0x0000000788d00000)
  from space 452096K, 50% used [0x0000000788d00000,0x0000000796a465a8,0x00000007a4680000)
  to   space 442880K, 0% used [0x00000007a4f80000,0x00000007a4f80000,0x00000007c0000000)
 ParOldGen       total 547328K, used 547147K [0x00000006c0000000, 0x00000006e1680000, 0x000000076ab00000)
  object space 547328K, 99% used [0x00000006c0000000,0x00000006e1652e20,0x00000006e1680000)
 Metaspace       used 84669K, capacity 86706K, committed 86912K, reserved 1124352K
  class space    used 11090K, capacity 11538K, committed 11648K, reserved 1048576K
GC Heap History (10 events):
Event: 1958.830 GC heap after
Heap after GC invocations=45 (full 4):
 PSYoungGen      total 1099264K, used 256895K [0x000000076ab00000, 0x00000007c0000000, 0x00000007c0000000)
  eden space 842240K, 0% used [0x000000076ab00000,0x000000076ab00000,0x000000079e180000)
  from space 257024K, 99% used [0x000000079e180000,0x00000007adc5ffa8,0x00000007adc80000)
  to   space 298496K, 0% used [0x00000007adc80000,0x00000007adc80000,0x00000007c0000000)
 ParOldGen       total 538624K, used 406009K [0x00000006c0000000, 0x00000006e0e00000, 0x000000076ab00000)
  object space 538624K, 75% used [0x00000006c0000000,0x00000006d8c7e6d8,0x00000006e0e00000)
 Metaspace       used 79416K, capacity 81350K, committed 81536K, reserved 1120256K
  class space    used 10389K, capacity 10812K, committed 10880K, reserved 1048576K
}
Event: 1968.740 GC heap before
{Heap before GC invocations=46 (full 4):
 PSYoungGen      total 1099264K, used 1072781K [0x000000076ab00000, 0x00000007c0000000, 0x00000007c0000000)
  eden space 842240K, 96% used [0x000000076ab00000,0x000000079c7c3528,0x000000079e180000)
  from space 257024K, 99% used [0x000000079e180000,0x00000007adc5ffa8,0x00000007adc80000)
  to   space 298496K, 0% used [0x00000007adc80000,0x00000007adc80000,0x00000007c0000000)
 ParOldGen       total 538624K, used 406009K [0x00000006c0000000, 0x00000006e0e00000, 0x000000076ab00000)
  object space 538624K, 75% used [0x00000006c0000000,0x00000006d8c7e6d8,0x00000006e0e00000)
 Metaspace       used 79430K, capacity 81414K, committed 81536K, reserved 1120256K
  class space    used 10389K, capacity 10812K, committed 10880K, reserved 1048576K
Event: 1968.847 GC heap after
Heap after GC invocations=46 (full 4):
 PSYoungGen      total 933376K, used 298478K [0x000000076ab00000, 0x00000007c0000000, 0x00000007c0000000)
  eden space 634880K, 0% used [0x000000076ab00000,0x000000076ab00000,0x0000000791700000)
  from space 298496K, 99% used [0x00000007adc80000,0x00000007bfffba78,0x00000007c0000000)
  to   space 381440K, 0% used [0x0000000791700000,0x0000000791700000,0x00000007a8b80000)
 ParOldGen       total 538624K, used 457817K [0x00000006c0000000, 0x00000006e0e00000, 0x000000076ab00000)
  object space 538624K, 84% used [0x00000006c0000000,0x00000006dbf16520,0x00000006e0e00000)
 Metaspace       used 79430K, capacity 81414K, committed 81536K, reserved 1120256K
  class space    used 10389K, capacity 10812K, committed 10880K, reserved 1048576K
}
Event: 1970.434 GC heap before
{Heap before GC invocations=47 (full 4):
 PSYoungGen      total 933376K, used 933358K [0x000000076ab00000, 0x00000007c0000000, 0x00000007c0000000)
  eden space 634880K, 100% used [0x000000076ab00000,0x0000000791700000,0x0000000791700000)
  from space 298496K, 99% used [0x00000007adc80000,0x00000007bfffba78,0x00000007c0000000)
  to   space 381440K, 0% used [0x0000000791700000,0x0000000791700000,0x00000007a8b80000)
 ParOldGen       total 538624K, used 457817K [0x00000006c0000000, 0x00000006e0e00000, 0x000000076ab00000)
  object space 538624K, 84% used [0x00000006c0000000,0x00000006dbf16520,0x00000006e0e00000)
 Metaspace       used 84559K, capacity 86690K, committed 86912K, reserved 1124352K
  class space    used 11088K, capacity 11536K, committed 11648K, reserved 1048576K
Event: 1970.584 GC heap after
Heap after GC invocations=47 (full 4):
 PSYoungGen      total 934400K, used 299318K [0x000000076ab00000, 0x00000007c0000000, 0x00000007c0000000)
  eden space 634880K, 0% used [0x000000076ab00000,0x000000076ab00000,0x0000000791700000)
  from space 299520K, 99% used [0x0000000791700000,0x00000007a3b4d980,0x00000007a3b80000)
  to   space 415232K, 0% used [0x00000007a6a80000,0x00000007a6a80000,0x00000007c0000000)
 ParOldGen       total 538624K, used 457849K [0x00000006c0000000, 0x00000006e0e00000, 0x000000076ab00000)
  object space 538624K, 85% used [0x00000006c0000000,0x00000006dbf1e520,0x00000006e0e00000)
 Metaspace       used 84559K, capacity 86690K, committed 86912K, reserved 1124352K
  class space    used 11088K, capacity 11536K, committed 11648K, reserved 1048576K
}
Event: 1974.194 GC heap before
{Heap before GC invocations=48 (full 4):
 PSYoungGen      total 934400K, used 933849K [0x000000076ab00000, 0x00000007c0000000, 0x00000007c0000000)
  eden space 634880K, 99% used [0x000000076ab00000,0x00000007916a8ba0,0x0000000791700000)
  from space 299520K, 99% used [0x0000000791700000,0x00000007a3b4d980,0x00000007a3b80000)
  to   space 415232K, 0% used [0x00000007a6a80000,0x00000007a6a80000,0x00000007c0000000)
 ParOldGen       total 538624K, used 457849K [0x00000006c0000000, 0x00000006e0e00000, 0x000000076ab00000)
  object space 538624K, 85% used [0x00000006c0000000,0x00000006dbf1e520,0x00000006e0e00000)
 Metaspace       used 84642K, capacity 86700K, committed 86912K, reserved 1124352K
  class space    used 11089K, capacity 11537K, committed 11648K, reserved 1048576K
Event: 1974.349 GC heap after
Heap after GC invocations=48 (full 4):
 PSYoungGen      total 908800K, used 327204K [0x000000076ab00000, 0x00000007c0000000, 0x00000007c0000000)
  eden space 493568K, 0% used [0x000000076ab00000,0x000000076ab00000,0x0000000788d00000)
  from space 415232K, 78% used [0x00000007a6a80000,0x00000007baa09328,0x00000007c0000000)
  to   space 452096K, 0% used [0x0000000788d00000,0x0000000788d00000,0x00000007a4680000)
 ParOldGen       total 538624K, used 457889K [0x00000006c0000000, 0x00000006e0e00000, 0x000000076ab00000)
  object space 538624K, 85% used [0x00000006c0000000,0x00000006dbf28520,0x00000006e0e00000)
 Metaspace       used 84642K, capacity 86700K, committed 86912K, reserved 1124352K
  class space    used 11089K, capacity 11537K, committed 11648K, reserved 1048576K
}
Event: 1975.243 GC heap before
{Heap before GC invocations=49 (full 4):
 PSYoungGen      total 908800K, used 818195K [0x000000076ab00000, 0x00000007c0000000, 0x00000007c0000000)
  eden space 493568K, 99% used [0x000000076ab00000,0x0000000788a7ba78,0x0000000788d00000)
  from space 415232K, 78% used [0x00000007a6a80000,0x00000007baa09328,0x00000007c0000000)
  to   space 452096K, 0% used [0x0000000788d00000,0x0000000788d00000,0x00000007a4680000)
 ParOldGen       total 538624K, used 457889K [0x00000006c0000000, 0x00000006e0e00000, 0x000000076ab00000)
  object space 538624K, 85% used [0x00000006c0000000,0x00000006dbf28520,0x00000006e0e00000)
 Metaspace       used 84669K, capacity 86706K, committed 86912K, reserved 1124352K
  class space    used 11090K, capacity 11538K, committed 11648K, reserved 1048576K
Event: 1975.397 GC heap after
Heap after GC invocations=49 (full 4):
 PSYoungGen      total 945664K, used 226585K [0x000000076ab00000, 0x00000007c0000000, 0x00000007c0000000)
  eden space 493568K, 0% used [0x000000076ab00000,0x000000076ab00000,0x0000000788d00000)
  from space 452096K, 50% used [0x0000000788d00000,0x0000000796a465a8,0x00000007a4680000)
  to   space 442880K, 0% used [0x00000007a4f80000,0x00000007a4f80000,0x00000007c0000000)
 ParOldGen       total 547328K, used 547147K [0x00000006c0000000, 0x00000006e1680000, 0x000000076ab00000)
  object space 547328K, 99% used [0x00000006c0000000,0x00000006e1652e20,0x00000006e1680000)
 Metaspace       used 84669K, capacity 86706K, committed 86912K, reserved 1124352K
  class space    used 11090K, capacity 11538K, committed 11648K, reserved 1048576K
}
Event: 1975.397 GC heap before
{Heap before GC invocations=50 (full 5):
 PSYoungGen      total 945664K, used 226585K [0x000000076ab00000, 0x00000007c0000000, 0x00000007c0000000)
  eden space 493568K, 0% used [0x000000076ab00000,0x000000076ab00000,0x0000000788d00000)
  from space 452096K, 50% used [0x0000000788d00000,0x0000000796a465a8,0x00000007a4680000)
  to   space 442880K, 0% used [0x00000007a4f80000,0x00000007a4f80000,0x00000007c0000000)
 ParOldGen       total 547328K, used 547147K [0x00000006c0000000, 0x00000006e1680000, 0x000000076ab00000)
  object space 547328K, 99% used [0x00000006c0000000,0x00000006e1652e20,0x00000006e1680000)
 Metaspace       used 84669K, capacity 86706K, committed 86912K, reserved 1124352K
  class space    used 11090K, capacity 11538K, committed 11648K, reserved 1048576K

