# JRE version: Java(TM) SE Runtime Environment (8.0_231-b11) (build 1.8.0_231-b11)
# Java VM: Java HotSpot(TM) 64-Bit Server VM (25.231-b11 mixed mode windows-amd64 compressed oops)
Heap:
 PSYoungGen      total 1149952K, used 972288K [0x000000076ab00000, 0x00000007bed80000, 0x00000007c0000000)
  eden space 972288K, 100% used [0x000000076ab00000,0x00000007a6080000,0x00000007a6080000)
  from space 177664K, 0% used [0x00000007b4000000,0x00000007b4000000,0x00000007bed80000)
  to   space 203264K, 0% used [0x00000007a6080000,0x00000007a6080000,0x00000007b2700000)
 ParOldGen       total 2796544K, used 2796397K [0x00000006c0000000, 0x000000076ab00000, 0x000000076ab00000)
  object space 2796544K, 99% used [0x00000006c0000000,0x000000076aadb460,0x000000076ab00000)
 Metaspace       used 215584K, capacity 220294K, committed 221440K, reserved 1241088K
  class space    used 28906K, capacity 30293K, committed 30464K, reserved 1048576K
GC Heap History (10 events):
Event: 19678.165 GC heap after
Heap after GC invocations=92 (full 14):
 PSYoungGen      total 1149952K, used 86965K [0x000000076ab00000, 0x00000007bed80000, 0x00000007c0000000)
  eden space 972288K, 8% used [0x000000076ab00000,0x000000076ffed700,0x00000007a6080000)
  from space 177664K, 0% used [0x00000007b4000000,0x00000007b4000000,0x00000007bed80000)
  to   space 203264K, 0% used [0x00000007a6080000,0x00000007a6080000,0x00000007b2700000)
 ParOldGen       total 2796544K, used 2796036K [0x00000006c0000000, 0x000000076ab00000, 0x000000076ab00000)
  object space 2796544K, 99% used [0x00000006c0000000,0x000000076aa813f0,0x000000076ab00000)
 Metaspace       used 208565K, capacity 213036K, committed 214400K, reserved 1234944K
  class space    used 27945K, capacity 29278K, committed 29568K, reserved 1048576K
}
Event: 19683.726 GC heap before
{Heap before GC invocations=93 (full 15):
 PSYoungGen      total 1149952K, used 967381K [0x000000076ab00000, 0x00000007bed80000, 0x00000007c0000000)
  eden space 972288K, 99% used [0x000000076ab00000,0x00000007a5bb5608,0x00000007a6080000)
  from space 177664K, 0% used [0x00000007b4000000,0x00000007b4000000,0x00000007bed80000)
  to   space 203264K, 0% used [0x00000007a6080000,0x00000007a6080000,0x00000007b2700000)
 ParOldGen       total 2796544K, used 2796036K [0x00000006c0000000, 0x000000076ab00000, 0x000000076ab00000)
  object space 2796544K, 99% used [0x00000006c0000000,0x000000076aa813f0,0x000000076ab00000)
 Metaspace       used 208579K, capacity 213048K, committed 214400K, reserved 1234944K
  class space    used 27946K, capacity 29280K, committed 29568K, reserved 1048576K
Event: 19685.059 GC heap after
Heap after GC invocations=93 (full 15):
 PSYoungGen      total 1149952K, used 62463K [0x000000076ab00000, 0x00000007bed80000, 0x00000007c0000000)
  eden space 972288K, 6% used [0x000000076ab00000,0x000000076e7ffcf0,0x00000007a6080000)
  from space 177664K, 0% used [0x00000007b4000000,0x00000007b4000000,0x00000007bed80000)
  to   space 203264K, 0% used [0x00000007a6080000,0x00000007a6080000,0x00000007b2700000)
 ParOldGen       total 2796544K, used 2796532K [0x00000006c0000000, 0x000000076ab00000, 0x000000076ab00000)
  object space 2796544K, 99% used [0x00000006c0000000,0x000000076aafd2d8,0x000000076ab00000)
 Metaspace       used 208579K, capacity 213048K, committed 214400K, reserved 1234944K
  class space    used 27946K, capacity 29280K, committed 29568K, reserved 1048576K
}
Event: 19937.577 GC heap before
{Heap before GC invocations=94 (full 16):
 PSYoungGen      total 1149952K, used 972288K [0x000000076ab00000, 0x00000007bed80000, 0x00000007c0000000)
  eden space 972288K, 100% used [0x000000076ab00000,0x00000007a6080000,0x00000007a6080000)
  from space 177664K, 0% used [0x00000007b4000000,0x00000007b4000000,0x00000007bed80000)
  to   space 203264K, 0% used [0x00000007a6080000,0x00000007a6080000,0x00000007b2700000)
 ParOldGen       total 2796544K, used 2796532K [0x00000006c0000000, 0x000000076ab00000, 0x000000076ab00000)
  object space 2796544K, 99% used [0x00000006c0000000,0x000000076aafd2d8,0x000000076ab00000)
 Metaspace       used 213104K, capacity 217648K, committed 218880K, reserved 1239040K
  class space    used 28573K, capacity 29918K, committed 30208K, reserved 1048576K
Event: 19940.289 GC heap after
Heap after GC invocations=94 (full 16):
 PSYoungGen      total 1149952K, used 121162K [0x000000076ab00000, 0x00000007bed80000, 0x00000007c0000000)
  eden space 972288K, 12% used [0x000000076ab00000,0x0000000772152960,0x00000007a6080000)
  from space 177664K, 0% used [0x00000007b4000000,0x00000007b4000000,0x00000007bed80000)
  to   space 203264K, 0% used [0x00000007a6080000,0x00000007a6080000,0x00000007b2700000)
 ParOldGen       total 2796544K, used 2796467K [0x00000006c0000000, 0x000000076ab00000, 0x000000076ab00000)
  object space 2796544K, 99% used [0x00000006c0000000,0x000000076aaeccf8,0x000000076ab00000)
 Metaspace       used 213104K, capacity 217648K, committed 218880K, reserved 1239040K
  class space    used 28573K, capacity 29918K, committed 30208K, reserved 1048576K
}
Event: 19946.519 GC heap before
{Heap before GC invocations=95 (full 17):
 PSYoungGen      total 1149952K, used 972288K [0x000000076ab00000, 0x00000007bed80000, 0x00000007c0000000)
  eden space 972288K, 100% used [0x000000076ab00000,0x00000007a6080000,0x00000007a6080000)
  from space 177664K, 0% used [0x00000007b4000000,0x00000007b4000000,0x00000007bed80000)
  to   space 203264K, 0% used [0x00000007a6080000,0x00000007a6080000,0x00000007b2700000)
 ParOldGen       total 2796544K, used 2796467K [0x00000006c0000000, 0x000000076ab00000, 0x000000076ab00000)
  object space 2796544K, 99% used [0x00000006c0000000,0x000000076aaeccf8,0x000000076ab00000)
 Metaspace       used 213666K, capacity 218296K, committed 219392K, reserved 1239040K
  class space    used 28647K, capacity 30020K, committed 30208K, reserved 1048576K
Event: 19947.942 GC heap after
Heap after GC invocations=95 (full 17):
 PSYoungGen      total 1149952K, used 162154K [0x000000076ab00000, 0x00000007bed80000, 0x00000007c0000000)
  eden space 972288K, 16% used [0x000000076ab00000,0x000000077495a860,0x00000007a6080000)
  from space 177664K, 0% used [0x00000007b4000000,0x00000007b4000000,0x00000007bed80000)
  to   space 203264K, 0% used [0x00000007a6080000,0x00000007a6080000,0x00000007b2700000)
 ParOldGen       total 2796544K, used 2796397K [0x00000006c0000000, 0x000000076ab00000, 0x000000076ab00000)
  object space 2796544K, 99% used [0x00000006c0000000,0x000000076aadb608,0x000000076ab00000)
 Metaspace       used 213666K, capacity 218296K, committed 219392K, reserved 1239040K
  class space    used 28647K, capacity 30020K, committed 30208K, reserved 1048576K
}
Event: 19949.741 GC heap before
{Heap before GC invocations=96 (full 18):
 PSYoungGen      total 1149952K, used 970895K [0x000000076ab00000, 0x00000007bed80000, 0x00000007c0000000)
  eden space 972288K, 99% used [0x000000076ab00000,0x00000007a5f23c80,0x00000007a6080000)
  from space 177664K, 0% used [0x00000007b4000000,0x00000007b4000000,0x00000007bed80000)
  to   space 203264K, 0% used [0x00000007a6080000,0x00000007a6080000,0x00000007b2700000)
 ParOldGen       total 2796544K, used 2796397K [0x00000006c0000000, 0x000000076ab00000, 0x000000076ab00000)
  object space 2796544K, 99% used [0x00000006c0000000,0x000000076aadb608,0x000000076ab00000)
 Metaspace       used 213670K, capacity 218296K, committed 219392K, reserved 1239040K
  class space    used 28647K, capacity 30020K, committed 30208K, reserved 1048576K
Event: 19952.474 GC heap after
Heap after GC invocations=96 (full 18):
 PSYoungGen      total 1149952K, used 157370K [0x000000076ab00000, 0x00000007bed80000, 0x00000007c0000000)
  eden space 972288K, 16% used [0x000000076ab00000,0x00000007744ae828,0x00000007a6080000)
  from space 177664K, 0% used [0x00000007b4000000,0x00000007b4000000,0x00000007bed80000)
  to   space 203264K, 0% used [0x00000007a6080000,0x00000007a6080000,0x00000007b2700000)
 ParOldGen       total 2796544K, used 2796397K [0x00000006c0000000, 0x000000076ab00000, 0x000000076ab00000)
  object space 2796544K, 99% used [0x00000006c0000000,0x000000076aadb460,0x000000076ab00000)
 Metaspace       used 213670K, capacity 218296K, committed 219392K, reserved 1239040K
  class space    used 28647K, capacity 30020K, committed 30208K, reserved 1048576K
}
Event: 28505.954 GC heap before
{Heap before GC invocations=97 (full 19):
 PSYoungGen      total 1149952K, used 972288K [0x000000076ab00000, 0x00000007bed80000, 0x00000007c0000000)
  eden space 972288K, 100% used [0x000000076ab00000,0x00000007a6080000,0x00000007a6080000)
  from space 177664K, 0% used [0x00000007b4000000,0x00000007b4000000,0x00000007bed80000)
  to   space 203264K, 0% used [0x00000007a6080000,0x00000007a6080000,0x00000007b2700000)
 ParOldGen       total 2796544K, used 2796397K [0x00000006c0000000, 0x000000076ab00000, 0x000000076ab00000)
  object space 2796544K, 99% used [0x00000006c0000000,0x000000076aadb460,0x000000076ab00000)
 Metaspace       used 215584K, capacity 220294K, committed 221440K, reserved 1241088K
  class space    used 28906K, capacity 30293K, committed 30464K, reserved 1048576K

