# JRE version: Java(TM) SE Runtime Environment (8.0_231-b11) (build 1.8.0_231-b11)
# Java VM: Java HotSpot(TM) 64-Bit Server VM (25.231-b11 mixed mode windows-amd64 compressed oops)
Heap:
 PSYoungGen      total 790016K, used 782932K [0x0000000780000000, 0x00000007c0000000, 0x00000007c0000000)
  eden space 628736K, 98% used [0x0000000780000000,0x00000007a5f216e8,0x00000007a6600000)
  from space 161280K, 99% used [0x00000007a6600000,0x00000007b0373c08,0x00000007b0380000)
  to   space 226304K, 50% used [0x00000007b2300000,0x00000007b927e238,0x00000007c0000000)
 ParOldGen       total 554496K, used 252481K [0x0000000700000000, 0x0000000721d80000, 0x0000000780000000)
  object space 554496K, 45% used [0x0000000700000000,0x000000070f690498,0x0000000721d80000)
 Metaspace       used 94661K, capacity 96812K, committed 96896K, reserved 1132544K
  class space    used 12469K, capacity 12884K, committed 12928K, reserved 1048576K
GC Heap History (10 events):
Event: 2770.706 GC heap after
Heap after GC invocations=33 (full 4):
 PSYoungGen      total 881152K, used 105121K [0x0000000780000000, 0x00000007c0000000, 0x00000007c0000000)
  eden space 738816K, 0% used [0x0000000780000000,0x0000000780000000,0x00000007ad180000)
  from space 142336K, 73% used [0x00000007ad180000,0x00000007b38284d0,0x00000007b5c80000)
  to   space 152576K, 0% used [0x00000007b6b00000,0x00000007b6b00000,0x00000007c0000000)
 ParOldGen       total 554496K, used 235695K [0x0000000700000000, 0x0000000721d80000, 0x0000000780000000)
  object space 554496K, 42% used [0x0000000700000000,0x000000070e62be88,0x0000000721d80000)
 Metaspace       used 86002K, capacity 87986K, committed 88064K, reserved 1126400K
  class space    used 11336K, capacity 11747K, committed 11776K, reserved 1048576K
}
Event: 2777.330 GC heap before
{Heap before GC invocations=34 (full 4):
 PSYoungGen      total 881152K, used 835230K [0x0000000780000000, 0x00000007c0000000, 0x00000007c0000000)
  eden space 738816K, 98% used [0x0000000780000000,0x00000007ac8ff498,0x00000007ad180000)
  from space 142336K, 73% used [0x00000007ad180000,0x00000007b38284d0,0x00000007b5c80000)
  to   space 152576K, 0% used [0x00000007b6b00000,0x00000007b6b00000,0x00000007c0000000)
 ParOldGen       total 554496K, used 235695K [0x0000000700000000, 0x0000000721d80000, 0x0000000780000000)
  object space 554496K, 42% used [0x0000000700000000,0x000000070e62be88,0x0000000721d80000)
 Metaspace       used 90132K, capacity 92132K, committed 92288K, reserved 1128448K
  class space    used 11888K, capacity 12308K, committed 12416K, reserved 1048576K
Event: 2777.393 GC heap after
Heap after GC invocations=34 (full 4):
 PSYoungGen      total 833536K, used 152567K [0x0000000780000000, 0x00000007c0000000, 0x00000007c0000000)
  eden space 680960K, 0% used [0x0000000780000000,0x0000000780000000,0x00000007a9900000)
  from space 152576K, 99% used [0x00000007b6b00000,0x00000007bfffdc90,0x00000007c0000000)
  to   space 183808K, 0% used [0x00000007a9900000,0x00000007a9900000,0x00000007b4c80000)
 ParOldGen       total 554496K, used 252473K [0x0000000700000000, 0x0000000721d80000, 0x0000000780000000)
  object space 554496K, 45% used [0x0000000700000000,0x000000070f68e498,0x0000000721d80000)
 Metaspace       used 90132K, capacity 92132K, committed 92288K, reserved 1128448K
  class space    used 11888K, capacity 12308K, committed 12416K, reserved 1048576K
}
Event: 2780.000 GC heap before
{Heap before GC invocations=35 (full 4):
 PSYoungGen      total 833536K, used 832012K [0x0000000780000000, 0x00000007c0000000, 0x00000007c0000000)
  eden space 680960K, 99% used [0x0000000780000000,0x00000007a97854d8,0x00000007a9900000)
  from space 152576K, 99% used [0x00000007b6b00000,0x00000007bfffdc90,0x00000007c0000000)
  to   space 183808K, 0% used [0x00000007a9900000,0x00000007a9900000,0x00000007b4c80000)
 ParOldGen       total 554496K, used 252473K [0x0000000700000000, 0x0000000721d80000, 0x0000000780000000)
  object space 554496K, 45% used [0x0000000700000000,0x000000070f68e498,0x0000000721d80000)
 Metaspace       used 90186K, capacity 92208K, committed 92544K, reserved 1130496K
  class space    used 11889K, capacity 12310K, committed 12416K, reserved 1048576K
Event: 2780.038 GC heap after
Heap after GC invocations=35 (full 4):
 PSYoungGen      total 807936K, used 126863K [0x0000000780000000, 0x00000007c0000000, 0x00000007c0000000)
  eden space 680960K, 0% used [0x0000000780000000,0x0000000780000000,0x00000007a9900000)
  from space 126976K, 99% used [0x00000007a9900000,0x00000007b14e3d38,0x00000007b1500000)
  to   space 193024K, 0% used [0x00000007b4380000,0x00000007b4380000,0x00000007c0000000)
 ParOldGen       total 554496K, used 252473K [0x0000000700000000, 0x0000000721d80000, 0x0000000780000000)
  object space 554496K, 45% used [0x0000000700000000,0x000000070f68e498,0x0000000721d80000)
 Metaspace       used 90186K, capacity 92208K, committed 92544K, reserved 1130496K
  class space    used 11889K, capacity 12310K, committed 12416K, reserved 1048576K
}
Event: 11685.864 GC heap before
{Heap before GC invocations=36 (full 4):
 PSYoungGen      total 807936K, used 797913K [0x0000000780000000, 0x00000007c0000000, 0x00000007c0000000)
  eden space 680960K, 98% used [0x0000000780000000,0x00000007a8f52918,0x00000007a9900000)
  from space 126976K, 99% used [0x00000007a9900000,0x00000007b14e3d38,0x00000007b1500000)
  to   space 193024K, 0% used [0x00000007b4380000,0x00000007b4380000,0x00000007c0000000)
 ParOldGen       total 554496K, used 252473K [0x0000000700000000, 0x0000000721d80000, 0x0000000780000000)
  object space 554496K, 45% used [0x0000000700000000,0x000000070f68e498,0x0000000721d80000)
 Metaspace       used 90239K, capacity 92272K, committed 92544K, reserved 1130496K
  class space    used 11889K, capacity 12310K, committed 12416K, reserved 1048576K
Event: 11685.911 GC heap after
Heap after GC invocations=36 (full 4):
 PSYoungGen      total 821760K, used 153485K [0x0000000780000000, 0x00000007c0000000, 0x00000007c0000000)
  eden space 628736K, 0% used [0x0000000780000000,0x0000000780000000,0x00000007a6600000)
  from space 193024K, 79% used [0x00000007b4380000,0x00000007bd963690,0x00000007c0000000)
  to   space 209920K, 0% used [0x00000007a6600000,0x00000007a6600000,0x00000007b3300000)
 ParOldGen       total 554496K, used 252473K [0x0000000700000000, 0x0000000721d80000, 0x0000000780000000)
  object space 554496K, 45% used [0x0000000700000000,0x000000070f68e498,0x0000000721d80000)
 Metaspace       used 90239K, capacity 92272K, committed 92544K, reserved 1130496K
  class space    used 11889K, capacity 12310K, committed 12416K, reserved 1048576K
}
Event: 11749.391 GC heap before
{Heap before GC invocations=37 (full 4):
 PSYoungGen      total 821760K, used 782221K [0x0000000780000000, 0x00000007c0000000, 0x00000007c0000000)
  eden space 628736K, 100% used [0x0000000780000000,0x00000007a6600000,0x00000007a6600000)
  from space 193024K, 79% used [0x00000007b4380000,0x00000007bd963690,0x00000007c0000000)
  to   space 209920K, 0% used [0x00000007a6600000,0x00000007a6600000,0x00000007b3300000)
 ParOldGen       total 554496K, used 252473K [0x0000000700000000, 0x0000000721d80000, 0x0000000780000000)
  object space 554496K, 45% used [0x0000000700000000,0x000000070f68e498,0x0000000721d80000)
 Metaspace       used 90464K, capacity 92660K, committed 92800K, reserved 1130496K
  class space    used 11901K, capacity 12322K, committed 12416K, reserved 1048576K
Event: 11749.452 GC heap after
Heap after GC invocations=37 (full 4):
 PSYoungGen      total 790016K, used 161231K [0x0000000780000000, 0x00000007c0000000, 0x00000007c0000000)
  eden space 628736K, 0% used [0x0000000780000000,0x0000000780000000,0x00000007a6600000)
  from space 161280K, 99% used [0x00000007a6600000,0x00000007b0373c08,0x00000007b0380000)
  to   space 226304K, 0% used [0x00000007b2300000,0x00000007b2300000,0x00000007c0000000)
 ParOldGen       total 554496K, used 252481K [0x0000000700000000, 0x0000000721d80000, 0x0000000780000000)
  object space 554496K, 45% used [0x0000000700000000,0x000000070f690498,0x0000000721d80000)
 Metaspace       used 90464K, capacity 92660K, committed 92800K, reserved 1130496K
  class space    used 11901K, capacity 12322K, committed 12416K, reserved 1048576K
}
Event: 11758.198 GC heap before
{Heap before GC invocations=38 (full 4):
 PSYoungGen      total 790016K, used 782932K [0x0000000780000000, 0x00000007c0000000, 0x00000007c0000000)
  eden space 628736K, 98% used [0x0000000780000000,0x00000007a5f216e8,0x00000007a6600000)
  from space 161280K, 99% used [0x00000007a6600000,0x00000007b0373c08,0x00000007b0380000)
  to   space 226304K, 0% used [0x00000007b2300000,0x00000007b2300000,0x00000007c0000000)
 ParOldGen       total 554496K, used 252481K [0x0000000700000000, 0x0000000721d80000, 0x0000000780000000)
  object space 554496K, 45% used [0x0000000700000000,0x000000070f690498,0x0000000721d80000)
 Metaspace       used 94661K, capacity 96812K, committed 96896K, reserved 1132544K
  class space    used 12469K, capacity 12884K, committed 12928K, reserved 1048576K

