# JRE version: Java(TM) SE Runtime Environment (8.0_231-b11) (build 1.8.0_231-b11)
# Java VM: Java HotSpot(TM) 64-Bit Server VM (25.231-b11 mixed mode windows-amd64 compressed oops)
Heap:
 PSYoungGen      total 983040K, used 857936K [0x000000076ab00000, 0x00000007be700000, 0x00000007c0000000)
  eden space 607232K, 100% used [0x000000076ab00000,0x000000078fc00000,0x000000078fc00000)
  from space 375808K, 66% used [0x00000007a7800000,0x00000007b6cd43c0,0x00000007be700000)
  to   space 382464K, 71% used [0x000000078fc00000,0x00000007a0628540,0x00000007a7180000)
 ParOldGen       total 1149952K, used 731643K [0x00000006c0000000, 0x0000000706300000, 0x000000076ab00000)
  object space 1149952K, 63% used [0x00000006c0000000,0x00000006eca7edf0,0x0000000706300000)
 Metaspace       used 150973K, capacity 155532K, committed 156160K, reserved 1183744K
  class space    used 20143K, capacity 20830K, committed 20992K, reserved 1048576K
GC Heap History (10 events):
Event: 6715.698 GC heap after
Heap after GC invocations=75 (full 5):
 PSYoungGen      total 924672K, used 112122K [0x000000076ab00000, 0x00000007bcf80000, 0x00000007c0000000)
  eden space 537088K, 0% used [0x000000076ab00000,0x000000076ab00000,0x000000078b780000)
  from space 387584K, 28% used [0x00000007a5500000,0x00000007ac27e828,0x00000007bcf80000)
  to   space 405504K, 0% used [0x000000078b780000,0x000000078b780000,0x00000007a4380000)
 ParOldGen       total 1149952K, used 716034K [0x00000006c0000000, 0x0000000706300000, 0x000000076ab00000)
  object space 1149952K, 62% used [0x00000006c0000000,0x00000006ebb40800,0x0000000706300000)
 Metaspace       used 134674K, capacity 138896K, committed 139776K, reserved 1171456K
  class space    used 17915K, capacity 18572K, committed 18688K, reserved 1048576K
}
Event: 6717.981 GC heap before
{Heap before GC invocations=76 (full 5):
 PSYoungGen      total 924672K, used 649210K [0x000000076ab00000, 0x00000007bcf80000, 0x00000007c0000000)
  eden space 537088K, 100% used [0x000000076ab00000,0x000000078b780000,0x000000078b780000)
  from space 387584K, 28% used [0x00000007a5500000,0x00000007ac27e828,0x00000007bcf80000)
  to   space 405504K, 0% used [0x000000078b780000,0x000000078b780000,0x00000007a4380000)
 ParOldGen       total 1149952K, used 716034K [0x00000006c0000000, 0x0000000706300000, 0x000000076ab00000)
  object space 1149952K, 62% used [0x00000006c0000000,0x00000006ebb40800,0x0000000706300000)
 Metaspace       used 138726K, capacity 142982K, committed 143744K, reserved 1173504K
  class space    used 18471K, capacity 19135K, committed 19328K, reserved 1048576K
Event: 6718.099 GC heap after
Heap after GC invocations=76 (full 5):
 PSYoungGen      total 942592K, used 165267K [0x000000076ab00000, 0x00000007c0000000, 0x00000007c0000000)
  eden space 537088K, 0% used [0x000000076ab00000,0x000000076ab00000,0x000000078b780000)
  from space 405504K, 40% used [0x000000078b780000,0x00000007958e4d78,0x00000007a4380000)
  to   space 404480K, 0% used [0x00000007a7500000,0x00000007a7500000,0x00000007c0000000)
 ParOldGen       total 1149952K, used 716042K [0x00000006c0000000, 0x0000000706300000, 0x000000076ab00000)
  object space 1149952K, 62% used [0x00000006c0000000,0x00000006ebb42800,0x0000000706300000)
 Metaspace       used 138726K, capacity 142982K, committed 143744K, reserved 1173504K
  class space    used 18471K, capacity 19135K, committed 19328K, reserved 1048576K
}
Event: 6798.129 GC heap before
{Heap before GC invocations=77 (full 5):
 PSYoungGen      total 942592K, used 702355K [0x000000076ab00000, 0x00000007c0000000, 0x00000007c0000000)
  eden space 537088K, 100% used [0x000000076ab00000,0x000000078b780000,0x000000078b780000)
  from space 405504K, 40% used [0x000000078b780000,0x00000007958e4d78,0x00000007a4380000)
  to   space 404480K, 0% used [0x00000007a7500000,0x00000007a7500000,0x00000007c0000000)
 ParOldGen       total 1149952K, used 716042K [0x00000006c0000000, 0x0000000706300000, 0x000000076ab00000)
  object space 1149952K, 62% used [0x00000006c0000000,0x00000006ebb42800,0x0000000706300000)
 Metaspace       used 138804K, capacity 143066K, committed 143744K, reserved 1173504K
  class space    used 18474K, capacity 19139K, committed 19328K, reserved 1048576K
Event: 6798.212 GC heap after
Heap after GC invocations=77 (full 5):
 PSYoungGen      total 980992K, used 174467K [0x000000076ab00000, 0x00000007bf500000, 0x00000007c0000000)
  eden space 587776K, 0% used [0x000000076ab00000,0x000000076ab00000,0x000000078e900000)
  from space 393216K, 44% used [0x00000007a7500000,0x00000007b1f60c30,0x00000007bf500000)
  to   space 399360K, 0% used [0x000000078e900000,0x000000078e900000,0x00000007a6f00000)
 ParOldGen       total 1149952K, used 731619K [0x00000006c0000000, 0x0000000706300000, 0x000000076ab00000)
  object space 1149952K, 63% used [0x00000006c0000000,0x00000006eca78df0,0x0000000706300000)
 Metaspace       used 138804K, capacity 143066K, committed 143744K, reserved 1173504K
  class space    used 18474K, capacity 19139K, committed 19328K, reserved 1048576K
}
Event: 6830.293 GC heap before
{Heap before GC invocations=78 (full 5):
 PSYoungGen      total 980992K, used 762243K [0x000000076ab00000, 0x00000007bf500000, 0x00000007c0000000)
  eden space 587776K, 100% used [0x000000076ab00000,0x000000078e900000,0x000000078e900000)
  from space 393216K, 44% used [0x00000007a7500000,0x00000007b1f60c30,0x00000007bf500000)
  to   space 399360K, 0% used [0x000000078e900000,0x000000078e900000,0x00000007a6f00000)
 ParOldGen       total 1149952K, used 731619K [0x00000006c0000000, 0x0000000706300000, 0x000000076ab00000)
  object space 1149952K, 63% used [0x00000006c0000000,0x00000006eca78df0,0x0000000706300000)
 Metaspace       used 142861K, capacity 147232K, committed 147840K, reserved 1177600K
  class space    used 19031K, capacity 19704K, committed 19840K, reserved 1048576K
Event: 6830.363 GC heap after
Heap after GC invocations=78 (full 5):
 PSYoungGen      total 987136K, used 187936K [0x000000076ab00000, 0x00000007bf600000, 0x00000007c0000000)
  eden space 587776K, 0% used [0x000000076ab00000,0x000000076ab00000,0x000000078e900000)
  from space 399360K, 47% used [0x000000078e900000,0x000000079a088380,0x00000007a6f00000)
  to   space 391168K, 0% used [0x00000007a7800000,0x00000007a7800000,0x00000007bf600000)
 ParOldGen       total 1149952K, used 731627K [0x00000006c0000000, 0x0000000706300000, 0x000000076ab00000)
  object space 1149952K, 63% used [0x00000006c0000000,0x00000006eca7adf0,0x0000000706300000)
 Metaspace       used 142861K, capacity 147232K, committed 147840K, reserved 1177600K
  class space    used 19031K, capacity 19704K, committed 19840K, reserved 1048576K
}
Event: 6858.795 GC heap before
{Heap before GC invocations=79 (full 5):
 PSYoungGen      total 987136K, used 769730K [0x000000076ab00000, 0x00000007bf600000, 0x00000007c0000000)
  eden space 587776K, 98% used [0x000000076ab00000,0x000000078e3285b8,0x000000078e900000)
  from space 399360K, 47% used [0x000000078e900000,0x000000079a088380,0x00000007a6f00000)
  to   space 391168K, 0% used [0x00000007a7800000,0x00000007a7800000,0x00000007bf600000)
 ParOldGen       total 1149952K, used 731627K [0x00000006c0000000, 0x0000000706300000, 0x000000076ab00000)
  object space 1149952K, 63% used [0x00000006c0000000,0x00000006eca7adf0,0x0000000706300000)
 Metaspace       used 146924K, capacity 151382K, committed 151936K, reserved 1181696K
  class space    used 19587K, capacity 20267K, committed 20352K, reserved 1048576K
Event: 6858.895 GC heap after
Heap after GC invocations=79 (full 5):
 PSYoungGen      total 983040K, used 250704K [0x000000076ab00000, 0x00000007be700000, 0x00000007c0000000)
  eden space 607232K, 0% used [0x000000076ab00000,0x000000076ab00000,0x000000078fc00000)
  from space 375808K, 66% used [0x00000007a7800000,0x00000007b6cd43c0,0x00000007be700000)
  to   space 382464K, 0% used [0x000000078fc00000,0x000000078fc00000,0x00000007a7180000)
 ParOldGen       total 1149952K, used 731635K [0x00000006c0000000, 0x0000000706300000, 0x000000076ab00000)
  object space 1149952K, 63% used [0x00000006c0000000,0x00000006eca7cdf0,0x0000000706300000)
 Metaspace       used 146924K, capacity 151382K, committed 151936K, reserved 1181696K
  class space    used 19587K, capacity 20267K, committed 20352K, reserved 1048576K
}
Event: 6861.048 GC heap before
{Heap before GC invocations=80 (full 5):
 PSYoungGen      total 983040K, used 857936K [0x000000076ab00000, 0x00000007be700000, 0x00000007c0000000)
  eden space 607232K, 100% used [0x000000076ab00000,0x000000078fc00000,0x000000078fc00000)
  from space 375808K, 66% used [0x00000007a7800000,0x00000007b6cd43c0,0x00000007be700000)
  to   space 382464K, 0% used [0x000000078fc00000,0x000000078fc00000,0x00000007a7180000)
 ParOldGen       total 1149952K, used 731635K [0x00000006c0000000, 0x0000000706300000, 0x000000076ab00000)
  object space 1149952K, 63% used [0x00000006c0000000,0x00000006eca7cdf0,0x0000000706300000)
 Metaspace       used 150973K, capacity 155532K, committed 156160K, reserved 1183744K
  class space    used 20143K, capacity 20830K, committed 20992K, reserved 1048576K

