# JRE version: Java(TM) SE Runtime Environment (8.0_231-b11) (build 1.8.0_231-b11)
# Java VM: Java HotSpot(TM) 64-Bit Server VM (25.231-b11 mixed mode windows-amd64 compressed oops)
Heap:
 PSYoungGen      total 1001984K, used 126434K [0x000000076ab00000, 0x00000007b9e00000, 0x00000007c0000000)
  eden space 875520K, 0% used [0x000000076ab00000,0x000000076ab00000,0x00000007a0200000)
  from space 126464K, 99% used [0x00000007aad80000,0x00000007b28f8ac8,0x00000007b2900000)
  to   space 175616K, 0% used [0x00000007a0200000,0x00000007a0200000,0x00000007aad80000)
 ParOldGen       total 308736K, used 285428K [0x00000006c0000000, 0x00000006d2d80000, 0x000000076ab00000)
  object space 308736K, 92% used [0x00000006c0000000,0x00000006d16bd238,0x00000006d2d80000)
 Metaspace       used 78804K, capacity 80380K, committed 80640K, reserved 1118208K
  class space    used 10458K, capacity 10883K, committed 11008K, reserved 1048576K
GC Heap History (10 events):
Event: 478.652 GC heap after
Heap after GC invocations=23 (full 3):
 PSYoungGen      total 704512K, used 17488K [0x000000076ab00000, 0x00000007a3a00000, 0x00000007c0000000)
  eden space 686592K, 0% used [0x000000076ab00000,0x000000076ab00000,0x0000000794980000)
  from space 17920K, 97% used [0x00000007a2880000,0x00000007a3994060,0x00000007a3a00000)
  to   space 80896K, 0% used [0x0000000799c00000,0x0000000799c00000,0x000000079eb00000)
 ParOldGen       total 308736K, used 179897K [0x00000006c0000000, 0x00000006d2d80000, 0x000000076ab00000)
  object space 308736K, 58% used [0x00000006c0000000,0x00000006cafae768,0x00000006d2d80000)
 Metaspace       used 67947K, capacity 69334K, committed 69632K, reserved 1110016K
  class space    used 9061K, capacity 9408K, committed 9472K, reserved 1048576K
}
Event: 481.516 GC heap before
{Heap before GC invocations=24 (full 3):
 PSYoungGen      total 704512K, used 704080K [0x000000076ab00000, 0x00000007a3a00000, 0x00000007c0000000)
  eden space 686592K, 100% used [0x000000076ab00000,0x0000000794980000,0x0000000794980000)
  from space 17920K, 97% used [0x00000007a2880000,0x00000007a3994060,0x00000007a3a00000)
  to   space 80896K, 0% used [0x0000000799c00000,0x0000000799c00000,0x000000079eb00000)
 ParOldGen       total 308736K, used 179897K [0x00000006c0000000, 0x00000006d2d80000, 0x000000076ab00000)
  object space 308736K, 58% used [0x00000006c0000000,0x00000006cafae768,0x00000006d2d80000)
 Metaspace       used 73143K, capacity 74608K, committed 75008K, reserved 1114112K
  class space    used 9751K, capacity 10131K, committed 10240K, reserved 1048576K
Event: 481.596 GC heap after
Heap after GC invocations=24 (full 3):
 PSYoungGen      total 851968K, used 80885K [0x000000076ab00000, 0x00000007a9500000, 0x00000007c0000000)
  eden space 771072K, 0% used [0x000000076ab00000,0x000000076ab00000,0x0000000799c00000)
  from space 80896K, 99% used [0x0000000799c00000,0x000000079eafd798,0x000000079eb00000)
  to   space 107520K, 0% used [0x00000007a2c00000,0x00000007a2c00000,0x00000007a9500000)
 ParOldGen       total 308736K, used 212899K [0x00000006c0000000, 0x00000006d2d80000, 0x000000076ab00000)
  object space 308736K, 68% used [0x00000006c0000000,0x00000006ccfe8e40,0x00000006d2d80000)
 Metaspace       used 73143K, capacity 74608K, committed 75008K, reserved 1114112K
  class space    used 9751K, capacity 10131K, committed 10240K, reserved 1048576K
}
Event: 490.663 GC heap before
{Heap before GC invocations=25 (full 3):
 PSYoungGen      total 851968K, used 851957K [0x000000076ab00000, 0x00000007a9500000, 0x00000007c0000000)
  eden space 771072K, 100% used [0x000000076ab00000,0x0000000799c00000,0x0000000799c00000)
  from space 80896K, 99% used [0x0000000799c00000,0x000000079eafd798,0x000000079eb00000)
  to   space 107520K, 0% used [0x00000007a2c00000,0x00000007a2c00000,0x00000007a9500000)
 ParOldGen       total 308736K, used 212899K [0x00000006c0000000, 0x00000006d2d80000, 0x000000076ab00000)
  object space 308736K, 68% used [0x00000006c0000000,0x00000006ccfe8e40,0x00000006d2d80000)
 Metaspace       used 73505K, capacity 74942K, committed 75264K, reserved 1114112K
  class space    used 9763K, capacity 10154K, committed 10240K, reserved 1048576K
Event: 490.800 GC heap after
Heap after GC invocations=25 (full 3):
 PSYoungGen      total 906240K, used 87328K [0x000000076ab00000, 0x00000007b1200000, 0x00000007c0000000)
  eden space 798720K, 0% used [0x000000076ab00000,0x000000076ab00000,0x000000079b700000)
  from space 107520K, 81% used [0x00000007a2c00000,0x00000007a8148158,0x00000007a9500000)
  to   space 119808K, 0% used [0x000000079b700000,0x000000079b700000,0x00000007a2c00000)
 ParOldGen       total 308736K, used 212987K [0x00000006c0000000, 0x00000006d2d80000, 0x000000076ab00000)
  object space 308736K, 68% used [0x00000006c0000000,0x00000006ccffee50,0x00000006d2d80000)
 Metaspace       used 73505K, capacity 74942K, committed 75264K, reserved 1114112K
  class space    used 9763K, capacity 10154K, committed 10240K, reserved 1048576K
}
Event: 882.776 GC heap before
{Heap before GC invocations=26 (full 3):
 PSYoungGen      total 906240K, used 886026K [0x000000076ab00000, 0x00000007b1200000, 0x00000007c0000000)
  eden space 798720K, 99% used [0x000000076ab00000,0x000000079b6fa9c8,0x000000079b700000)
  from space 107520K, 81% used [0x00000007a2c00000,0x00000007a8148158,0x00000007a9500000)
  to   space 119808K, 0% used [0x000000079b700000,0x000000079b700000,0x00000007a2c00000)
 ParOldGen       total 308736K, used 212987K [0x00000006c0000000, 0x00000006d2d80000, 0x000000076ab00000)
  object space 308736K, 68% used [0x00000006c0000000,0x00000006ccffee50,0x00000006d2d80000)
 Metaspace       used 73665K, capacity 75144K, committed 75264K, reserved 1114112K
  class space    used 9765K, capacity 10155K, committed 10240K, reserved 1048576K
Event: 882.809 GC heap after
Heap after GC invocations=26 (full 3):
 PSYoungGen      total 918528K, used 79822K [0x000000076ab00000, 0x00000007b2900000, 0x00000007c0000000)
  eden space 798720K, 0% used [0x000000076ab00000,0x000000076ab00000,0x000000079b700000)
  from space 119808K, 66% used [0x000000079b700000,0x00000007a04f3978,0x00000007a2c00000)
  to   space 126464K, 0% used [0x00000007aad80000,0x00000007aad80000,0x00000007b2900000)
 ParOldGen       total 308736K, used 212995K [0x00000006c0000000, 0x00000006d2d80000, 0x000000076ab00000)
  object space 308736K, 68% used [0x00000006c0000000,0x00000006cd000e50,0x00000006d2d80000)
 Metaspace       used 73665K, capacity 75144K, committed 75264K, reserved 1114112K
  class space    used 9765K, capacity 10155K, committed 10240K, reserved 1048576K
}
Event: 887.780 GC heap before
{Heap before GC invocations=27 (full 3):
 PSYoungGen      total 918528K, used 878542K [0x000000076ab00000, 0x00000007b2900000, 0x00000007c0000000)
  eden space 798720K, 100% used [0x000000076ab00000,0x000000079b700000,0x000000079b700000)
  from space 119808K, 66% used [0x000000079b700000,0x00000007a04f3978,0x00000007a2c00000)
  to   space 126464K, 0% used [0x00000007aad80000,0x00000007aad80000,0x00000007b2900000)
 ParOldGen       total 308736K, used 212995K [0x00000006c0000000, 0x00000006d2d80000, 0x000000076ab00000)
  object space 308736K, 68% used [0x00000006c0000000,0x00000006cd000e50,0x00000006d2d80000)
 Metaspace       used 78804K, capacity 80380K, committed 80640K, reserved 1118208K
  class space    used 10458K, capacity 10883K, committed 11008K, reserved 1048576K
Event: 887.891 GC heap after
Heap after GC invocations=27 (full 3):
 PSYoungGen      total 1001984K, used 126434K [0x000000076ab00000, 0x00000007b9e00000, 0x00000007c0000000)
  eden space 875520K, 0% used [0x000000076ab00000,0x000000076ab00000,0x00000007a0200000)
  from space 126464K, 99% used [0x00000007aad80000,0x00000007b28f8ac8,0x00000007b2900000)
  to   space 175616K, 0% used [0x00000007a0200000,0x00000007a0200000,0x00000007aad80000)
 ParOldGen       total 308736K, used 285428K [0x00000006c0000000, 0x00000006d2d80000, 0x000000076ab00000)
  object space 308736K, 92% used [0x00000006c0000000,0x00000006d16bd238,0x00000006d2d80000)
 Metaspace       used 78804K, capacity 80380K, committed 80640K, reserved 1118208K
  class space    used 10458K, capacity 10883K, committed 11008K, reserved 1048576K
}
Event: 887.891 GC heap before
{Heap before GC invocations=28 (full 4):
 PSYoungGen      total 1001984K, used 126434K [0x000000076ab00000, 0x00000007b9e00000, 0x00000007c0000000)
  eden space 875520K, 0% used [0x000000076ab00000,0x000000076ab00000,0x00000007a0200000)
  from space 126464K, 99% used [0x00000007aad80000,0x00000007b28f8ac8,0x00000007b2900000)
  to   space 175616K, 0% used [0x00000007a0200000,0x00000007a0200000,0x00000007aad80000)
 ParOldGen       total 308736K, used 285428K [0x00000006c0000000, 0x00000006d2d80000, 0x000000076ab00000)
  object space 308736K, 92% used [0x00000006c0000000,0x00000006d16bd238,0x00000006d2d80000)
 Metaspace       used 78804K, capacity 80380K, committed 80640K, reserved 1118208K
  class space    used 10458K, capacity 10883K, committed 11008K, reserved 1048576K

