# JRE version: Java(TM) SE Runtime Environment (8.0_231-b11) (build 1.8.0_231-b11)
# Java VM: Java HotSpot(TM) 64-Bit Server VM (25.231-b11 mixed mode windows-amd64 compressed oops)
Heap:
 PSYoungGen      total 931840K, used 196936K [0x000000076ab00000, 0x00000007c0000000, 0x00000007c0000000)
  eden space 465920K, 0% used [0x000000076ab00000,0x000000076ab00000,0x0000000787200000)
  from space 465920K, 42% used [0x00000007a3900000,0x00000007af952398,0x00000007c0000000)
  to   space 465920K, 0% used [0x0000000787200000,0x0000000787200000,0x00000007a3900000)
 ParOldGen       total 904704K, used 895824K [0x00000006c0000000, 0x00000006f7380000, 0x000000076ab00000)
  object space 904704K, 99% used [0x00000006c0000000,0x00000006f6ad4180,0x00000006f7380000)
 Metaspace       used 148522K, capacity 153164K, committed 153472K, reserved 1181696K
  class space    used 19885K, capacity 20552K, committed 20608K, reserved 1048576K
GC Heap History (10 events):
Event: 2088.861 GC heap after
Heap after GC invocations=37 (full 5):
 PSYoungGen      total 947712K, used 312912K [0x000000076ab00000, 0x00000007c0000000, 0x00000007c0000000)
  eden space 571392K, 0% used [0x000000076ab00000,0x000000076ab00000,0x000000078d900000)
  from space 376320K, 83% used [0x00000007a9080000,0x00000007bc214150,0x00000007c0000000)
  to   space 413184K, 0% used [0x000000078d900000,0x000000078d900000,0x00000007a6c80000)
 ParOldGen       total 904704K, used 682847K [0x00000006c0000000, 0x00000006f7380000, 0x000000076ab00000)
  object space 904704K, 75% used [0x00000006c0000000,0x00000006e9ad7f70,0x00000006f7380000)
 Metaspace       used 137166K, capacity 141716K, committed 141952K, reserved 1171456K
  class space    used 18324K, capacity 19002K, committed 19072K, reserved 1048576K
}
Event: 2458.409 GC heap before
{Heap before GC invocations=38 (full 5):
 PSYoungGen      total 947712K, used 884304K [0x000000076ab00000, 0x00000007c0000000, 0x00000007c0000000)
  eden space 571392K, 100% used [0x000000076ab00000,0x000000078d900000,0x000000078d900000)
  from space 376320K, 83% used [0x00000007a9080000,0x00000007bc214150,0x00000007c0000000)
  to   space 413184K, 0% used [0x000000078d900000,0x000000078d900000,0x00000007a6c80000)
 ParOldGen       total 904704K, used 682847K [0x00000006c0000000, 0x00000006f7380000, 0x000000076ab00000)
  object space 904704K, 75% used [0x00000006c0000000,0x00000006e9ad7f70,0x00000006f7380000)
 Metaspace       used 140379K, capacity 144876K, committed 145152K, reserved 1175552K
  class space    used 18774K, capacity 19428K, committed 19456K, reserved 1048576K
Event: 2458.538 GC heap after
Heap after GC invocations=38 (full 5):
 PSYoungGen      total 873472K, used 320469K [0x000000076ab00000, 0x00000007c0000000, 0x00000007c0000000)
  eden space 552960K, 0% used [0x000000076ab00000,0x000000076ab00000,0x000000078c700000)
  from space 320512K, 99% used [0x000000078d900000,0x00000007a11f5628,0x00000007a1200000)
  to   space 444416K, 0% used [0x00000007a4e00000,0x00000007a4e00000,0x00000007c0000000)
 ParOldGen       total 904704K, used 682855K [0x00000006c0000000, 0x00000006f7380000, 0x000000076ab00000)
  object space 904704K, 75% used [0x00000006c0000000,0x00000006e9ad9f70,0x00000006f7380000)
 Metaspace       used 140379K, capacity 144876K, committed 145152K, reserved 1175552K
  class space    used 18774K, capacity 19428K, committed 19456K, reserved 1048576K
}
Event: 2600.591 GC heap before
{Heap before GC invocations=39 (full 5):
 PSYoungGen      total 873472K, used 863088K [0x000000076ab00000, 0x00000007c0000000, 0x00000007c0000000)
  eden space 552960K, 98% used [0x000000076ab00000,0x000000078bce6a88,0x000000078c700000)
  from space 320512K, 99% used [0x000000078d900000,0x00000007a11f5628,0x00000007a1200000)
  to   space 444416K, 0% used [0x00000007a4e00000,0x00000007a4e00000,0x00000007c0000000)
 ParOldGen       total 904704K, used 682855K [0x00000006c0000000, 0x00000006f7380000, 0x000000076ab00000)
  object space 904704K, 75% used [0x00000006c0000000,0x00000006e9ad9f70,0x00000006f7380000)
 Metaspace       used 144429K, capacity 148956K, committed 149376K, reserved 1179648K
  class space    used 19329K, capacity 19990K, committed 20096K, reserved 1048576K
Event: 2600.753 GC heap after
Heap after GC invocations=39 (full 5):
 PSYoungGen      total 910336K, used 408099K [0x000000076ab00000, 0x00000007c0000000, 0x00000007c0000000)
  eden space 465920K, 0% used [0x000000076ab00000,0x000000076ab00000,0x0000000787200000)
  from space 444416K, 91% used [0x00000007a4e00000,0x00000007bdc88e88,0x00000007c0000000)
  to   space 465920K, 0% used [0x0000000787200000,0x0000000787200000,0x00000007a3900000)
 ParOldGen       total 904704K, used 682863K [0x00000006c0000000, 0x00000006f7380000, 0x000000076ab00000)
  object space 904704K, 75% used [0x00000006c0000000,0x00000006e9adbf70,0x00000006f7380000)
 Metaspace       used 144429K, capacity 148956K, committed 149376K, reserved 1179648K
  class space    used 19329K, capacity 19990K, committed 20096K, reserved 1048576K
}
Event: 2606.408 GC heap before
{Heap before GC invocations=40 (full 5):
 PSYoungGen      total 910336K, used 874019K [0x000000076ab00000, 0x00000007c0000000, 0x00000007c0000000)
  eden space 465920K, 100% used [0x000000076ab00000,0x0000000787200000,0x0000000787200000)
  from space 444416K, 91% used [0x00000007a4e00000,0x00000007bdc88e88,0x00000007c0000000)
  to   space 465920K, 0% used [0x0000000787200000,0x0000000787200000,0x00000007a3900000)
 ParOldGen       total 904704K, used 682863K [0x00000006c0000000, 0x00000006f7380000, 0x000000076ab00000)
  object space 904704K, 75% used [0x00000006c0000000,0x00000006e9adbf70,0x00000006f7380000)
 Metaspace       used 146910K, capacity 151508K, committed 151680K, reserved 1181696K
  class space    used 19683K, capacity 20350K, committed 20352K, reserved 1048576K
Event: 2606.577 GC heap after
Heap after GC invocations=40 (full 5):
 PSYoungGen      total 931840K, used 287337K [0x000000076ab00000, 0x00000007c0000000, 0x00000007c0000000)
  eden space 465920K, 0% used [0x000000076ab00000,0x000000076ab00000,0x0000000787200000)
  from space 465920K, 61% used [0x0000000787200000,0x0000000798a9a408,0x00000007a3900000)
  to   space 465920K, 0% used [0x00000007a3900000,0x00000007a3900000,0x00000007c0000000)
 ParOldGen       total 904704K, used 791758K [0x00000006c0000000, 0x00000006f7380000, 0x000000076ab00000)
  object space 904704K, 87% used [0x00000006c0000000,0x00000006f05339c8,0x00000006f7380000)
 Metaspace       used 146910K, capacity 151508K, committed 151680K, reserved 1181696K
  class space    used 19683K, capacity 20350K, committed 20352K, reserved 1048576K
}
Event: 2627.294 GC heap before
{Heap before GC invocations=41 (full 5):
 PSYoungGen      total 931840K, used 751297K [0x000000076ab00000, 0x00000007c0000000, 0x00000007c0000000)
  eden space 465920K, 99% used [0x000000076ab00000,0x0000000787016110,0x0000000787200000)
  from space 465920K, 61% used [0x0000000787200000,0x0000000798a9a408,0x00000007a3900000)
  to   space 465920K, 0% used [0x00000007a3900000,0x00000007a3900000,0x00000007c0000000)
 ParOldGen       total 904704K, used 791758K [0x00000006c0000000, 0x00000006f7380000, 0x000000076ab00000)
  object space 904704K, 87% used [0x00000006c0000000,0x00000006f05339c8,0x00000006f7380000)
 Metaspace       used 148522K, capacity 153164K, committed 153472K, reserved 1181696K
  class space    used 19885K, capacity 20552K, committed 20608K, reserved 1048576K
Event: 2627.434 GC heap after
Heap after GC invocations=41 (full 5):
 PSYoungGen      total 931840K, used 196936K [0x000000076ab00000, 0x00000007c0000000, 0x00000007c0000000)
  eden space 465920K, 0% used [0x000000076ab00000,0x000000076ab00000,0x0000000787200000)
  from space 465920K, 42% used [0x00000007a3900000,0x00000007af952398,0x00000007c0000000)
  to   space 465920K, 0% used [0x0000000787200000,0x0000000787200000,0x00000007a3900000)
 ParOldGen       total 904704K, used 895824K [0x00000006c0000000, 0x00000006f7380000, 0x000000076ab00000)
  object space 904704K, 99% used [0x00000006c0000000,0x00000006f6ad4180,0x00000006f7380000)
 Metaspace       used 148522K, capacity 153164K, committed 153472K, reserved 1181696K
  class space    used 19885K, capacity 20552K, committed 20608K, reserved 1048576K
}
Event: 2627.434 GC heap before
{Heap before GC invocations=42 (full 6):
 PSYoungGen      total 931840K, used 196936K [0x000000076ab00000, 0x00000007c0000000, 0x00000007c0000000)
  eden space 465920K, 0% used [0x000000076ab00000,0x000000076ab00000,0x0000000787200000)
  from space 465920K, 42% used [0x00000007a3900000,0x00000007af952398,0x00000007c0000000)
  to   space 465920K, 0% used [0x0000000787200000,0x0000000787200000,0x00000007a3900000)
 ParOldGen       total 904704K, used 895824K [0x00000006c0000000, 0x00000006f7380000, 0x000000076ab00000)
  object space 904704K, 99% used [0x00000006c0000000,0x00000006f6ad4180,0x00000006f7380000)
 Metaspace       used 148522K, capacity 153164K, committed 153472K, reserved 1181696K
  class space    used 19885K, capacity 20552K, committed 20608K, reserved 1048576K

