# JRE version: Java(TM) SE Runtime Environment (8.0_231-b11) (build 1.8.0_231-b11)
# Java VM: Java HotSpot(TM) 64-Bit Server VM (25.231-b11 mixed mode windows-amd64 compressed oops)
Heap:
 PSYoungGen      total 1081856K, used 1057026K [0x000000076ab00000, 0x00000007c0000000, 0x00000007c0000000)
  eden space 830464K, 99% used [0x000000076ab00000,0x000000079d3d1618,0x000000079d600000)
  from space 251392K, 91% used [0x00000007b0a80000,0x00000007be9ef328,0x00000007c0000000)
  to   space 283648K, 79% used [0x000000079d600000,0x00000007ab145100,0x00000007aeb00000)
 ParOldGen       total 638464K, used 340397K [0x00000006c0000000, 0x00000006e6f80000, 0x000000076ab00000)
  object space 638464K, 53% used [0x00000006c0000000,0x00000006d4c6b558,0x00000006e6f80000)
 Metaspace       used 90159K, capacity 92154K, committed 92416K, reserved 1128448K
  class space    used 11914K, capacity 12451K, committed 12544K, reserved 1048576K
GC Heap History (10 events):
Event: 2142.291 GC heap after
Heap after GC invocations=24 (full 4):
 PSYoungGen      total 1125376K, used 18558K [0x000000076ab00000, 0x00000007bcd80000, 0x00000007c0000000)
  eden space 928256K, 0% used [0x000000076ab00000,0x000000076ab00000,0x00000007a3580000)
  from space 197120K, 9% used [0x00000007b0b00000,0x00000007b1d1fb20,0x00000007bcb80000)
  to   space 208896K, 0% used [0x00000007a3580000,0x00000007a3580000,0x00000007b0180000)
 ParOldGen       total 638464K, used 326117K [0x00000006c0000000, 0x00000006e6f80000, 0x000000076ab00000)
  object space 638464K, 51% used [0x00000006c0000000,0x00000006d3e796c0,0x00000006e6f80000)
 Metaspace       used 78555K, capacity 80212K, committed 80512K, reserved 1118208K
  class space    used 10418K, capacity 10842K, committed 10880K, reserved 1048576K
}
Event: 2642.069 GC heap before
{Heap before GC invocations=25 (full 4):
 PSYoungGen      total 1125376K, used 946450K [0x000000076ab00000, 0x00000007bcd80000, 0x00000007c0000000)
  eden space 928256K, 99% used [0x000000076ab00000,0x00000007a3524f90,0x00000007a3580000)
  from space 197120K, 9% used [0x00000007b0b00000,0x00000007b1d1fb20,0x00000007bcb80000)
  to   space 208896K, 0% used [0x00000007a3580000,0x00000007a3580000,0x00000007b0180000)
 ParOldGen       total 638464K, used 326117K [0x00000006c0000000, 0x00000006e6f80000, 0x000000076ab00000)
  object space 638464K, 51% used [0x00000006c0000000,0x00000006d3e796c0,0x00000006e6f80000)
 Metaspace       used 79465K, capacity 81306K, committed 81408K, reserved 1120256K
  class space    used 10523K, capacity 10997K, committed 11008K, reserved 1048576K
Event: 2642.126 GC heap after
Heap after GC invocations=25 (full 4):
 PSYoungGen      total 1137152K, used 61108K [0x000000076ab00000, 0x00000007bfa80000, 0x00000007c0000000)
  eden space 928256K, 0% used [0x000000076ab00000,0x000000076ab00000,0x00000007a3580000)
  from space 208896K, 29% used [0x00000007a3580000,0x00000007a712d268,0x00000007b0180000)
  to   space 200192K, 0% used [0x00000007b3700000,0x00000007b3700000,0x00000007bfa80000)
 ParOldGen       total 638464K, used 326125K [0x00000006c0000000, 0x00000006e6f80000, 0x000000076ab00000)
  object space 638464K, 51% used [0x00000006c0000000,0x00000006d3e7b6c0,0x00000006e6f80000)
 Metaspace       used 79465K, capacity 81306K, committed 81408K, reserved 1120256K
  class space    used 10523K, capacity 10997K, committed 11008K, reserved 1048576K
}
Event: 2645.916 GC heap before
{Heap before GC invocations=26 (full 4):
 PSYoungGen      total 1137152K, used 977707K [0x000000076ab00000, 0x00000007bfa80000, 0x00000007c0000000)
  eden space 928256K, 98% used [0x000000076ab00000,0x00000007a2a1d9a0,0x00000007a3580000)
  from space 208896K, 29% used [0x00000007a3580000,0x00000007a712d268,0x00000007b0180000)
  to   space 200192K, 0% used [0x00000007b3700000,0x00000007b3700000,0x00000007bfa80000)
 ParOldGen       total 638464K, used 326125K [0x00000006c0000000, 0x00000006e6f80000, 0x000000076ab00000)
  object space 638464K, 51% used [0x00000006c0000000,0x00000006d3e7b6c0,0x00000006e6f80000)
 Metaspace       used 84665K, capacity 86588K, committed 86784K, reserved 1124352K
  class space    used 11216K, capacity 11722K, committed 11776K, reserved 1048576K
Event: 2646.012 GC heap after
Heap after GC invocations=26 (full 4):
 PSYoungGen      total 1122816K, used 200170K [0x000000076ab00000, 0x00000007c0000000, 0x00000007c0000000)
  eden space 922624K, 0% used [0x000000076ab00000,0x000000076ab00000,0x00000007a3000000)
  from space 200192K, 99% used [0x00000007b3700000,0x00000007bfa7aa88,0x00000007bfa80000)
  to   space 237568K, 0% used [0x00000007a3000000,0x00000007a3000000,0x00000007b1800000)
 ParOldGen       total 638464K, used 340373K [0x00000006c0000000, 0x00000006e6f80000, 0x000000076ab00000)
  object space 638464K, 53% used [0x00000006c0000000,0x00000006d4c65558,0x00000006e6f80000)
 Metaspace       used 84665K, capacity 86588K, committed 86784K, reserved 1124352K
  class space    used 11216K, capacity 11722K, committed 11776K, reserved 1048576K
}
Event: 2661.370 GC heap before
{Heap before GC invocations=27 (full 4):
 PSYoungGen      total 1122816K, used 1119804K [0x000000076ab00000, 0x00000007c0000000, 0x00000007c0000000)
  eden space 922624K, 99% used [0x000000076ab00000,0x00000007a2d147d0,0x00000007a3000000)
  from space 200192K, 99% used [0x00000007b3700000,0x00000007bfa7aa88,0x00000007bfa80000)
  to   space 237568K, 0% used [0x00000007a3000000,0x00000007a3000000,0x00000007b1800000)
 ParOldGen       total 638464K, used 340373K [0x00000006c0000000, 0x00000006e6f80000, 0x000000076ab00000)
  object space 638464K, 53% used [0x00000006c0000000,0x00000006d4c65558,0x00000006e6f80000)
 Metaspace       used 84749K, capacity 86588K, committed 86784K, reserved 1124352K
  class space    used 11216K, capacity 11722K, committed 11776K, reserved 1048576K
Event: 2661.426 GC heap after
Heap after GC invocations=27 (full 4):
 PSYoungGen      total 1093120K, used 170347K [0x000000076ab00000, 0x00000007c0000000, 0x00000007c0000000)
  eden space 922624K, 0% used [0x000000076ab00000,0x000000076ab00000,0x00000007a3000000)
  from space 170496K, 99% used [0x00000007a3000000,0x00000007ad65af00,0x00000007ad680000)
  to   space 251392K, 0% used [0x00000007b0a80000,0x00000007b0a80000,0x00000007c0000000)
 ParOldGen       total 638464K, used 340381K [0x00000006c0000000, 0x00000006e6f80000, 0x000000076ab00000)
  object space 638464K, 53% used [0x00000006c0000000,0x00000006d4c67558,0x00000006e6f80000)
 Metaspace       used 84749K, capacity 86588K, committed 86784K, reserved 1124352K
  class space    used 11216K, capacity 11722K, committed 11776K, reserved 1048576K
}
Event: 4909.764 GC heap before
{Heap before GC invocations=28 (full 4):
 PSYoungGen      total 1093120K, used 1092971K [0x000000076ab00000, 0x00000007c0000000, 0x00000007c0000000)
  eden space 922624K, 100% used [0x000000076ab00000,0x00000007a3000000,0x00000007a3000000)
  from space 170496K, 99% used [0x00000007a3000000,0x00000007ad65af00,0x00000007ad680000)
  to   space 251392K, 0% used [0x00000007b0a80000,0x00000007b0a80000,0x00000007c0000000)
 ParOldGen       total 638464K, used 340381K [0x00000006c0000000, 0x00000006e6f80000, 0x000000076ab00000)
  object space 638464K, 53% used [0x00000006c0000000,0x00000006d4c67558,0x00000006e6f80000)
 Metaspace       used 89459K, capacity 91392K, committed 91520K, reserved 1128448K
  class space    used 11840K, capacity 12352K, committed 12416K, reserved 1048576K
Event: 4909.846 GC heap after
Heap after GC invocations=28 (full 4):
 PSYoungGen      total 1081856K, used 228796K [0x000000076ab00000, 0x00000007c0000000, 0x00000007c0000000)
  eden space 830464K, 0% used [0x000000076ab00000,0x000000076ab00000,0x000000079d600000)
  from space 251392K, 91% used [0x00000007b0a80000,0x00000007be9ef328,0x00000007c0000000)
  to   space 283648K, 0% used [0x000000079d600000,0x000000079d600000,0x00000007aeb00000)
 ParOldGen       total 638464K, used 340389K [0x00000006c0000000, 0x00000006e6f80000, 0x000000076ab00000)
  object space 638464K, 53% used [0x00000006c0000000,0x00000006d4c69558,0x00000006e6f80000)
 Metaspace       used 89459K, capacity 91392K, committed 91520K, reserved 1128448K
  class space    used 11840K, capacity 12352K, committed 12416K, reserved 1048576K
}
Event: 4913.300 GC heap before
{Heap before GC invocations=29 (full 4):
 PSYoungGen      total 1081856K, used 1057026K [0x000000076ab00000, 0x00000007c0000000, 0x00000007c0000000)
  eden space 830464K, 99% used [0x000000076ab00000,0x000000079d3d1618,0x000000079d600000)
  from space 251392K, 91% used [0x00000007b0a80000,0x00000007be9ef328,0x00000007c0000000)
  to   space 283648K, 0% used [0x000000079d600000,0x000000079d600000,0x00000007aeb00000)
 ParOldGen       total 638464K, used 340389K [0x00000006c0000000, 0x00000006e6f80000, 0x000000076ab00000)
  object space 638464K, 53% used [0x00000006c0000000,0x00000006d4c69558,0x00000006e6f80000)
 Metaspace       used 90159K, capacity 92154K, committed 92416K, reserved 1128448K
  class space    used 11914K, capacity 12451K, committed 12544K, reserved 1048576K

