# JRE version: Java(TM) SE Runtime Environment (8.0_231-b11) (build 1.8.0_231-b11)
# Java VM: Java HotSpot(TM) 64-Bit Server VM (25.231-b11 mixed mode windows-amd64 compressed oops)
Heap:
 PSYoungGen      total 699392K, used 529722K [0x0000000780000000, 0x00000007c0000000, 0x00000007c0000000)
  eden space 350208K, 100% used [0x0000000780000000,0x0000000795600000,0x0000000795600000)
  from space 349184K, 51% used [0x0000000795600000,0x00000007a054ea60,0x00000007aab00000)
  to   space 349184K, 8% used [0x00000007aab00000,0x00000007ac979f18,0x00000007c0000000)
 ParOldGen       total 612864K, used 564446K [0x0000000700000000, 0x0000000725680000, 0x0000000780000000)
  object space 612864K, 92% used [0x0000000700000000,0x000000072273d898,0x0000000725680000)
 Metaspace       used 95339K, capacity 98956K, committed 99416K, reserved 1136640K
  class space    used 12463K, capacity 13116K, committed 13184K, reserved 1048576K
GC Heap History (10 events):
Event: 25821.982 GC heap after
Heap after GC invocations=61 (full 4):
 PSYoungGen      total 645120K, used 245484K [0x0000000780000000, 0x00000007c0000000, 0x00000007c0000000)
  eden space 399360K, 0% used [0x0000000780000000,0x0000000780000000,0x0000000798600000)
  from space 245760K, 99% used [0x0000000798600000,0x00000007a75bb0e8,0x00000007a7600000)
  to   space 348160K, 0% used [0x00000007aac00000,0x00000007aac00000,0x00000007c0000000)
 ParOldGen       total 612864K, used 318439K [0x0000000700000000, 0x0000000725680000, 0x0000000780000000)
  object space 612864K, 51% used [0x0000000700000000,0x00000007136f9f70,0x0000000725680000)
 Metaspace       used 94986K, capacity 98540K, committed 99160K, reserved 1134592K
  class space    used 12451K, capacity 13084K, committed 13184K, reserved 1048576K
}
Event: 25823.245 GC heap before
{Heap before GC invocations=62 (full 4):
 PSYoungGen      total 645120K, used 644844K [0x0000000780000000, 0x00000007c0000000, 0x00000007c0000000)
  eden space 399360K, 100% used [0x0000000780000000,0x0000000798600000,0x0000000798600000)
  from space 245760K, 99% used [0x0000000798600000,0x00000007a75bb0e8,0x00000007a7600000)
  to   space 348160K, 0% used [0x00000007aac00000,0x00000007aac00000,0x00000007c0000000)
 ParOldGen       total 612864K, used 318439K [0x0000000700000000, 0x0000000725680000, 0x0000000780000000)
  object space 612864K, 51% used [0x0000000700000000,0x00000007136f9f70,0x0000000725680000)
 Metaspace       used 95072K, capacity 98604K, committed 99160K, reserved 1134592K
  class space    used 12455K, capacity 13084K, committed 13184K, reserved 1048576K
Event: 25823.435 GC heap after
Heap after GC invocations=62 (full 4):
 PSYoungGen      total 698368K, used 315298K [0x0000000780000000, 0x00000007c0000000, 0x00000007c0000000)
  eden space 350208K, 0% used [0x0000000780000000,0x0000000780000000,0x0000000795600000)
  from space 348160K, 90% used [0x00000007aac00000,0x00000007bdfe8928,0x00000007c0000000)
  to   space 349184K, 0% used [0x0000000795600000,0x0000000795600000,0x00000007aab00000)
 ParOldGen       total 612864K, used 318471K [0x0000000700000000, 0x0000000725680000, 0x0000000780000000)
  object space 612864K, 51% used [0x0000000700000000,0x0000000713701f70,0x0000000725680000)
 Metaspace       used 95072K, capacity 98604K, committed 99160K, reserved 1134592K
  class space    used 12455K, capacity 13084K, committed 13184K, reserved 1048576K
}
Event: 25825.468 GC heap before
{Heap before GC invocations=63 (full 4):
 PSYoungGen      total 698368K, used 665506K [0x0000000780000000, 0x00000007c0000000, 0x00000007c0000000)
  eden space 350208K, 100% used [0x0000000780000000,0x0000000795600000,0x0000000795600000)
  from space 348160K, 90% used [0x00000007aac00000,0x00000007bdfe8928,0x00000007c0000000)
  to   space 349184K, 0% used [0x0000000795600000,0x0000000795600000,0x00000007aab00000)
 ParOldGen       total 612864K, used 318471K [0x0000000700000000, 0x0000000725680000, 0x0000000780000000)
  object space 612864K, 51% used [0x0000000700000000,0x0000000713701f70,0x0000000725680000)
 Metaspace       used 95209K, capacity 98764K, committed 99160K, reserved 1134592K
  class space    used 12459K, capacity 13116K, committed 13184K, reserved 1048576K
Event: 25825.622 GC heap after
Heap after GC invocations=63 (full 4):
 PSYoungGen      total 699392K, used 315590K [0x0000000780000000, 0x00000007c0000000, 0x00000007c0000000)
  eden space 350208K, 0% used [0x0000000780000000,0x0000000780000000,0x0000000795600000)
  from space 349184K, 90% used [0x0000000795600000,0x00000007a8a31b08,0x00000007aab00000)
  to   space 349184K, 0% used [0x00000007aab00000,0x00000007aab00000,0x00000007c0000000)
 ParOldGen       total 612864K, used 327481K [0x0000000700000000, 0x0000000725680000, 0x0000000780000000)
  object space 612864K, 53% used [0x0000000700000000,0x0000000713fce470,0x0000000725680000)
 Metaspace       used 95209K, capacity 98764K, committed 99160K, reserved 1134592K
  class space    used 12459K, capacity 13116K, committed 13184K, reserved 1048576K
}
Event: 25827.119 GC heap before
{Heap before GC invocations=64 (full 4):
 PSYoungGen      total 699392K, used 665798K [0x0000000780000000, 0x00000007c0000000, 0x00000007c0000000)
  eden space 350208K, 100% used [0x0000000780000000,0x0000000795600000,0x0000000795600000)
  from space 349184K, 90% used [0x0000000795600000,0x00000007a8a31b08,0x00000007aab00000)
  to   space 349184K, 0% used [0x00000007aab00000,0x00000007aab00000,0x00000007c0000000)
 ParOldGen       total 612864K, used 327481K [0x0000000700000000, 0x0000000725680000, 0x0000000780000000)
  object space 612864K, 53% used [0x0000000700000000,0x0000000713fce470,0x0000000725680000)
 Metaspace       used 95265K, capacity 98828K, committed 99416K, reserved 1136640K
  class space    used 12461K, capacity 13116K, committed 13184K, reserved 1048576K
Event: 25827.331 GC heap after
Heap after GC invocations=64 (full 4):
 PSYoungGen      total 699392K, used 301407K [0x0000000780000000, 0x00000007c0000000, 0x00000007c0000000)
  eden space 350208K, 0% used [0x0000000780000000,0x0000000780000000,0x0000000795600000)
  from space 349184K, 86% used [0x00000007aab00000,0x00000007bd157e08,0x00000007c0000000)
  to   space 349184K, 0% used [0x0000000795600000,0x0000000795600000,0x00000007aab00000)
 ParOldGen       total 612864K, used 350619K [0x0000000700000000, 0x0000000725680000, 0x0000000780000000)
  object space 612864K, 57% used [0x0000000700000000,0x0000000715666c28,0x0000000725680000)
 Metaspace       used 95265K, capacity 98828K, committed 99416K, reserved 1136640K
  class space    used 12461K, capacity 13116K, committed 13184K, reserved 1048576K
}
Event: 25828.803 GC heap before
{Heap before GC invocations=65 (full 4):
 PSYoungGen      total 699392K, used 651615K [0x0000000780000000, 0x00000007c0000000, 0x00000007c0000000)
  eden space 350208K, 100% used [0x0000000780000000,0x0000000795600000,0x0000000795600000)
  from space 349184K, 86% used [0x00000007aab00000,0x00000007bd157e08,0x00000007c0000000)
  to   space 349184K, 0% used [0x0000000795600000,0x0000000795600000,0x00000007aab00000)
 ParOldGen       total 612864K, used 350619K [0x0000000700000000, 0x0000000725680000, 0x0000000780000000)
  object space 612864K, 57% used [0x0000000700000000,0x0000000715666c28,0x0000000725680000)
 Metaspace       used 95308K, capacity 98892K, committed 99416K, reserved 1136640K
  class space    used 12463K, capacity 13116K, committed 13184K, reserved 1048576K
Event: 25828.963 GC heap after
Heap after GC invocations=65 (full 4):
 PSYoungGen      total 699392K, used 179514K [0x0000000780000000, 0x00000007c0000000, 0x00000007c0000000)
  eden space 350208K, 0% used [0x0000000780000000,0x0000000780000000,0x0000000795600000)
  from space 349184K, 51% used [0x0000000795600000,0x00000007a054ea60,0x00000007aab00000)
  to   space 349184K, 0% used [0x00000007aab00000,0x00000007aab00000,0x00000007c0000000)
 ParOldGen       total 612864K, used 479787K [0x0000000700000000, 0x0000000725680000, 0x0000000780000000)
  object space 612864K, 78% used [0x0000000700000000,0x000000071d48ac18,0x0000000725680000)
 Metaspace       used 95308K, capacity 98892K, committed 99416K, reserved 1136640K
  class space    used 12463K, capacity 13116K, committed 13184K, reserved 1048576K
}
Event: 25830.620 GC heap before
{Heap before GC invocations=66 (full 4):
 PSYoungGen      total 699392K, used 529722K [0x0000000780000000, 0x00000007c0000000, 0x00000007c0000000)
  eden space 350208K, 100% used [0x0000000780000000,0x0000000795600000,0x0000000795600000)
  from space 349184K, 51% used [0x0000000795600000,0x00000007a054ea60,0x00000007aab00000)
  to   space 349184K, 0% used [0x00000007aab00000,0x00000007aab00000,0x00000007c0000000)
 ParOldGen       total 612864K, used 479787K [0x0000000700000000, 0x0000000725680000, 0x0000000780000000)
  object space 612864K, 78% used [0x0000000700000000,0x000000071d48ac18,0x0000000725680000)
 Metaspace       used 95339K, capacity 98956K, committed 99416K, reserved 1136640K
  class space    used 12463K, capacity 13116K, committed 13184K, reserved 1048576K

