# JRE version: Java(TM) SE Runtime Environment (8.0_231-b11) (build 1.8.0_231-b11)
# Java VM: Java HotSpot(TM) 64-Bit Server VM (25.231-b11 mixed mode windows-amd64 compressed oops)
Heap:
 PSYoungGen      total 1103872K, used 838144K [0x000000076ab00000, 0x00000007bdd80000, 0x00000007c0000000)
  eden space 838144K, 100% used [0x000000076ab00000,0x000000079dd80000,0x000000079dd80000)
  from space 265728K, 0% used [0x00000007ada00000,0x00000007ada00000,0x00000007bdd80000)
  to   space 258560K, 0% used [0x000000079dd80000,0x000000079dd80000,0x00000007ada00000)
 ParOldGen       total 2796544K, used 2796051K [0x00000006c0000000, 0x000000076ab00000, 0x000000076ab00000)
  object space 2796544K, 99% used [0x00000006c0000000,0x000000076aa84f90,0x000000076ab00000)
 Metaspace       used 253440K, capacity 258996K, committed 259328K, reserved 1273856K
  class space    used 34140K, capacity 35786K, committed 35840K, reserved 1048576K
GC Heap History (10 events):
Event: 8342.479 GC heap after
Heap after GC invocations=128 (full 56):
 PSYoungGen      total 1103872K, used 745746K [0x000000076ab00000, 0x00000007bdd80000, 0x00000007c0000000)
  eden space 838144K, 88% used [0x000000076ab00000,0x0000000798344928,0x000000079dd80000)
  from space 265728K, 0% used [0x00000007ada00000,0x00000007ada00000,0x00000007bdd80000)
  to   space 258560K, 0% used [0x000000079dd80000,0x000000079dd80000,0x00000007ada00000)
 ParOldGen       total 2796544K, used 2796404K [0x00000006c0000000, 0x000000076ab00000, 0x000000076ab00000)
  object space 2796544K, 99% used [0x00000006c0000000,0x000000076aadd0c0,0x000000076ab00000)
 Metaspace       used 248963K, capacity 254468K, committed 254976K, reserved 1269760K
  class space    used 33520K, capacity 35160K, committed 35328K, reserved 1048576K
}
Event: 8344.411 GC heap before
{Heap before GC invocations=129 (full 57):
 PSYoungGen      total 1103872K, used 837763K [0x000000076ab00000, 0x00000007bdd80000, 0x00000007c0000000)
  eden space 838144K, 99% used [0x000000076ab00000,0x000000079dd20e40,0x000000079dd80000)
  from space 265728K, 0% used [0x00000007ada00000,0x00000007ada00000,0x00000007bdd80000)
  to   space 258560K, 0% used [0x000000079dd80000,0x000000079dd80000,0x00000007ada00000)
 ParOldGen       total 2796544K, used 2796404K [0x00000006c0000000, 0x000000076ab00000, 0x000000076ab00000)
  object space 2796544K, 99% used [0x00000006c0000000,0x000000076aadd0c0,0x000000076ab00000)
 Metaspace       used 248963K, capacity 254468K, committed 254976K, reserved 1269760K
  class space    used 33520K, capacity 35160K, committed 35328K, reserved 1048576K
Event: 8348.001 GC heap after
Heap after GC invocations=129 (full 57):
 PSYoungGen      total 1103872K, used 746780K [0x000000076ab00000, 0x00000007bdd80000, 0x00000007c0000000)
  eden space 838144K, 89% used [0x000000076ab00000,0x0000000798447300,0x000000079dd80000)
  from space 265728K, 0% used [0x00000007ada00000,0x00000007ada00000,0x00000007bdd80000)
  to   space 258560K, 0% used [0x000000079dd80000,0x000000079dd80000,0x00000007ada00000)
 ParOldGen       total 2796544K, used 2796333K [0x00000006c0000000, 0x000000076ab00000, 0x000000076ab00000)
  object space 2796544K, 99% used [0x00000006c0000000,0x000000076aacb598,0x000000076ab00000)
 Metaspace       used 248963K, capacity 254468K, committed 254976K, reserved 1269760K
  class space    used 33520K, capacity 35160K, committed 35328K, reserved 1048576K
}
Event: 8348.305 GC heap before
{Heap before GC invocations=130 (full 58):
 PSYoungGen      total 1103872K, used 838144K [0x000000076ab00000, 0x00000007bdd80000, 0x00000007c0000000)
  eden space 838144K, 100% used [0x000000076ab00000,0x000000079dd80000,0x000000079dd80000)
  from space 265728K, 0% used [0x00000007ada00000,0x00000007ada00000,0x00000007bdd80000)
  to   space 258560K, 0% used [0x000000079dd80000,0x000000079dd80000,0x00000007ada00000)
 ParOldGen       total 2796544K, used 2796333K [0x00000006c0000000, 0x000000076ab00000, 0x000000076ab00000)
  object space 2796544K, 99% used [0x00000006c0000000,0x000000076aacb598,0x000000076ab00000)
 Metaspace       used 248999K, capacity 254552K, committed 254976K, reserved 1269760K
  class space    used 33523K, capacity 35164K, committed 35328K, reserved 1048576K
Event: 8351.593 GC heap after
Heap after GC invocations=130 (full 58):
 PSYoungGen      total 1103872K, used 759178K [0x000000076ab00000, 0x00000007bdd80000, 0x00000007c0000000)
  eden space 838144K, 90% used [0x000000076ab00000,0x0000000799062bd0,0x000000079dd80000)
  from space 265728K, 0% used [0x00000007ada00000,0x00000007ada00000,0x00000007bdd80000)
  to   space 258560K, 0% used [0x000000079dd80000,0x000000079dd80000,0x00000007ada00000)
 ParOldGen       total 2796544K, used 2796263K [0x00000006c0000000, 0x000000076ab00000, 0x000000076ab00000)
  object space 2796544K, 99% used [0x00000006c0000000,0x000000076aab9c98,0x000000076ab00000)
 Metaspace       used 248999K, capacity 254552K, committed 254976K, reserved 1269760K
  class space    used 33523K, capacity 35164K, committed 35328K, reserved 1048576K
}
Event: 8351.777 GC heap before
{Heap before GC invocations=131 (full 59):
 PSYoungGen      total 1103872K, used 838144K [0x000000076ab00000, 0x00000007bdd80000, 0x00000007c0000000)
  eden space 838144K, 100% used [0x000000076ab00000,0x000000079dd80000,0x000000079dd80000)
  from space 265728K, 0% used [0x00000007ada00000,0x00000007ada00000,0x00000007bdd80000)
  to   space 258560K, 0% used [0x000000079dd80000,0x000000079dd80000,0x00000007ada00000)
 ParOldGen       total 2796544K, used 2796263K [0x00000006c0000000, 0x000000076ab00000, 0x000000076ab00000)
  object space 2796544K, 99% used [0x00000006c0000000,0x000000076aab9c98,0x000000076ab00000)
 Metaspace       used 248999K, capacity 254552K, committed 254976K, reserved 1269760K
  class space    used 33523K, capacity 35164K, committed 35328K, reserved 1048576K
Event: 8354.116 GC heap after
Heap after GC invocations=131 (full 59):
 PSYoungGen      total 1103872K, used 773247K [0x000000076ab00000, 0x00000007bdd80000, 0x00000007c0000000)
  eden space 838144K, 92% used [0x000000076ab00000,0x0000000799e1ff50,0x000000079dd80000)
  from space 265728K, 0% used [0x00000007ada00000,0x00000007ada00000,0x00000007bdd80000)
  to   space 258560K, 0% used [0x000000079dd80000,0x000000079dd80000,0x00000007ada00000)
 ParOldGen       total 2796544K, used 2796263K [0x00000006c0000000, 0x000000076ab00000, 0x000000076ab00000)
  object space 2796544K, 99% used [0x00000006c0000000,0x000000076aab9c98,0x000000076ab00000)
 Metaspace       used 248999K, capacity 254552K, committed 254976K, reserved 1269760K
  class space    used 33523K, capacity 35164K, committed 35328K, reserved 1048576K
}
Event: 8354.468 GC heap before
{Heap before GC invocations=132 (full 60):
 PSYoungGen      total 1103872K, used 838144K [0x000000076ab00000, 0x00000007bdd80000, 0x00000007c0000000)
  eden space 838144K, 100% used [0x000000076ab00000,0x000000079dd80000,0x000000079dd80000)
  from space 265728K, 0% used [0x00000007ada00000,0x00000007ada00000,0x00000007bdd80000)
  to   space 258560K, 0% used [0x000000079dd80000,0x000000079dd80000,0x00000007ada00000)
 ParOldGen       total 2796544K, used 2796263K [0x00000006c0000000, 0x000000076ab00000, 0x000000076ab00000)
  object space 2796544K, 99% used [0x00000006c0000000,0x000000076aab9c98,0x000000076ab00000)
 Metaspace       used 251787K, capacity 257352K, committed 257664K, reserved 1271808K
  class space    used 33925K, capacity 35586K, committed 35712K, reserved 1048576K
Event: 8358.062 GC heap after
Heap after GC invocations=132 (full 60):
 PSYoungGen      total 1103872K, used 784454K [0x000000076ab00000, 0x00000007bdd80000, 0x00000007c0000000)
  eden space 838144K, 93% used [0x000000076ab00000,0x000000079a911a50,0x000000079dd80000)
  from space 265728K, 0% used [0x00000007ada00000,0x00000007ada00000,0x00000007bdd80000)
  to   space 258560K, 0% used [0x000000079dd80000,0x000000079dd80000,0x00000007ada00000)
 ParOldGen       total 2796544K, used 2796051K [0x00000006c0000000, 0x000000076ab00000, 0x000000076ab00000)
  object space 2796544K, 99% used [0x00000006c0000000,0x000000076aa84f90,0x000000076ab00000)
 Metaspace       used 251787K, capacity 257352K, committed 257664K, reserved 1271808K
  class space    used 33925K, capacity 35586K, committed 35712K, reserved 1048576K
}
Event: 8358.427 GC heap before
{Heap before GC invocations=133 (full 61):
 PSYoungGen      total 1103872K, used 838144K [0x000000076ab00000, 0x00000007bdd80000, 0x00000007c0000000)
  eden space 838144K, 100% used [0x000000076ab00000,0x000000079dd80000,0x000000079dd80000)
  from space 265728K, 0% used [0x00000007ada00000,0x00000007ada00000,0x00000007bdd80000)
  to   space 258560K, 0% used [0x000000079dd80000,0x000000079dd80000,0x00000007ada00000)
 ParOldGen       total 2796544K, used 2796051K [0x00000006c0000000, 0x000000076ab00000, 0x000000076ab00000)
  object space 2796544K, 99% used [0x00000006c0000000,0x000000076aa84f90,0x000000076ab00000)
 Metaspace       used 253440K, capacity 258996K, committed 259328K, reserved 1273856K
  class space    used 34140K, capacity 35786K, committed 35840K, reserved 1048576K

