# JRE version: Java(TM) SE Runtime Environment (8.0_231-b11) (build 1.8.0_231-b11)
# Java VM: Java HotSpot(TM) 64-Bit Server VM (25.231-b11 mixed mode windows-amd64 compressed oops)
Heap:
 PSYoungGen      total 1070080K, used 109353K [0x000000076ab00000, 0x00000007bee80000, 0x00000007c0000000)
  eden space 787456K, 0% used [0x000000076ab00000,0x000000076ab00000,0x000000079ac00000)
  from space 282624K, 38% used [0x000000079ac00000,0x00000007a16ca770,0x00000007ac000000)
  to   space 275456K, 0% used [0x00000007ae180000,0x00000007ae180000,0x00000007bee80000)
 ParOldGen       total 1524736K, used 1417116K [0x00000006c0000000, 0x000000071d100000, 0x000000076ab00000)
  object space 1524736K, 92% used [0x00000006c0000000,0x00000007167e72a8,0x000000071d100000)
 Metaspace       used 145053K, capacity 149922K, committed 150360K, reserved 1179648K
  class space    used 19406K, capacity 20530K, committed 20608K, reserved 1048576K
GC Heap History (10 events):
Event: 2992.186 GC heap after
Heap after GC invocations=59 (full 6):
 PSYoungGen      total 1003008K, used 99603K [0x000000076ab00000, 0x00000007bd280000, 0x00000007c0000000)
  eden space 659968K, 0% used [0x000000076ab00000,0x000000076ab00000,0x0000000792f80000)
  from space 343040K, 29% used [0x0000000792f80000,0x00000007990c4fb0,0x00000007a7e80000)
  to   space 321536K, 0% used [0x00000007a9880000,0x00000007a9880000,0x00000007bd280000)
 ParOldGen       total 1524736K, used 1284416K [0x00000006c0000000, 0x000000071d100000, 0x000000076ab00000)
  object space 1524736K, 84% used [0x00000006c0000000,0x000000070e650050,0x000000071d100000)
 Metaspace       used 139865K, capacity 144582K, committed 144984K, reserved 1175552K
  class space    used 18712K, capacity 19806K, committed 19840K, reserved 1048576K
}
Event: 2996.431 GC heap before
{Heap before GC invocations=60 (full 6):
 PSYoungGen      total 1003008K, used 759510K [0x000000076ab00000, 0x00000007bd280000, 0x00000007c0000000)
  eden space 659968K, 99% used [0x000000076ab00000,0x0000000792f70858,0x0000000792f80000)
  from space 343040K, 29% used [0x0000000792f80000,0x00000007990c4fb0,0x00000007a7e80000)
  to   space 321536K, 0% used [0x00000007a9880000,0x00000007a9880000,0x00000007bd280000)
 ParOldGen       total 1524736K, used 1284416K [0x00000006c0000000, 0x000000071d100000, 0x000000076ab00000)
  object space 1524736K, 84% used [0x00000006c0000000,0x000000070e650050,0x000000071d100000)
 Metaspace       used 139953K, capacity 144710K, committed 144984K, reserved 1175552K
  class space    used 18713K, capacity 19806K, committed 19840K, reserved 1048576K
Event: 2996.483 GC heap after
Heap after GC invocations=60 (full 6):
 PSYoungGen      total 1040896K, used 35147K [0x000000076ab00000, 0x00000007bd000000, 0x00000007c0000000)
  eden space 721920K, 0% used [0x000000076ab00000,0x000000076ab00000,0x0000000796c00000)
  from space 318976K, 11% used [0x00000007a9880000,0x00000007abad2ed0,0x00000007bd000000)
  to   space 307712K, 0% used [0x0000000796c00000,0x0000000796c00000,0x00000007a9880000)
 ParOldGen       total 1524736K, used 1362449K [0x00000006c0000000, 0x000000071d100000, 0x000000076ab00000)
  object space 1524736K, 89% used [0x00000006c0000000,0x00000007132845e0,0x000000071d100000)
 Metaspace       used 139953K, capacity 144710K, committed 144984K, reserved 1175552K
  class space    used 18713K, capacity 19806K, committed 19840K, reserved 1048576K
}
Event: 2998.142 GC heap before
{Heap before GC invocations=61 (full 6):
 PSYoungGen      total 1040896K, used 756790K [0x000000076ab00000, 0x00000007bd000000, 0x00000007c0000000)
  eden space 721920K, 99% used [0x000000076ab00000,0x0000000796bbaa18,0x0000000796c00000)
  from space 318976K, 11% used [0x00000007a9880000,0x00000007abad2ed0,0x00000007bd000000)
  to   space 307712K, 0% used [0x0000000796c00000,0x0000000796c00000,0x00000007a9880000)
 ParOldGen       total 1524736K, used 1362449K [0x00000006c0000000, 0x000000071d100000, 0x000000076ab00000)
  object space 1524736K, 89% used [0x00000006c0000000,0x00000007132845e0,0x000000071d100000)
 Metaspace       used 139959K, capacity 144710K, committed 144984K, reserved 1175552K
  class space    used 18713K, capacity 19806K, committed 19840K, reserved 1048576K
Event: 2998.163 GC heap after
Heap after GC invocations=61 (full 6):
 PSYoungGen      total 1029632K, used 3920K [0x000000076ab00000, 0x00000007be400000, 0x00000007c0000000)
  eden space 721920K, 0% used [0x000000076ab00000,0x000000076ab00000,0x0000000796c00000)
  from space 307712K, 1% used [0x0000000796c00000,0x0000000796fd4070,0x00000007a9880000)
  to   space 299008K, 0% used [0x00000007ac000000,0x00000007ac000000,0x00000007be400000)
 ParOldGen       total 1524736K, used 1394649K [0x00000006c0000000, 0x000000071d100000, 0x000000076ab00000)
  object space 1524736K, 91% used [0x00000006c0000000,0x00000007151f6730,0x000000071d100000)
 Metaspace       used 139959K, capacity 144710K, committed 144984K, reserved 1175552K
  class space    used 18713K, capacity 19806K, committed 19840K, reserved 1048576K
}
Event: 3127.486 GC heap before
{Heap before GC invocations=62 (full 6):
 PSYoungGen      total 1029632K, used 725840K [0x000000076ab00000, 0x00000007be400000, 0x00000007c0000000)
  eden space 721920K, 100% used [0x000000076ab00000,0x0000000796c00000,0x0000000796c00000)
  from space 307712K, 1% used [0x0000000796c00000,0x0000000796fd4070,0x00000007a9880000)
  to   space 299008K, 0% used [0x00000007ac000000,0x00000007ac000000,0x00000007be400000)
 ParOldGen       total 1524736K, used 1394649K [0x00000006c0000000, 0x000000071d100000, 0x000000076ab00000)
  object space 1524736K, 91% used [0x00000006c0000000,0x00000007151f6730,0x000000071d100000)
 Metaspace       used 140031K, capacity 144794K, committed 144984K, reserved 1175552K
  class space    used 18717K, capacity 19810K, committed 19840K, reserved 1048576K
Event: 3127.519 GC heap after
Heap after GC invocations=62 (full 6):
 PSYoungGen      total 1073664K, used 40644K [0x000000076ab00000, 0x00000007bd780000, 0x00000007c0000000)
  eden space 787456K, 0% used [0x000000076ab00000,0x000000076ab00000,0x000000079ac00000)
  from space 286208K, 14% used [0x00000007ac000000,0x00000007ae7b1180,0x00000007bd780000)
  to   space 282624K, 0% used [0x000000079ac00000,0x000000079ac00000,0x00000007ac000000)
 ParOldGen       total 1524736K, used 1394681K [0x00000006c0000000, 0x000000071d100000, 0x000000076ab00000)
  object space 1524736K, 91% used [0x00000006c0000000,0x00000007151fe730,0x000000071d100000)
 Metaspace       used 140031K, capacity 144794K, committed 144984K, reserved 1175552K
  class space    used 18717K, capacity 19810K, committed 19840K, reserved 1048576K
}
Event: 3130.353 GC heap before
{Heap before GC invocations=63 (full 6):
 PSYoungGen      total 1073664K, used 815148K [0x000000076ab00000, 0x00000007bd780000, 0x00000007c0000000)
  eden space 787456K, 98% used [0x000000076ab00000,0x0000000799f5a1e0,0x000000079ac00000)
  from space 286208K, 14% used [0x00000007ac000000,0x00000007ae7b1180,0x00000007bd780000)
  to   space 282624K, 0% used [0x000000079ac00000,0x000000079ac00000,0x00000007ac000000)
 ParOldGen       total 1524736K, used 1394681K [0x00000006c0000000, 0x000000071d100000, 0x000000076ab00000)
  object space 1524736K, 91% used [0x00000006c0000000,0x00000007151fe730,0x000000071d100000)
 Metaspace       used 145053K, capacity 149922K, committed 150360K, reserved 1179648K
  class space    used 19406K, capacity 20530K, committed 20608K, reserved 1048576K
Event: 3130.464 GC heap after
Heap after GC invocations=63 (full 6):
 PSYoungGen      total 1070080K, used 109353K [0x000000076ab00000, 0x00000007bee80000, 0x00000007c0000000)
  eden space 787456K, 0% used [0x000000076ab00000,0x000000076ab00000,0x000000079ac00000)
  from space 282624K, 38% used [0x000000079ac00000,0x00000007a16ca770,0x00000007ac000000)
  to   space 275456K, 0% used [0x00000007ae180000,0x00000007ae180000,0x00000007bee80000)
 ParOldGen       total 1524736K, used 1417116K [0x00000006c0000000, 0x000000071d100000, 0x000000076ab00000)
  object space 1524736K, 92% used [0x00000006c0000000,0x00000007167e72a8,0x000000071d100000)
 Metaspace       used 145053K, capacity 149922K, committed 150360K, reserved 1179648K
  class space    used 19406K, capacity 20530K, committed 20608K, reserved 1048576K
}
Event: 3130.464 GC heap before
{Heap before GC invocations=64 (full 7):
 PSYoungGen      total 1070080K, used 109353K [0x000000076ab00000, 0x00000007bee80000, 0x00000007c0000000)
  eden space 787456K, 0% used [0x000000076ab00000,0x000000076ab00000,0x000000079ac00000)
  from space 282624K, 38% used [0x000000079ac00000,0x00000007a16ca770,0x00000007ac000000)
  to   space 275456K, 0% used [0x00000007ae180000,0x00000007ae180000,0x00000007bee80000)
 ParOldGen       total 1524736K, used 1417116K [0x00000006c0000000, 0x000000071d100000, 0x000000076ab00000)
  object space 1524736K, 92% used [0x00000006c0000000,0x00000007167e72a8,0x000000071d100000)
 Metaspace       used 145053K, capacity 149922K, committed 150360K, reserved 1179648K
  class space    used 19406K, capacity 20530K, committed 20608K, reserved 1048576K

