# JRE version: OpenJDK Runtime Environment SapMachine (17.0.1+12) (build 17.0.1+12-LTS)
# Java VM: OpenJDK 64-Bit Server VM SapMachine (17.0.1+12-LTS, mixed mode, sharing, tiered, compressed oops, compressed class ptrs, g1 gc, windows-amd64)
GC Precious Log:
 CPUs: 4 total, 4 available
 Memory: 16304M
 Large Page Support: Disabled
 NUMA Support: Disabled
 Compressed Oops: Enabled (Zero based)
 Heap Region Size: 2M
 Heap Min Capacity: 8M
 Heap Initial Capacity: 256M
 Heap Max Capacity: 4G
 Pre-touch: Disabled
 Parallel Workers: 4
 Concurrent Workers: 1
 Concurrent Refinement Workers: 4
 Periodic GC: Disabled
Heap:
 garbage-first heap   total 825344K, used 612171K [0x0000000700000000, 0x0000000800000000)
  region size 2048K, 55 young (112640K), 9 survivors (18432K)
 Metaspace       used 59617K, committed 60288K, reserved 1105920K
  class space    used 8074K, committed 8384K, reserved 1048576K
GC Heap History (57 events):
Event: 0.231 GC heap before
{Heap before GC invocations=0 (full 0):
 garbage-first heap   total 262144K, used 14336K [0x0000000700000000, 0x0000000800000000)
  region size 2048K, 6 young (12288K), 0 survivors (0K)
 Metaspace       used 924K, committed 1088K, reserved 1056768K
  class space    used 74K, committed 128K, reserved 1048576K
}
Event: 0.233 GC heap after
{Heap after GC invocations=1 (full 0):
 garbage-first heap   total 262144K, used 2992K [0x0000000700000000, 0x0000000800000000)
  region size 2048K, 1 young (2048K), 1 survivors (2048K)
 Metaspace       used 924K, committed 1088K, reserved 1056768K
  class space    used 74K, committed 128K, reserved 1048576K
}
Event: 0.437 GC heap before
{Heap before GC invocations=1 (full 0):
 garbage-first heap   total 262144K, used 19376K [0x0000000700000000, 0x0000000800000000)
  region size 2048K, 7 young (14336K), 1 survivors (2048K)
 Metaspace       used 2972K, committed 3136K, reserved 1056768K
  class space    used 381K, committed 448K, reserved 1048576K
}
Event: 0.440 GC heap after
{Heap after GC invocations=2 (full 0):
 garbage-first heap   total 262144K, used 10059K [0x0000000700000000, 0x0000000800000000)
  region size 2048K, 1 young (2048K), 1 survivors (2048K)
 Metaspace       used 2972K, committed 3136K, reserved 1056768K
  class space    used 381K, committed 448K, reserved 1048576K
}
Event: 0.701 GC heap before
{Heap before GC invocations=2 (full 0):
 garbage-first heap   total 262144K, used 30539K [0x0000000700000000, 0x0000000800000000)
  region size 2048K, 11 young (22528K), 1 survivors (2048K)
 Metaspace       used 3833K, committed 4032K, reserved 1056768K
  class space    used 477K, committed 576K, reserved 1048576K
}
Event: 0.703 GC heap after
{Heap after GC invocations=3 (full 0):
 garbage-first heap   total 262144K, used 10569K [0x0000000700000000, 0x0000000800000000)
  region size 2048K, 2 young (4096K), 2 survivors (4096K)
 Metaspace       used 3833K, committed 4032K, reserved 1056768K
  class space    used 477K, committed 576K, reserved 1048576K
}
Event: 2.681 GC heap before
{Heap before GC invocations=3 (full 0):
 garbage-first heap   total 262144K, used 133449K [0x0000000700000000, 0x0000000800000000)
  region size 2048K, 63 young (129024K), 2 survivors (4096K)
 Metaspace       used 21215K, committed 21504K, reserved 1073152K
  class space    used 3177K, committed 3264K, reserved 1048576K
}
Event: 2.688 GC heap after
{Heap after GC invocations=4 (full 0):
 garbage-first heap   total 262144K, used 21394K [0x0000000700000000, 0x0000000800000000)
  region size 2048K, 7 young (14336K), 7 survivors (14336K)
 Metaspace       used 21215K, committed 21504K, reserved 1073152K
  class space    used 3177K, committed 3264K, reserved 1048576K
}
Event: 3.222 GC heap before
{Heap before GC invocations=5 (full 0):
 garbage-first heap   total 81920K, used 68498K [0x0000000700000000, 0x0000000800000000)
  region size 2048K, 31 young (63488K), 7 survivors (14336K)
 Metaspace       used 28835K, committed 29120K, reserved 1081344K
  class space    used 4080K, committed 4224K, reserved 1048576K
}
Event: 3.230 GC heap after
{Heap after GC invocations=6 (full 0):
 garbage-first heap   total 92160K, used 27303K [0x0000000700000000, 0x0000000800000000)
  region size 2048K, 3 young (6144K), 3 survivors (6144K)
 Metaspace       used 28835K, committed 29120K, reserved 1081344K
  class space    used 4080K, committed 4224K, reserved 1048576K
}
Event: 3.693 GC heap before
{Heap before GC invocations=6 (full 0):
 garbage-first heap   total 92160K, used 68263K [0x0000000700000000, 0x0000000800000000)
  region size 2048K, 22 young (45056K), 3 survivors (6144K)
 Metaspace       used 32189K, committed 32576K, reserved 1081344K
  class space    used 4456K, committed 4608K, reserved 1048576K
}
Event: 3.698 GC heap after
{Heap after GC invocations=7 (full 0):
 garbage-first heap   total 92160K, used 31606K [0x0000000700000000, 0x0000000800000000)
  region size 2048K, 3 young (6144K), 3 survivors (6144K)
 Metaspace       used 32189K, committed 32576K, reserved 1081344K
  class space    used 4456K, committed 4608K, reserved 1048576K
}
Event: 4.190 GC heap before
{Heap before GC invocations=7 (full 0):
 garbage-first heap   total 92160K, used 54134K [0x0000000700000000, 0x0000000800000000)
  region size 2048K, 16 young (32768K), 3 survivors (6144K)
 Metaspace       used 35744K, committed 36096K, reserved 1081344K
  class space    used 4918K, committed 5120K, reserved 1048576K
}
Event: 4.195 GC heap after
{Heap after GC invocations=8 (full 0):
 garbage-first heap   total 92160K, used 33613K [0x0000000700000000, 0x0000000800000000)
  region size 2048K, 1 young (2048K), 1 survivors (2048K)
 Metaspace       used 35744K, committed 36096K, reserved 1081344K
  class space    used 4918K, committed 5120K, reserved 1048576K
}
Event: 4.660 GC heap before
{Heap before GC invocations=9 (full 0):
 garbage-first heap   total 92160K, used 70477K [0x0000000700000000, 0x0000000800000000)
  region size 2048K, 19 young (38912K), 1 survivors (2048K)
 Metaspace       used 38854K, committed 39296K, reserved 1089536K
  class space    used 5357K, committed 5504K, reserved 1048576K
}
Event: 4.663 GC heap after
{Heap after GC invocations=10 (full 0):
 garbage-first heap   total 92160K, used 36964K [0x0000000700000000, 0x0000000800000000)
  region size 2048K, 3 young (6144K), 3 survivors (6144K)
 Metaspace       used 38854K, committed 39296K, reserved 1089536K
  class space    used 5357K, committed 5504K, reserved 1048576K
}
Event: 4.688 GC heap before
{Heap before GC invocations=10 (full 0):
 garbage-first heap   total 92160K, used 36964K [0x0000000700000000, 0x0000000800000000)
  region size 2048K, 4 young (8192K), 3 survivors (6144K)
 Metaspace       used 38952K, committed 39424K, reserved 1089536K
  class space    used 5374K, committed 5568K, reserved 1048576K
}
Event: 4.692 GC heap after
{Heap after GC invocations=11 (full 0):
 garbage-first heap   total 92160K, used 37048K [0x0000000700000000, 0x0000000800000000)
  region size 2048K, 1 young (2048K), 1 survivors (2048K)
 Metaspace       used 38952K, committed 39424K, reserved 1089536K
  class space    used 5374K, committed 5568K, reserved 1048576K
}
Event: 5.253 GC heap before
{Heap before GC invocations=11 (full 0):
 garbage-first heap   total 92160K, used 69816K [0x0000000700000000, 0x0000000800000000)
  region size 2048K, 17 young (34816K), 1 survivors (2048K)
 Metaspace       used 41085K, committed 41536K, reserved 1089536K
  class space    used 5644K, committed 5824K, reserved 1048576K
}
Event: 5.257 GC heap after
{Heap after GC invocations=12 (full 0):
 garbage-first heap   total 135168K, used 43515K [0x0000000700000000, 0x0000000800000000)
  region size 2048K, 3 young (6144K), 3 survivors (6144K)
 Metaspace       used 41085K, committed 41536K, reserved 1089536K
  class space    used 5644K, committed 5824K, reserved 1048576K
}
Event: 5.869 GC heap before
{Heap before GC invocations=12 (full 0):
 garbage-first heap   total 135168K, used 90619K [0x0000000700000000, 0x0000000800000000)
  region size 2048K, 26 young (53248K), 3 survivors (6144K)
 Metaspace       used 46863K, committed 47296K, reserved 1097728K
  class space    used 6351K, committed 6528K, reserved 1048576K
}
Event: 5.875 GC heap after
{Heap after GC invocations=13 (full 0):
 garbage-first heap   total 135168K, used 46524K [0x0000000700000000, 0x0000000800000000)
  region size 2048K, 2 young (4096K), 2 survivors (4096K)
 Metaspace       used 46863K, committed 47296K, reserved 1097728K
  class space    used 6351K, committed 6528K, reserved 1048576K
}
Event: 6.376 GC heap before
{Heap before GC invocations=13 (full 0):
 garbage-first heap   total 135168K, used 93628K [0x0000000700000000, 0x0000000800000000)
  region size 2048K, 25 young (51200K), 2 survivors (4096K)
 Metaspace       used 50918K, committed 51456K, reserved 1097728K
  class space    used 6986K, committed 7232K, reserved 1048576K
}
Event: 6.381 GC heap after
{Heap after GC invocations=14 (full 0):
 garbage-first heap   total 135168K, used 49397K [0x0000000700000000, 0x0000000800000000)
  region size 2048K, 3 young (6144K), 3 survivors (6144K)
 Metaspace       used 50918K, committed 51456K, reserved 1097728K
  class space    used 6986K, committed 7232K, reserved 1048576K
}
Event: 6.911 GC heap before
{Heap before GC invocations=14 (full 0):
 garbage-first heap   total 135168K, used 98549K [0x0000000700000000, 0x0000000800000000)
  region size 2048K, 27 young (55296K), 3 survivors (6144K)
 Metaspace       used 53442K, committed 54144K, reserved 1097728K
  class space    used 7372K, committed 7680K, reserved 1048576K
}
Event: 6.918 GC heap after
{Heap after GC invocations=15 (full 0):
 garbage-first heap   total 135168K, used 54494K [0x0000000700000000, 0x0000000800000000)
  region size 2048K, 4 young (8192K), 4 survivors (8192K)
 Metaspace       used 53442K, committed 54144K, reserved 1097728K
  class space    used 7372K, committed 7680K, reserved 1048576K
}
Event: 8.030 GC heap before
{Heap before GC invocations=15 (full 0):
 garbage-first heap   total 135168K, used 105694K [0x0000000700000000, 0x0000000800000000)
  region size 2048K, 27 young (55296K), 4 survivors (8192K)
 Metaspace       used 58818K, committed 59456K, reserved 1105920K
  class space    used 8003K, committed 8320K, reserved 1048576K
}
Event: 8.041 GC heap after
{Heap after GC invocations=16 (full 0):
 garbage-first heap   total 135168K, used 68024K [0x0000000700000000, 0x0000000800000000)
  region size 2048K, 4 young (8192K), 4 survivors (8192K)
 Metaspace       used 58818K, committed 59456K, reserved 1105920K
  class space    used 8003K, committed 8320K, reserved 1048576K
}
Event: 8.113 GC heap before
{Heap before GC invocations=16 (full 0):
 garbage-first heap   total 135168K, used 88504K [0x0000000700000000, 0x0000000800000000)
  region size 2048K, 15 young (30720K), 4 survivors (8192K)
 Metaspace       used 59039K, committed 59712K, reserved 1105920K
  class space    used 8023K, committed 8320K, reserved 1048576K
}
Event: 8.126 GC heap after
{Heap after GC invocations=17 (full 0):
 garbage-first heap   total 135168K, used 87810K [0x0000000700000000, 0x0000000800000000)
  region size 2048K, 3 young (6144K), 3 survivors (6144K)
 Metaspace       used 59039K, committed 59712K, reserved 1105920K
  class space    used 8023K, committed 8320K, reserved 1048576K
}
Event: 8.308 GC heap before
{Heap before GC invocations=18 (full 0):
 garbage-first heap   total 157696K, used 102146K [0x0000000700000000, 0x0000000800000000)
  region size 2048K, 9 young (18432K), 3 survivors (6144K)
 Metaspace       used 59192K, committed 59776K, reserved 1105920K
  class space    used 8037K, committed 8320K, reserved 1048576K
}
Event: 8.314 GC heap after
{Heap after GC invocations=19 (full 0):
 garbage-first heap   total 157696K, used 97891K [0x0000000700000000, 0x0000000800000000)
  region size 2048K, 2 young (4096K), 2 survivors (4096K)
 Metaspace       used 59192K, committed 59776K, reserved 1105920K
  class space    used 8037K, committed 8320K, reserved 1048576K
}
Event: 8.372 GC heap before
{Heap before GC invocations=19 (full 0):
 garbage-first heap   total 157696K, used 110179K [0x0000000700000000, 0x0000000800000000)
  region size 2048K, 9 young (18432K), 2 survivors (4096K)
 Metaspace       used 59317K, committed 59968K, reserved 1105920K
  class space    used 8040K, committed 8320K, reserved 1048576K
}
Event: 8.376 GC heap after
{Heap after GC invocations=20 (full 0):
 garbage-first heap   total 157696K, used 100032K [0x0000000700000000, 0x0000000800000000)
  region size 2048K, 1 young (2048K), 1 survivors (2048K)
 Metaspace       used 59317K, committed 59968K, reserved 1105920K
  class space    used 8040K, committed 8320K, reserved 1048576K
}
Event: 8.469 GC heap before
{Heap before GC invocations=20 (full 0):
 garbage-first heap   total 157696K, used 114368K [0x0000000700000000, 0x0000000800000000)
  region size 2048K, 9 young (18432K), 1 survivors (2048K)
 Metaspace       used 59356K, committed 60032K, reserved 1105920K
  class space    used 8043K, committed 8384K, reserved 1048576K
}
Event: 8.472 GC heap after
{Heap after GC invocations=21 (full 0):
 garbage-first heap   total 157696K, used 102080K [0x0000000700000000, 0x0000000800000000)
  region size 2048K, 2 young (4096K), 2 survivors (4096K)
 Metaspace       used 59356K, committed 60032K, reserved 1105920K
  class space    used 8043K, committed 8384K, reserved 1048576K
}
Event: 8.579 GC heap before
{Heap before GC invocations=22 (full 0):
 garbage-first heap   total 178176K, used 116416K [0x0000000700000000, 0x0000000800000000)
  region size 2048K, 10 young (20480K), 2 survivors (4096K)
 Metaspace       used 59373K, committed 60032K, reserved 1105920K
  class space    used 8044K, committed 8384K, reserved 1048576K
}
Event: 8.585 GC heap after
{Heap after GC invocations=23 (full 0):
 garbage-first heap   total 178176K, used 105519K [0x0000000700000000, 0x0000000800000000)
  region size 2048K, 2 young (4096K), 2 survivors (4096K)
 Metaspace       used 59373K, committed 60032K, reserved 1105920K
  class space    used 8044K, committed 8384K, reserved 1048576K
}
Event: 8.659 GC heap before
{Heap before GC invocations=23 (full 0):
 garbage-first heap   total 178176K, used 128047K [0x0000000700000000, 0x0000000800000000)
  region size 2048K, 14 young (28672K), 2 survivors (4096K)
 Metaspace       used 59374K, committed 60032K, reserved 1105920K
  class space    used 8044K, committed 8384K, reserved 1048576K
}
Event: 8.664 GC heap after
{Heap after GC invocations=24 (full 0):
 garbage-first heap   total 356352K, used 109437K [0x0000000700000000, 0x0000000800000000)
  region size 2048K, 2 young (4096K), 2 survivors (4096K)
 Metaspace       used 59374K, committed 60032K, reserved 1105920K
  class space    used 8044K, committed 8384K, reserved 1048576K
}
Event: 9.075 GC heap before
{Heap before GC invocations=25 (full 0):
 garbage-first heap   total 356352K, used 217981K [0x0000000700000000, 0x0000000800000000)
  region size 2048K, 55 young (112640K), 2 survivors (4096K)
 Metaspace       used 59441K, committed 60160K, reserved 1105920K
  class space    used 8051K, committed 8384K, reserved 1048576K
}
Event: 9.091 GC heap after
{Heap after GC invocations=26 (full 0):
 garbage-first heap   total 356352K, used 134210K [0x0000000700000000, 0x0000000800000000)
  region size 2048K, 7 young (14336K), 7 survivors (14336K)
 Metaspace       used 59441K, committed 60160K, reserved 1105920K
  class space    used 8051K, committed 8384K, reserved 1048576K
}
Event: 9.100 GC heap before
{Heap before GC invocations=26 (full 0):
 garbage-first heap   total 356352K, used 136258K [0x0000000700000000, 0x0000000800000000)
  region size 2048K, 8 young (16384K), 7 survivors (14336K)
 Metaspace       used 59488K, committed 60160K, reserved 1105920K
  class space    used 8057K, committed 8384K, reserved 1048576K
}
Event: 9.108 GC heap after
{Heap after GC invocations=27 (full 0):
 garbage-first heap   total 356352K, used 135951K [0x0000000700000000, 0x0000000800000000)
  region size 2048K, 1 young (2048K), 1 survivors (2048K)
 Metaspace       used 59488K, committed 60160K, reserved 1105920K
  class space    used 8057K, committed 8384K, reserved 1048576K
}
Event: 9.360 GC heap before
{Heap before GC invocations=27 (full 0):
 garbage-first heap   total 356352K, used 232207K [0x0000000700000000, 0x0000000800000000)
  region size 2048K, 49 young (100352K), 1 survivors (2048K)
 Metaspace       used 59510K, committed 60160K, reserved 1105920K
  class space    used 8058K, committed 8384K, reserved 1048576K
}
Event: 9.369 GC heap after
{Heap after GC invocations=28 (full 0):
 garbage-first heap   total 356352K, used 146815K [0x0000000700000000, 0x0000000800000000)
  region size 2048K, 7 young (14336K), 7 survivors (14336K)
 Metaspace       used 59510K, committed 60160K, reserved 1105920K
  class space    used 8058K, committed 8384K, reserved 1048576K
}
Event: 9.586 GC heap before
{Heap before GC invocations=28 (full 0):
 garbage-first heap   total 356352K, used 245119K [0x0000000700000000, 0x0000000800000000)
  region size 2048K, 55 young (112640K), 7 survivors (14336K)
 Metaspace       used 59519K, committed 60160K, reserved 1105920K
  class space    used 8058K, committed 8384K, reserved 1048576K
}
Event: 9.597 GC heap after
{Heap after GC invocations=29 (full 0):
 garbage-first heap   total 356352K, used 161785K [0x0000000700000000, 0x0000000800000000)
  region size 2048K, 7 young (14336K), 7 survivors (14336K)
 Metaspace       used 59519K, committed 60160K, reserved 1105920K
  class space    used 8058K, committed 8384K, reserved 1048576K
}
Event: 9.767 GC heap before
{Heap before GC invocations=29 (full 0):
 garbage-first heap   total 356352K, used 253945K [0x0000000700000000, 0x0000000800000000)
  region size 2048K, 53 young (108544K), 7 survivors (14336K)
 Metaspace       used 59520K, committed 60160K, reserved 1105920K
  class space    used 8058K, committed 8384K, reserved 1048576K
}
Event: 9.779 GC heap after
{Heap after GC invocations=30 (full 0):
 garbage-first heap   total 776192K, used 180578K [0x0000000700000000, 0x0000000800000000)
  region size 2048K, 7 young (14336K), 7 survivors (14336K)
 Metaspace       used 59520K, committed 60160K, reserved 1105920K
  class space    used 8058K, committed 8384K, reserved 1048576K
}
Event: 10.480 GC heap before
{Heap before GC invocations=30 (full 0):
 garbage-first heap   total 776192K, used 502114K [0x0000000700000000, 0x0000000800000000)
  region size 2048K, 164 young (335872K), 7 survivors (14336K)
 Metaspace       used 59529K, committed 60160K, reserved 1105920K
  class space    used 8059K, committed 8384K, reserved 1048576K
}
Event: 10.508 GC heap after
{Heap after GC invocations=31 (full 0):
 garbage-first heap   total 776192K, used 232044K [0x0000000700000000, 0x0000000800000000)
  region size 2048K, 21 young (43008K), 21 survivors (43008K)
 Metaspace       used 59529K, committed 60160K, reserved 1105920K
  class space    used 8059K, committed 8384K, reserved 1048576K
}
Event: 11.124 GC heap before
{Heap before GC invocations=31 (full 0):
 garbage-first heap   total 776192K, used 518764K [0x0000000700000000, 0x0000000800000000)
  region size 2048K, 161 young (329728K), 21 survivors (43008K)
 Metaspace       used 59533K, committed 60160K, reserved 1105920K
  class space    used 8060K, committed 8384K, reserved 1048576K
}
Event: 11.158 GC heap after
{Heap after GC invocations=32 (full 0):
 garbage-first heap   total 776192K, used 281415K [0x0000000700000000, 0x0000000800000000)
  region size 2048K, 21 young (43008K), 21 survivors (43008K)
 Metaspace       used 59533K, committed 60160K, reserved 1105920K
  class space    used 8060K, committed 8384K, reserved 1048576K
}
Event: 11.421 GC heap before
{Heap before GC invocations=32 (full 0):
 garbage-first heap   total 776192K, used 545607K [0x0000000700000000, 0x0000000800000000)
  region size 2048K, 150 young (307200K), 21 survivors (43008K)
 Metaspace       used 59563K, committed 60224K, reserved 1105920K
  class space    used 8064K, committed 8384K, reserved 1048576K
}
Event: 11.530 GC heap after
{Heap after GC invocations=33 (full 0):
 garbage-first heap   total 825344K, used 517963K [0x0000000700000000, 0x0000000800000000)
  region size 2048K, 19 young (38912K), 19 survivors (38912K)
 Metaspace       used 59563K, committed 60224K, reserved 1105920K
  class space    used 8064K, committed 8384K, reserved 1048576K
}
Event: 11.647 GC heap before
{Heap before GC invocations=33 (full 0):
 garbage-first heap   total 825344K, used 612171K [0x0000000700000000, 0x0000000800000000)
  region size 2048K, 65 young (133120K), 19 survivors (38912K)
 Metaspace       used 59617K, committed 60288K, reserved 1105920K
  class space    used 8074K, committed 8384K, reserved 1048576K
}

