# JRE version: Java(TM) SE Runtime Environment (8.0_231-b11) (build 1.8.0_231-b11)
# Java VM: Java HotSpot(TM) 64-Bit Server VM (25.231-b11 mixed mode windows-amd64 compressed oops)
Heap:
 PSYoungGen      total 1148928K, used 104190K [0x000000076ab00000, 0x00000007be280000, 0x00000007c0000000)
  eden space 927232K, 0% used [0x000000076ab00000,0x000000076ab00000,0x00000007a3480000)
  from space 221696K, 46% used [0x00000007b0a00000,0x00000007b6fbf910,0x00000007be280000)
  to   space 218624K, 0% used [0x00000007a3480000,0x00000007a3480000,0x00000007b0a00000)
 ParOldGen       total 862720K, used 791998K [0x00000006c0000000, 0x00000006f4a80000, 0x000000076ab00000)
  object space 862720K, 91% used [0x00000006c0000000,0x00000006f056f808,0x00000006f4a80000)
 Metaspace       used 128910K, capacity 133048K, committed 133248K, reserved 1165312K
  class space    used 17131K, capacity 17757K, committed 17792K, reserved 1048576K
GC Heap History (10 events):
Event: 9604.469 GC heap after
Heap after GC invocations=55 (full 5):
 PSYoungGen      total 1117184K, used 2803K [0x000000076ab00000, 0x00000007bf980000, 0x00000007c0000000)
  eden space 853504K, 0% used [0x000000076ab00000,0x000000076ab00000,0x000000079ec80000)
  from space 263680K, 1% used [0x00000007af000000,0x00000007af2bcd90,0x00000007bf180000)
  to   space 265728K, 0% used [0x000000079ec80000,0x000000079ec80000,0x00000007af000000)
 ParOldGen       total 862720K, used 642707K [0x00000006c0000000, 0x00000006f4a80000, 0x000000076ab00000)
  object space 862720K, 74% used [0x00000006c0000000,0x00000006e73a4de8,0x00000006f4a80000)
 Metaspace       used 112598K, capacity 116326K, committed 116480K, reserved 1150976K
  class space    used 14903K, capacity 15496K, committed 15616K, reserved 1048576K
}
Event: 9801.373 GC heap before
{Heap before GC invocations=56 (full 5):
 PSYoungGen      total 1117184K, used 856307K [0x000000076ab00000, 0x00000007bf980000, 0x00000007c0000000)
  eden space 853504K, 100% used [0x000000076ab00000,0x000000079ec80000,0x000000079ec80000)
  from space 263680K, 1% used [0x00000007af000000,0x00000007af2bcd90,0x00000007bf180000)
  to   space 265728K, 0% used [0x000000079ec80000,0x000000079ec80000,0x00000007af000000)
 ParOldGen       total 862720K, used 642707K [0x00000006c0000000, 0x00000006f4a80000, 0x000000076ab00000)
  object space 862720K, 74% used [0x00000006c0000000,0x00000006e73a4de8,0x00000006f4a80000)
 Metaspace       used 116626K, capacity 120470K, committed 120576K, reserved 1153024K
  class space    used 15459K, capacity 16058K, committed 16128K, reserved 1048576K
Event: 9801.411 GC heap after
Heap after GC invocations=56 (full 5):
 PSYoungGen      total 1119232K, used 71681K [0x000000076ab00000, 0x00000007be800000, 0x00000007c0000000)
  eden space 853504K, 0% used [0x000000076ab00000,0x000000076ab00000,0x000000079ec80000)
  from space 265728K, 26% used [0x000000079ec80000,0x00000007a32807a8,0x00000007af000000)
  to   space 252416K, 0% used [0x00000007af180000,0x00000007af180000,0x00000007be800000)
 ParOldGen       total 862720K, used 642771K [0x00000006c0000000, 0x00000006f4a80000, 0x000000076ab00000)
  object space 862720K, 74% used [0x00000006c0000000,0x00000006e73b4e08,0x00000006f4a80000)
 Metaspace       used 116626K, capacity 120470K, committed 120576K, reserved 1153024K
  class space    used 15459K, capacity 16058K, committed 16128K, reserved 1048576K
}
Event: 9981.452 GC heap before
{Heap before GC invocations=57 (full 5):
 PSYoungGen      total 1119232K, used 925185K [0x000000076ab00000, 0x00000007be800000, 0x00000007c0000000)
  eden space 853504K, 100% used [0x000000076ab00000,0x000000079ec80000,0x000000079ec80000)
  from space 265728K, 26% used [0x000000079ec80000,0x00000007a32807a8,0x00000007af000000)
  to   space 252416K, 0% used [0x00000007af180000,0x00000007af180000,0x00000007be800000)
 ParOldGen       total 862720K, used 642771K [0x00000006c0000000, 0x00000006f4a80000, 0x000000076ab00000)
  object space 862720K, 74% used [0x00000006c0000000,0x00000006e73b4e08,0x00000006f4a80000)
 Metaspace       used 120715K, capacity 124684K, committed 124928K, reserved 1157120K
  class space    used 16014K, capacity 16621K, committed 16640K, reserved 1048576K
Event: 9981.523 GC heap after
Heap after GC invocations=57 (full 5):
 PSYoungGen      total 1118720K, used 73104K [0x000000076ab00000, 0x00000007bdb00000, 0x00000007c0000000)
  eden space 879616K, 0% used [0x000000076ab00000,0x000000076ab00000,0x00000007a0600000)
  from space 239104K, 30% used [0x00000007af180000,0x00000007b38e43f8,0x00000007bdb00000)
  to   space 240128K, 0% used [0x00000007a0600000,0x00000007a0600000,0x00000007af080000)
 ParOldGen       total 862720K, used 695300K [0x00000006c0000000, 0x00000006f4a80000, 0x000000076ab00000)
  object space 862720K, 80% used [0x00000006c0000000,0x00000006ea701300,0x00000006f4a80000)
 Metaspace       used 120715K, capacity 124684K, committed 124928K, reserved 1157120K
  class space    used 16014K, capacity 16621K, committed 16640K, reserved 1048576K
}
Event: 10076.156 GC heap before
{Heap before GC invocations=58 (full 5):
 PSYoungGen      total 1118720K, used 947184K [0x000000076ab00000, 0x00000007bdb00000, 0x00000007c0000000)
  eden space 879616K, 99% used [0x000000076ab00000,0x00000007a0097ed8,0x00000007a0600000)
  from space 239104K, 30% used [0x00000007af180000,0x00000007b38e43f8,0x00000007bdb00000)
  to   space 240128K, 0% used [0x00000007a0600000,0x00000007a0600000,0x00000007af080000)
 ParOldGen       total 862720K, used 695300K [0x00000006c0000000, 0x00000006f4a80000, 0x000000076ab00000)
  object space 862720K, 80% used [0x00000006c0000000,0x00000006ea701300,0x00000006f4a80000)
 Metaspace       used 124835K, capacity 128932K, committed 129152K, reserved 1161216K
  class space    used 16573K, capacity 17189K, committed 17280K, reserved 1048576K
Event: 10076.268 GC heap after
Heap after GC invocations=58 (full 5):
 PSYoungGen      total 1119744K, used 79761K [0x000000076ab00000, 0x00000007be800000, 0x00000007c0000000)
  eden space 879616K, 0% used [0x000000076ab00000,0x000000076ab00000,0x00000007a0600000)
  from space 240128K, 33% used [0x00000007a0600000,0x00000007a53e45b8,0x00000007af080000)
  to   space 227328K, 0% used [0x00000007b0a00000,0x00000007b0a00000,0x00000007be800000)
 ParOldGen       total 862720K, used 744701K [0x00000006c0000000, 0x00000006f4a80000, 0x000000076ab00000)
  object space 862720K, 86% used [0x00000006c0000000,0x00000006ed73f758,0x00000006f4a80000)
 Metaspace       used 124835K, capacity 128932K, committed 129152K, reserved 1161216K
  class space    used 16573K, capacity 17189K, committed 17280K, reserved 1048576K
}
Event: 10143.547 GC heap before
{Heap before GC invocations=59 (full 5):
 PSYoungGen      total 1119744K, used 952885K [0x000000076ab00000, 0x00000007be800000, 0x00000007c0000000)
  eden space 879616K, 99% used [0x000000076ab00000,0x000000079ffa9208,0x00000007a0600000)
  from space 240128K, 33% used [0x00000007a0600000,0x00000007a53e45b8,0x00000007af080000)
  to   space 227328K, 0% used [0x00000007b0a00000,0x00000007b0a00000,0x00000007be800000)
 ParOldGen       total 862720K, used 744701K [0x00000006c0000000, 0x00000006f4a80000, 0x000000076ab00000)
  object space 862720K, 86% used [0x00000006c0000000,0x00000006ed73f758,0x00000006f4a80000)
 Metaspace       used 128910K, capacity 133048K, committed 133248K, reserved 1165312K
  class space    used 17131K, capacity 17757K, committed 17792K, reserved 1048576K
Event: 10143.626 GC heap after
Heap after GC invocations=59 (full 5):
 PSYoungGen      total 1148928K, used 104190K [0x000000076ab00000, 0x00000007be280000, 0x00000007c0000000)
  eden space 927232K, 0% used [0x000000076ab00000,0x000000076ab00000,0x00000007a3480000)
  from space 221696K, 46% used [0x00000007b0a00000,0x00000007b6fbf910,0x00000007be280000)
  to   space 218624K, 0% used [0x00000007a3480000,0x00000007a3480000,0x00000007b0a00000)
 ParOldGen       total 862720K, used 791998K [0x00000006c0000000, 0x00000006f4a80000, 0x000000076ab00000)
  object space 862720K, 91% used [0x00000006c0000000,0x00000006f056f808,0x00000006f4a80000)
 Metaspace       used 128910K, capacity 133048K, committed 133248K, reserved 1165312K
  class space    used 17131K, capacity 17757K, committed 17792K, reserved 1048576K
}
Event: 10143.626 GC heap before
{Heap before GC invocations=60 (full 6):
 PSYoungGen      total 1148928K, used 104190K [0x000000076ab00000, 0x00000007be280000, 0x00000007c0000000)
  eden space 927232K, 0% used [0x000000076ab00000,0x000000076ab00000,0x00000007a3480000)
  from space 221696K, 46% used [0x00000007b0a00000,0x00000007b6fbf910,0x00000007be280000)
  to   space 218624K, 0% used [0x00000007a3480000,0x00000007a3480000,0x00000007b0a00000)
 ParOldGen       total 862720K, used 791998K [0x00000006c0000000, 0x00000006f4a80000, 0x000000076ab00000)
  object space 862720K, 91% used [0x00000006c0000000,0x00000006f056f808,0x00000006f4a80000)
 Metaspace       used 128910K, capacity 133048K, committed 133248K, reserved 1165312K
  class space    used 17131K, capacity 17757K, committed 17792K, reserved 1048576K

