# JRE version: Java(TM) SE Runtime Environment (8.0_231-b11) (build 1.8.0_231-b11)
# Java VM: Java HotSpot(TM) 64-Bit Server VM (25.231-b11 mixed mode windows-amd64 compressed oops)
Heap:
 PSYoungGen      total 1298432K, used 1298323K [0x000000076ab00000, 0x00000007c0000000, 0x00000007c0000000)
  eden space 1199104K, 99% used [0x000000076ab00000,0x00000007b3dec6f0,0x00000007b3e00000)
  from space 99328K, 99% used [0x00000007b3e00000,0x00000007b9ef8868,0x00000007b9f00000)
  to   space 99328K, 95% used [0x00000007b9f00000,0x00000007bfbe1e58,0x00000007c0000000)
 ParOldGen       total 529408K, used 431783K [0x00000006c0000000, 0x00000006e0500000, 0x000000076ab00000)
  object space 529408K, 81% used [0x00000006c0000000,0x00000006da5a9da8,0x00000006e0500000)
 Metaspace       used 90334K, capacity 94022K, committed 94336K, reserved 1130496K
  class space    used 11899K, capacity 12653K, committed 12672K, reserved 1048576K
GC Heap History (10 events):
Event: 916.734 GC heap after
Heap after GC invocations=29 (full 4):
 PSYoungGen      total 1312256K, used 7437K [0x000000076ab00000, 0x00000007bfd00000, 0x00000007c0000000)
  eden space 1241088K, 0% used [0x000000076ab00000,0x000000076ab00000,0x00000007b6700000)
  from space 71168K, 10% used [0x00000007b6700000,0x00000007b6e435d0,0x00000007bac80000)
  to   space 68608K, 0% used [0x00000007bba00000,0x00000007bba00000,0x00000007bfd00000)
 ParOldGen       total 529408K, used 279539K [0x00000006c0000000, 0x00000006e0500000, 0x000000076ab00000)
  object space 529408K, 52% used [0x00000006c0000000,0x00000006d10fcf50,0x00000006e0500000)
 Metaspace       used 72893K, capacity 74682K, committed 74752K, reserved 1114112K
  class space    used 9530K, capacity 9968K, committed 9984K, reserved 1048576K
}
Event: 999.460 GC heap before
{Heap before GC invocations=30 (full 4):
 PSYoungGen      total 1312256K, used 1248420K [0x000000076ab00000, 0x00000007bfd00000, 0x00000007c0000000)
  eden space 1241088K, 99% used [0x000000076ab00000,0x00000007b66e5cf8,0x00000007b6700000)
  from space 71168K, 10% used [0x00000007b6700000,0x00000007b6e435d0,0x00000007bac80000)
  to   space 68608K, 0% used [0x00000007bba00000,0x00000007bba00000,0x00000007bfd00000)
 ParOldGen       total 529408K, used 279539K [0x00000006c0000000, 0x00000006e0500000, 0x000000076ab00000)
  object space 529408K, 52% used [0x00000006c0000000,0x00000006d10fcf50,0x00000006e0500000)
 Metaspace       used 74211K, capacity 77544K, committed 77824K, reserved 1116160K
  class space    used 9777K, capacity 10413K, committed 10496K, reserved 1048576K
Event: 999.466 GC heap after
Heap after GC invocations=30 (full 4):
 PSYoungGen      total 1321984K, used 6832K [0x000000076ab00000, 0x00000007bf880000, 0x00000007c0000000)
  eden space 1257984K, 0% used [0x000000076ab00000,0x000000076ab00000,0x00000007b7780000)
  from space 64000K, 10% used [0x00000007bba00000,0x00000007bc0ac0f0,0x00000007bf880000)
  to   space 66048K, 0% used [0x00000007b7780000,0x00000007b7780000,0x00000007bb800000)
 ParOldGen       total 529408K, used 279547K [0x00000006c0000000, 0x00000006e0500000, 0x000000076ab00000)
  object space 529408K, 52% used [0x00000006c0000000,0x00000006d10fef50,0x00000006e0500000)
 Metaspace       used 74211K, capacity 77544K, committed 77824K, reserved 1116160K
  class space    used 9777K, capacity 10413K, committed 10496K, reserved 1048576K
}
Event: 1078.617 GC heap before
{Heap before GC invocations=31 (full 4):
 PSYoungGen      total 1321984K, used 1264533K [0x000000076ab00000, 0x00000007bf880000, 0x00000007c0000000)
  eden space 1257984K, 99% used [0x000000076ab00000,0x00000007b7739558,0x00000007b7780000)
  from space 64000K, 10% used [0x00000007bba00000,0x00000007bc0ac0f0,0x00000007bf880000)
  to   space 66048K, 0% used [0x00000007b7780000,0x00000007b7780000,0x00000007bb800000)
 ParOldGen       total 529408K, used 279547K [0x00000006c0000000, 0x00000006e0500000, 0x000000076ab00000)
  object space 529408K, 52% used [0x00000006c0000000,0x00000006d10fef50,0x00000006e0500000)
 Metaspace       used 74451K, capacity 77740K, committed 77824K, reserved 1116160K
  class space    used 9801K, capacity 10431K, committed 10496K, reserved 1048576K
Event: 1078.625 GC heap after
Heap after GC invocations=31 (full 4):
 PSYoungGen      total 1324032K, used 7327K [0x000000076ab00000, 0x00000007bfc00000, 0x00000007c0000000)
  eden space 1257984K, 0% used [0x000000076ab00000,0x000000076ab00000,0x00000007b7780000)
  from space 66048K, 11% used [0x00000007b7780000,0x00000007b7ea7ec0,0x00000007bb800000)
  to   space 62976K, 0% used [0x00000007bbe80000,0x00000007bbe80000,0x00000007bfc00000)
 ParOldGen       total 529408K, used 279547K [0x00000006c0000000, 0x00000006e0500000, 0x000000076ab00000)
  object space 529408K, 52% used [0x00000006c0000000,0x00000006d10fef50,0x00000006e0500000)
 Metaspace       used 74451K, capacity 77740K, committed 77824K, reserved 1116160K
  class space    used 9801K, capacity 10431K, committed 10496K, reserved 1048576K
}
Event: 1497.818 GC heap before
{Heap before GC invocations=32 (full 4):
 PSYoungGen      total 1324032K, used 1265168K [0x000000076ab00000, 0x00000007bfc00000, 0x00000007c0000000)
  eden space 1257984K, 99% used [0x000000076ab00000,0x00000007b775c460,0x00000007b7780000)
  from space 66048K, 11% used [0x00000007b7780000,0x00000007b7ea7ec0,0x00000007bb800000)
  to   space 62976K, 0% used [0x00000007bbe80000,0x00000007bbe80000,0x00000007bfc00000)
 ParOldGen       total 529408K, used 279547K [0x00000006c0000000, 0x00000006e0500000, 0x000000076ab00000)
  object space 529408K, 52% used [0x00000006c0000000,0x00000006d10fef50,0x00000006e0500000)
 Metaspace       used 79811K, capacity 83270K, committed 83456K, reserved 1122304K
  class space    used 10507K, capacity 11193K, committed 11264K, reserved 1048576K
Event: 1497.907 GC heap after
Heap after GC invocations=32 (full 4):
 PSYoungGen      total 1262080K, used 62962K [0x000000076ab00000, 0x00000007c0000000, 0x00000007c0000000)
  eden space 1199104K, 0% used [0x000000076ab00000,0x000000076ab00000,0x00000007b3e00000)
  from space 62976K, 99% used [0x00000007bbe80000,0x00000007bfbfc910,0x00000007bfc00000)
  to   space 99328K, 0% used [0x00000007b3e00000,0x00000007b3e00000,0x00000007b9f00000)
 ParOldGen       total 529408K, used 344614K [0x00000006c0000000, 0x00000006e0500000, 0x000000076ab00000)
  object space 529408K, 65% used [0x00000006c0000000,0x00000006d50898a8,0x00000006e0500000)
 Metaspace       used 79811K, capacity 83270K, committed 83456K, reserved 1122304K
  class space    used 10507K, capacity 11193K, committed 11264K, reserved 1048576K
}
Event: 1550.377 GC heap before
{Heap before GC invocations=33 (full 4):
 PSYoungGen      total 1262080K, used 1262066K [0x000000076ab00000, 0x00000007c0000000, 0x00000007c0000000)
  eden space 1199104K, 100% used [0x000000076ab00000,0x00000007b3e00000,0x00000007b3e00000)
  from space 62976K, 99% used [0x00000007bbe80000,0x00000007bfbfc910,0x00000007bfc00000)
  to   space 99328K, 0% used [0x00000007b3e00000,0x00000007b3e00000,0x00000007b9f00000)
 ParOldGen       total 529408K, used 344614K [0x00000006c0000000, 0x00000006e0500000, 0x000000076ab00000)
  object space 529408K, 65% used [0x00000006c0000000,0x00000006d50898a8,0x00000006e0500000)
 Metaspace       used 85096K, capacity 88644K, committed 89088K, reserved 1126400K
  class space    used 11201K, capacity 11921K, committed 12032K, reserved 1048576K
Event: 1550.539 GC heap after
Heap after GC invocations=33 (full 4):
 PSYoungGen      total 1298432K, used 99298K [0x000000076ab00000, 0x00000007c0000000, 0x00000007c0000000)
  eden space 1199104K, 0% used [0x000000076ab00000,0x000000076ab00000,0x00000007b3e00000)
  from space 99328K, 99% used [0x00000007b3e00000,0x00000007b9ef8868,0x00000007b9f00000)
  to   space 99328K, 0% used [0x00000007b9f00000,0x00000007b9f00000,0x00000007c0000000)
 ParOldGen       total 529408K, used 431751K [0x00000006c0000000, 0x00000006e0500000, 0x000000076ab00000)
  object space 529408K, 81% used [0x00000006c0000000,0x00000006da5a1da8,0x00000006e0500000)
 Metaspace       used 85096K, capacity 88644K, committed 89088K, reserved 1126400K
  class space    used 11201K, capacity 11921K, committed 12032K, reserved 1048576K
}
Event: 2075.689 GC heap before
{Heap before GC invocations=34 (full 4):
 PSYoungGen      total 1298432K, used 1298323K [0x000000076ab00000, 0x00000007c0000000, 0x00000007c0000000)
  eden space 1199104K, 99% used [0x000000076ab00000,0x00000007b3dec6f0,0x00000007b3e00000)
  from space 99328K, 99% used [0x00000007b3e00000,0x00000007b9ef8868,0x00000007b9f00000)
  to   space 99328K, 0% used [0x00000007b9f00000,0x00000007b9f00000,0x00000007c0000000)
 ParOldGen       total 529408K, used 431751K [0x00000006c0000000, 0x00000006e0500000, 0x000000076ab00000)
  object space 529408K, 81% used [0x00000006c0000000,0x00000006da5a1da8,0x00000006e0500000)
 Metaspace       used 90334K, capacity 94022K, committed 94336K, reserved 1130496K
  class space    used 11899K, capacity 12653K, committed 12672K, reserved 1048576K

