# JRE version: Java(TM) SE Runtime Environment (8.0_231-b11) (build 1.8.0_231-b11)
# Java VM: Java HotSpot(TM) 64-Bit Server VM (25.231-b11 mixed mode windows-amd64 compressed oops)
Heap:
 PSYoungGen      total 931840K, used 754769K [0x000000076ab00000, 0x00000007c0000000, 0x00000007c0000000)
  eden space 465920K, 100% used [0x000000076ab00000,0x0000000787200000,0x0000000787200000)
  from space 465920K, 61% used [0x0000000787200000,0x0000000798c14478,0x00000007a3900000)
  to   space 465920K, 42% used [0x00000007a3900000,0x00000007afa20808,0x00000007c0000000)
 ParOldGen       total 2796544K, used 2625087K [0x00000006c0000000, 0x000000076ab00000, 0x000000076ab00000)
  object space 2796544K, 93% used [0x00000006c0000000,0x000000076038fcb8,0x000000076ab00000)
 Metaspace       used 219920K, capacity 226879K, committed 227032K, reserved 1245184K
  class space    used 29549K, capacity 31408K, committed 31488K, reserved 1048576K
GC Heap History (10 events):
Event: 7477.709 GC heap after
Heap after GC invocations=130 (full 9):
 PSYoungGen      total 875008K, used 275544K [0x000000076ab00000, 0x00000007bc580000, 0x00000007c0000000)
  eden space 569856K, 0% used [0x000000076ab00000,0x000000076ab00000,0x000000078d780000)
  from space 305152K, 90% used [0x000000078d780000,0x000000079e496150,0x00000007a0180000)
  to   space 348672K, 0% used [0x00000007a7100000,0x00000007a7100000,0x00000007bc580000)
 ParOldGen       total 2796544K, used 2429734K [0x00000006c0000000, 0x000000076ab00000, 0x000000076ab00000)
  object space 2796544K, 86% used [0x00000006c0000000,0x00000007544c98b8,0x000000076ab00000)
 Metaspace       used 214846K, capacity 221795K, committed 221912K, reserved 1241088K
  class space    used 28857K, capacity 30684K, committed 30720K, reserved 1048576K
}
Event: 7480.532 GC heap before
{Heap before GC invocations=131 (full 9):
 PSYoungGen      total 875008K, used 845400K [0x000000076ab00000, 0x00000007bc580000, 0x00000007c0000000)
  eden space 569856K, 100% used [0x000000076ab00000,0x000000078d780000,0x000000078d780000)
  from space 305152K, 90% used [0x000000078d780000,0x000000079e496150,0x00000007a0180000)
  to   space 348672K, 0% used [0x00000007a7100000,0x00000007a7100000,0x00000007bc580000)
 ParOldGen       total 2796544K, used 2429734K [0x00000006c0000000, 0x000000076ab00000, 0x000000076ab00000)
  object space 2796544K, 86% used [0x00000006c0000000,0x00000007544c98b8,0x000000076ab00000)
 Metaspace       used 219331K, capacity 226323K, committed 226392K, reserved 1245184K
  class space    used 29477K, capacity 31310K, committed 31360K, reserved 1048576K
Event: 7480.669 GC heap after
Heap after GC invocations=131 (full 9):
 PSYoungGen      total 927232K, used 347074K [0x000000076ab00000, 0x00000007c0000000, 0x00000007c0000000)
  eden space 578560K, 0% used [0x000000076ab00000,0x000000076ab00000,0x000000078e000000)
  from space 348672K, 99% used [0x00000007a7100000,0x00000007bc3f0888,0x00000007bc580000)
  to   space 409600K, 0% used [0x000000078e000000,0x000000078e000000,0x00000007a7000000)
 ParOldGen       total 2796544K, used 2432244K [0x00000006c0000000, 0x000000076ab00000, 0x000000076ab00000)
  object space 2796544K, 86% used [0x00000006c0000000,0x000000075473d320,0x000000076ab00000)
 Metaspace       used 219331K, capacity 226323K, committed 226392K, reserved 1245184K
  class space    used 29477K, capacity 31310K, committed 31360K, reserved 1048576K
}
Event: 7482.402 GC heap before
{Heap before GC invocations=132 (full 9):
 PSYoungGen      total 927232K, used 911701K [0x000000076ab00000, 0x00000007c0000000, 0x00000007c0000000)
  eden space 578560K, 97% used [0x000000076ab00000,0x000000078d264d18,0x000000078e000000)
  from space 348672K, 99% used [0x00000007a7100000,0x00000007bc3f0888,0x00000007bc580000)
  to   space 409600K, 0% used [0x000000078e000000,0x000000078e000000,0x00000007a7000000)
 ParOldGen       total 2796544K, used 2432244K [0x00000006c0000000, 0x000000076ab00000, 0x000000076ab00000)
  object space 2796544K, 86% used [0x00000006c0000000,0x000000075473d320,0x000000076ab00000)
 Metaspace       used 219896K, capacity 226879K, committed 227032K, reserved 1245184K
  class space    used 29548K, capacity 31408K, committed 31488K, reserved 1048576K
Event: 7482.523 GC heap after
Heap after GC invocations=132 (full 9):
 PSYoungGen      total 975360K, used 396306K [0x000000076ab00000, 0x00000007c0000000, 0x00000007c0000000)
  eden space 578560K, 0% used [0x000000076ab00000,0x000000076ab00000,0x000000078e000000)
  from space 396800K, 99% used [0x000000078e000000,0x00000007a6304840,0x00000007a6380000)
  to   space 422400K, 0% used [0x00000007a6380000,0x00000007a6380000,0x00000007c0000000)
 ParOldGen       total 2796544K, used 2432908K [0x00000006c0000000, 0x000000076ab00000, 0x000000076ab00000)
  object space 2796544K, 86% used [0x00000006c0000000,0x00000007547e3320,0x000000076ab00000)
 Metaspace       used 219896K, capacity 226879K, committed 227032K, reserved 1245184K
  class space    used 29548K, capacity 31408K, committed 31488K, reserved 1048576K
}
Event: 7486.387 GC heap before
{Heap before GC invocations=133 (full 9):
 PSYoungGen      total 975360K, used 937860K [0x000000076ab00000, 0x00000007c0000000, 0x00000007c0000000)
  eden space 578560K, 93% used [0x000000076ab00000,0x000000078bbdc930,0x000000078e000000)
  from space 396800K, 99% used [0x000000078e000000,0x00000007a6304840,0x00000007a6380000)
  to   space 422400K, 0% used [0x00000007a6380000,0x00000007a6380000,0x00000007c0000000)
 ParOldGen       total 2796544K, used 2432908K [0x00000006c0000000, 0x000000076ab00000, 0x000000076ab00000)
  object space 2796544K, 86% used [0x00000006c0000000,0x00000007547e3320,0x000000076ab00000)
 Metaspace       used 219918K, capacity 226879K, committed 227032K, reserved 1245184K
  class space    used 29549K, capacity 31408K, committed 31488K, reserved 1048576K
Event: 7486.506 GC heap after
Heap after GC invocations=133 (full 9):
 PSYoungGen      total 888320K, used 422391K [0x000000076ab00000, 0x00000007c0000000, 0x00000007c0000000)
  eden space 465920K, 0% used [0x000000076ab00000,0x000000076ab00000,0x0000000787200000)
  from space 422400K, 99% used [0x00000007a6380000,0x00000007bfffddd8,0x00000007c0000000)
  to   space 465920K, 0% used [0x0000000787200000,0x0000000787200000,0x00000007a3900000)
 ParOldGen       total 2796544K, used 2454421K [0x00000006c0000000, 0x000000076ab00000, 0x000000076ab00000)
  object space 2796544K, 87% used [0x00000006c0000000,0x0000000755ce5778,0x000000076ab00000)
 Metaspace       used 219918K, capacity 226879K, committed 227032K, reserved 1245184K
  class space    used 29549K, capacity 31408K, committed 31488K, reserved 1048576K
}
Event: 7487.618 GC heap before
{Heap before GC invocations=134 (full 9):
 PSYoungGen      total 888320K, used 885692K [0x000000076ab00000, 0x00000007c0000000, 0x00000007c0000000)
  eden space 465920K, 99% used [0x000000076ab00000,0x0000000786f71260,0x0000000787200000)
  from space 422400K, 99% used [0x00000007a6380000,0x00000007bfffddd8,0x00000007c0000000)
  to   space 465920K, 0% used [0x0000000787200000,0x0000000787200000,0x00000007a3900000)
 ParOldGen       total 2796544K, used 2454421K [0x00000006c0000000, 0x000000076ab00000, 0x000000076ab00000)
  object space 2796544K, 87% used [0x00000006c0000000,0x0000000755ce5778,0x000000076ab00000)
 Metaspace       used 219918K, capacity 226879K, committed 227032K, reserved 1245184K
  class space    used 29549K, capacity 31408K, committed 31488K, reserved 1048576K
Event: 7487.731 GC heap after
Heap after GC invocations=134 (full 9):
 PSYoungGen      total 931840K, used 288849K [0x000000076ab00000, 0x00000007c0000000, 0x00000007c0000000)
  eden space 465920K, 0% used [0x000000076ab00000,0x000000076ab00000,0x0000000787200000)
  from space 465920K, 61% used [0x0000000787200000,0x0000000798c14478,0x00000007a3900000)
  to   space 465920K, 0% used [0x00000007a3900000,0x00000007a3900000,0x00000007c0000000)
 ParOldGen       total 2796544K, used 2539765K [0x00000006c0000000, 0x000000076ab00000, 0x000000076ab00000)
  object space 2796544K, 90% used [0x00000006c0000000,0x000000075b03d7e8,0x000000076ab00000)
 Metaspace       used 219918K, capacity 226879K, committed 227032K, reserved 1245184K
  class space    used 29549K, capacity 31408K, committed 31488K, reserved 1048576K
}
Event: 7504.477 GC heap before
{Heap before GC invocations=135 (full 9):
 PSYoungGen      total 931840K, used 754769K [0x000000076ab00000, 0x00000007c0000000, 0x00000007c0000000)
  eden space 465920K, 100% used [0x000000076ab00000,0x0000000787200000,0x0000000787200000)
  from space 465920K, 61% used [0x0000000787200000,0x0000000798c14478,0x00000007a3900000)
  to   space 465920K, 0% used [0x00000007a3900000,0x00000007a3900000,0x00000007c0000000)
 ParOldGen       total 2796544K, used 2539765K [0x00000006c0000000, 0x000000076ab00000, 0x000000076ab00000)
  object space 2796544K, 90% used [0x00000006c0000000,0x000000075b03d7e8,0x000000076ab00000)
 Metaspace       used 219920K, capacity 226879K, committed 227032K, reserved 1245184K
  class space    used 29549K, capacity 31408K, committed 31488K, reserved 1048576K

