# JRE version: Java(TM) SE Runtime Environment (8.0_231-b11) (build 1.8.0_231-b11)
# Java VM: Java HotSpot(TM) 64-Bit Server VM (25.231-b11 mixed mode windows-amd64 compressed oops)
Heap:
 PSYoungGen      total 923648K, used 546816K [0x000000076ab00000, 0x00000007bd980000, 0x00000007c0000000)
  eden space 546816K, 100% used [0x000000076ab00000,0x000000078c100000,0x000000078c100000)
  from space 376832K, 0% used [0x000000078c100000,0x000000078c100000,0x00000007a3100000)
  to   space 370176K, 0% used [0x00000007a7000000,0x00000007a7000000,0x00000007bd980000)
 ParOldGen       total 2796544K, used 2796439K [0x00000006c0000000, 0x000000076ab00000, 0x000000076ab00000)
  object space 2796544K, 99% used [0x00000006c0000000,0x000000076aae5da0,0x000000076ab00000)
 Metaspace       used 160431K, capacity 165354K, committed 166272K, reserved 1193984K
  class space    used 21385K, capacity 22431K, committed 22656K, reserved 1048576K
GC Heap History (10 events):
Event: 7370.539 GC heap after
Heap after GC invocations=149 (full 14):
 PSYoungGen      total 923648K, used 0K [0x000000076ab00000, 0x00000007bd980000, 0x00000007c0000000)
  eden space 546816K, 0% used [0x000000076ab00000,0x000000076ab00000,0x000000078c100000)
  from space 376832K, 0% used [0x000000078c100000,0x000000078c100000,0x00000007a3100000)
  to   space 370176K, 0% used [0x00000007a7000000,0x00000007a7000000,0x00000007bd980000)
 ParOldGen       total 2796544K, used 2757497K [0x00000006c0000000, 0x000000076ab00000, 0x000000076ab00000)
  object space 2796544K, 98% used [0x00000006c0000000,0x00000007684de728,0x000000076ab00000)
 Metaspace       used 154712K, capacity 159568K, committed 160512K, reserved 1187840K
  class space    used 20609K, capacity 21618K, committed 21760K, reserved 1048576K
}
Event: 7371.444 GC heap before
{Heap before GC invocations=150 (full 15):
 PSYoungGen      total 923648K, used 546816K [0x000000076ab00000, 0x00000007bd980000, 0x00000007c0000000)
  eden space 546816K, 100% used [0x000000076ab00000,0x000000078c100000,0x000000078c100000)
  from space 376832K, 0% used [0x000000078c100000,0x000000078c100000,0x00000007a3100000)
  to   space 370176K, 0% used [0x00000007a7000000,0x00000007a7000000,0x00000007bd980000)
 ParOldGen       total 2796544K, used 2757497K [0x00000006c0000000, 0x000000076ab00000, 0x000000076ab00000)
  object space 2796544K, 98% used [0x00000006c0000000,0x00000007684de728,0x000000076ab00000)
 Metaspace       used 155323K, capacity 160188K, committed 161152K, reserved 1187840K
  class space    used 20695K, capacity 21716K, committed 21888K, reserved 1048576K
Event: 7374.830 GC heap after
Heap after GC invocations=150 (full 15):
 PSYoungGen      total 923648K, used 10465K [0x000000076ab00000, 0x00000007bd980000, 0x00000007c0000000)
  eden space 546816K, 1% used [0x000000076ab00000,0x000000076b5387b8,0x000000078c100000)
  from space 376832K, 0% used [0x000000078c100000,0x000000078c100000,0x00000007a3100000)
  to   space 370176K, 0% used [0x00000007a7000000,0x00000007a7000000,0x00000007bd980000)
 ParOldGen       total 2796544K, used 2796537K [0x00000006c0000000, 0x000000076ab00000, 0x000000076ab00000)
  object space 2796544K, 99% used [0x00000006c0000000,0x000000076aafe590,0x000000076ab00000)
 Metaspace       used 155323K, capacity 160188K, committed 161152K, reserved 1187840K
  class space    used 20695K, capacity 21716K, committed 21888K, reserved 1048576K
}
Event: 7376.614 GC heap before
{Heap before GC invocations=151 (full 16):
 PSYoungGen      total 923648K, used 545511K [0x000000076ab00000, 0x00000007bd980000, 0x00000007c0000000)
  eden space 546816K, 99% used [0x000000076ab00000,0x000000078bfb9e98,0x000000078c100000)
  from space 376832K, 0% used [0x000000078c100000,0x000000078c100000,0x00000007a3100000)
  to   space 370176K, 0% used [0x00000007a7000000,0x00000007a7000000,0x00000007bd980000)
 ParOldGen       total 2796544K, used 2796537K [0x00000006c0000000, 0x000000076ab00000, 0x000000076ab00000)
  object space 2796544K, 99% used [0x00000006c0000000,0x000000076aafe590,0x000000076ab00000)
 Metaspace       used 155363K, capacity 160260K, committed 161152K, reserved 1187840K
  class space    used 20695K, capacity 21716K, committed 21888K, reserved 1048576K
Event: 7380.241 GC heap after
Heap after GC invocations=151 (full 16):
 PSYoungGen      total 923648K, used 29260K [0x000000076ab00000, 0x00000007bd980000, 0x00000007c0000000)
  eden space 546816K, 5% used [0x000000076ab00000,0x000000076c793220,0x000000078c100000)
  from space 376832K, 0% used [0x000000078c100000,0x000000078c100000,0x00000007a3100000)
  to   space 370176K, 0% used [0x00000007a7000000,0x00000007a7000000,0x00000007bd980000)
 ParOldGen       total 2796544K, used 2796101K [0x00000006c0000000, 0x000000076ab00000, 0x000000076ab00000)
  object space 2796544K, 99% used [0x00000006c0000000,0x000000076aa915e8,0x000000076ab00000)
 Metaspace       used 155363K, capacity 160260K, committed 161152K, reserved 1187840K
  class space    used 20695K, capacity 21716K, committed 21888K, reserved 1048576K
}
Event: 7381.268 GC heap before
{Heap before GC invocations=152 (full 17):
 PSYoungGen      total 923648K, used 546816K [0x000000076ab00000, 0x00000007bd980000, 0x00000007c0000000)
  eden space 546816K, 100% used [0x000000076ab00000,0x000000078c100000,0x000000078c100000)
  from space 376832K, 0% used [0x000000078c100000,0x000000078c100000,0x00000007a3100000)
  to   space 370176K, 0% used [0x00000007a7000000,0x00000007a7000000,0x00000007bd980000)
 ParOldGen       total 2796544K, used 2796101K [0x00000006c0000000, 0x000000076ab00000, 0x000000076ab00000)
  object space 2796544K, 99% used [0x00000006c0000000,0x000000076aa915e8,0x000000076ab00000)
 Metaspace       used 155407K, capacity 160344K, committed 161152K, reserved 1187840K
  class space    used 20699K, capacity 21720K, committed 21888K, reserved 1048576K
Event: 7384.773 GC heap after
Heap after GC invocations=152 (full 17):
 PSYoungGen      total 923648K, used 43844K [0x000000076ab00000, 0x00000007bd980000, 0x00000007c0000000)
  eden space 546816K, 8% used [0x000000076ab00000,0x000000076d5d1208,0x000000078c100000)
  from space 376832K, 0% used [0x000000078c100000,0x000000078c100000,0x00000007a3100000)
  to   space 370176K, 0% used [0x00000007a7000000,0x00000007a7000000,0x00000007bd980000)
 ParOldGen       total 2796544K, used 2796456K [0x00000006c0000000, 0x000000076ab00000, 0x000000076ab00000)
  object space 2796544K, 99% used [0x00000006c0000000,0x000000076aaea228,0x000000076ab00000)
 Metaspace       used 155389K, capacity 160314K, committed 161152K, reserved 1187840K
  class space    used 20696K, capacity 21715K, committed 21888K, reserved 1048576K
}
Event: 7385.663 GC heap before
{Heap before GC invocations=153 (full 18):
 PSYoungGen      total 923648K, used 546816K [0x000000076ab00000, 0x00000007bd980000, 0x00000007c0000000)
  eden space 546816K, 100% used [0x000000076ab00000,0x000000078c100000,0x000000078c100000)
  from space 376832K, 0% used [0x000000078c100000,0x000000078c100000,0x00000007a3100000)
  to   space 370176K, 0% used [0x00000007a7000000,0x00000007a7000000,0x00000007bd980000)
 ParOldGen       total 2796544K, used 2796456K [0x00000006c0000000, 0x000000076ab00000, 0x000000076ab00000)
  object space 2796544K, 99% used [0x00000006c0000000,0x000000076aaea228,0x000000076ab00000)
 Metaspace       used 160444K, capacity 165378K, committed 166272K, reserved 1193984K
  class space    used 21387K, capacity 22435K, committed 22656K, reserved 1048576K
Event: 7389.275 GC heap after
Heap after GC invocations=153 (full 18):
 PSYoungGen      total 923648K, used 126240K [0x000000076ab00000, 0x00000007bd980000, 0x00000007c0000000)
  eden space 546816K, 23% used [0x000000076ab00000,0x0000000772648290,0x000000078c100000)
  from space 376832K, 0% used [0x000000078c100000,0x000000078c100000,0x00000007a3100000)
  to   space 370176K, 0% used [0x00000007a7000000,0x00000007a7000000,0x00000007bd980000)
 ParOldGen       total 2796544K, used 2796439K [0x00000006c0000000, 0x000000076ab00000, 0x000000076ab00000)
  object space 2796544K, 99% used [0x00000006c0000000,0x000000076aae5da0,0x000000076ab00000)
 Metaspace       used 160429K, capacity 165354K, committed 166272K, reserved 1193984K
  class space    used 21385K, capacity 22431K, committed 22656K, reserved 1048576K
}
Event: 7390.252 GC heap before
{Heap before GC invocations=154 (full 19):
 PSYoungGen      total 923648K, used 546816K [0x000000076ab00000, 0x00000007bd980000, 0x00000007c0000000)
  eden space 546816K, 100% used [0x000000076ab00000,0x000000078c100000,0x000000078c100000)
  from space 376832K, 0% used [0x000000078c100000,0x000000078c100000,0x00000007a3100000)
  to   space 370176K, 0% used [0x00000007a7000000,0x00000007a7000000,0x00000007bd980000)
 ParOldGen       total 2796544K, used 2796439K [0x00000006c0000000, 0x000000076ab00000, 0x000000076ab00000)
  object space 2796544K, 99% used [0x00000006c0000000,0x000000076aae5da0,0x000000076ab00000)
 Metaspace       used 160431K, capacity 165354K, committed 166272K, reserved 1193984K
  class space    used 21385K, capacity 22431K, committed 22656K, reserved 1048576K

