# JRE version: Java(TM) SE Runtime Environment (8.0_231-b11) (build 1.8.0_231-b11)
# Java VM: Java HotSpot(TM) 64-Bit Server VM (25.231-b11 mixed mode windows-amd64 compressed oops)
Heap:
 PSYoungGen      total 1041920K, used 159178K [0x000000076ab00000, 0x00000007c0000000, 0x00000007c0000000)
  eden space 700416K, 0% used [0x000000076ab00000,0x000000076ab00000,0x0000000795700000)
  from space 341504K, 46% used [0x0000000795700000,0x000000079f272888,0x00000007aa480000)
  to   space 342528K, 0% used [0x00000007ab180000,0x00000007ab180000,0x00000007c0000000)
 ParOldGen       total 941568K, used 869258K [0x00000006c0000000, 0x00000006f9780000, 0x000000076ab00000)
  object space 941568K, 92% used [0x00000006c0000000,0x00000006f50e2888,0x00000006f9780000)
 Metaspace       used 149471K, capacity 153994K, committed 154240K, reserved 1183744K
  class space    used 19886K, capacity 20560K, committed 20608K, reserved 1048576K
GC Heap History (10 events):
Event: 8625.778 GC heap after
Heap after GC invocations=76 (full 5):
 PSYoungGen      total 1021440K, used 230415K [0x000000076ab00000, 0x00000007c0000000, 0x00000007c0000000)
  eden space 645120K, 0% used [0x000000076ab00000,0x000000076ab00000,0x0000000792100000)
  from space 376320K, 61% used [0x0000000792100000,0x00000007a0203ef8,0x00000007a9080000)
  to   space 361984K, 0% used [0x00000007a9e80000,0x00000007a9e80000,0x00000007c0000000)
 ParOldGen       total 941568K, used 733919K [0x00000006c0000000, 0x00000006f9780000, 0x000000076ab00000)
  object space 941568K, 77% used [0x00000006c0000000,0x00000006eccb7d98,0x00000006f9780000)
 Metaspace       used 145299K, capacity 149680K, committed 150144K, reserved 1179648K
  class space    used 19313K, capacity 19965K, committed 20096K, reserved 1048576K
}
Event: 9879.105 GC heap before
{Heap before GC invocations=77 (full 5):
 PSYoungGen      total 1021440K, used 874463K [0x000000076ab00000, 0x00000007c0000000, 0x00000007c0000000)
  eden space 645120K, 99% used [0x000000076ab00000,0x0000000791ff3ec8,0x0000000792100000)
  from space 376320K, 61% used [0x0000000792100000,0x00000007a0203ef8,0x00000007a9080000)
  to   space 361984K, 0% used [0x00000007a9e80000,0x00000007a9e80000,0x00000007c0000000)
 ParOldGen       total 941568K, used 733919K [0x00000006c0000000, 0x00000006f9780000, 0x000000076ab00000)
  object space 941568K, 77% used [0x00000006c0000000,0x00000006eccb7d98,0x00000006f9780000)
 Metaspace       used 145313K, capacity 149744K, committed 150144K, reserved 1179648K
  class space    used 19313K, capacity 19965K, committed 20096K, reserved 1048576K
Event: 9879.189 GC heap after
Heap after GC invocations=77 (full 5):
 PSYoungGen      total 984576K, used 224236K [0x000000076ab00000, 0x00000007bdc00000, 0x00000007c0000000)
  eden space 659456K, 0% used [0x000000076ab00000,0x000000076ab00000,0x0000000792f00000)
  from space 325120K, 68% used [0x00000007a9e80000,0x00000007b797b250,0x00000007bdc00000)
  to   space 350720K, 0% used [0x0000000792f00000,0x0000000792f00000,0x00000007a8580000)
 ParOldGen       total 941568K, used 740538K [0x00000006c0000000, 0x00000006f9780000, 0x000000076ab00000)
  object space 941568K, 78% used [0x00000006c0000000,0x00000006ed32e988,0x00000006f9780000)
 Metaspace       used 145313K, capacity 149744K, committed 150144K, reserved 1179648K
  class space    used 19313K, capacity 19965K, committed 20096K, reserved 1048576K
}
Event: 9881.508 GC heap before
{Heap before GC invocations=78 (full 5):
 PSYoungGen      total 984576K, used 883692K [0x000000076ab00000, 0x00000007bdc00000, 0x00000007c0000000)
  eden space 659456K, 100% used [0x000000076ab00000,0x0000000792f00000,0x0000000792f00000)
  from space 325120K, 68% used [0x00000007a9e80000,0x00000007b797b250,0x00000007bdc00000)
  to   space 350720K, 0% used [0x0000000792f00000,0x0000000792f00000,0x00000007a8580000)
 ParOldGen       total 941568K, used 740538K [0x00000006c0000000, 0x00000006f9780000, 0x000000076ab00000)
  object space 941568K, 78% used [0x00000006c0000000,0x00000006ed32e988,0x00000006f9780000)
 Metaspace       used 149347K, capacity 153888K, committed 154240K, reserved 1183744K
  class space    used 19871K, capacity 20527K, committed 20608K, reserved 1048576K
Event: 9881.659 GC heap after
Heap after GC invocations=78 (full 5):
 PSYoungGen      total 1010176K, used 252770K [0x000000076ab00000, 0x00000007c0000000, 0x00000007c0000000)
  eden space 659456K, 0% used [0x000000076ab00000,0x000000076ab00000,0x0000000792f00000)
  from space 350720K, 72% used [0x0000000792f00000,0x00000007a25d8b18,0x00000007a8580000)
  to   space 346624K, 0% used [0x00000007aad80000,0x00000007aad80000,0x00000007c0000000)
 ParOldGen       total 941568K, used 779847K [0x00000006c0000000, 0x00000006f9780000, 0x000000076ab00000)
  object space 941568K, 82% used [0x00000006c0000000,0x00000006ef991d70,0x00000006f9780000)
 Metaspace       used 149347K, capacity 153888K, committed 154240K, reserved 1183744K
  class space    used 19871K, capacity 20527K, committed 20608K, reserved 1048576K
}
Event: 9885.288 GC heap before
{Heap before GC invocations=79 (full 5):
 PSYoungGen      total 1010176K, used 912214K [0x000000076ab00000, 0x00000007c0000000, 0x00000007c0000000)
  eden space 659456K, 99% used [0x000000076ab00000,0x0000000792efd080,0x0000000792f00000)
  from space 350720K, 72% used [0x0000000792f00000,0x00000007a25d8b18,0x00000007a8580000)
  to   space 346624K, 0% used [0x00000007aad80000,0x00000007aad80000,0x00000007c0000000)
 ParOldGen       total 941568K, used 779847K [0x00000006c0000000, 0x00000006f9780000, 0x000000076ab00000)
  object space 941568K, 82% used [0x00000006c0000000,0x00000006ef991d70,0x00000006f9780000)
 Metaspace       used 149464K, capacity 153994K, committed 154240K, reserved 1183744K
  class space    used 19886K, capacity 20560K, committed 20608K, reserved 1048576K
Event: 9885.371 GC heap after
Heap after GC invocations=79 (full 5):
 PSYoungGen      total 1032704K, used 197055K [0x000000076ab00000, 0x00000007bf200000, 0x00000007c0000000)
  eden space 700416K, 0% used [0x000000076ab00000,0x000000076ab00000,0x0000000795700000)
  from space 332288K, 59% used [0x00000007aad80000,0x00000007b6deffb8,0x00000007bf200000)
  to   space 341504K, 0% used [0x0000000795700000,0x0000000795700000,0x00000007aa480000)
 ParOldGen       total 941568K, used 824549K [0x00000006c0000000, 0x00000006f9780000, 0x000000076ab00000)
  object space 941568K, 87% used [0x00000006c0000000,0x00000006f2539658,0x00000006f9780000)
 Metaspace       used 149464K, capacity 153994K, committed 154240K, reserved 1183744K
  class space    used 19886K, capacity 20560K, committed 20608K, reserved 1048576K
}
Event: 10248.726 GC heap before
{Heap before GC invocations=80 (full 5):
 PSYoungGen      total 1032704K, used 894265K [0x000000076ab00000, 0x00000007bf200000, 0x00000007c0000000)
  eden space 700416K, 99% used [0x000000076ab00000,0x00000007953de480,0x0000000795700000)
  from space 332288K, 59% used [0x00000007aad80000,0x00000007b6deffb8,0x00000007bf200000)
  to   space 341504K, 0% used [0x0000000795700000,0x0000000795700000,0x00000007aa480000)
 ParOldGen       total 941568K, used 824549K [0x00000006c0000000, 0x00000006f9780000, 0x000000076ab00000)
  object space 941568K, 87% used [0x00000006c0000000,0x00000006f2539658,0x00000006f9780000)
 Metaspace       used 149471K, capacity 153994K, committed 154240K, reserved 1183744K
  class space    used 19886K, capacity 20560K, committed 20608K, reserved 1048576K
Event: 10248.793 GC heap after
Heap after GC invocations=80 (full 5):
 PSYoungGen      total 1041920K, used 159178K [0x000000076ab00000, 0x00000007c0000000, 0x00000007c0000000)
  eden space 700416K, 0% used [0x000000076ab00000,0x000000076ab00000,0x0000000795700000)
  from space 341504K, 46% used [0x0000000795700000,0x000000079f272888,0x00000007aa480000)
  to   space 342528K, 0% used [0x00000007ab180000,0x00000007ab180000,0x00000007c0000000)
 ParOldGen       total 941568K, used 869258K [0x00000006c0000000, 0x00000006f9780000, 0x000000076ab00000)
  object space 941568K, 92% used [0x00000006c0000000,0x00000006f50e2888,0x00000006f9780000)
 Metaspace       used 149471K, capacity 153994K, committed 154240K, reserved 1183744K
  class space    used 19886K, capacity 20560K, committed 20608K, reserved 1048576K
}
Event: 10248.793 GC heap before
{Heap before GC invocations=81 (full 6):
 PSYoungGen      total 1041920K, used 159178K [0x000000076ab00000, 0x00000007c0000000, 0x00000007c0000000)
  eden space 700416K, 0% used [0x000000076ab00000,0x000000076ab00000,0x0000000795700000)
  from space 341504K, 46% used [0x0000000795700000,0x000000079f272888,0x00000007aa480000)
  to   space 342528K, 0% used [0x00000007ab180000,0x00000007ab180000,0x00000007c0000000)
 ParOldGen       total 941568K, used 869258K [0x00000006c0000000, 0x00000006f9780000, 0x000000076ab00000)
  object space 941568K, 92% used [0x00000006c0000000,0x00000006f50e2888,0x00000006f9780000)
 Metaspace       used 149471K, capacity 153994K, committed 154240K, reserved 1183744K
  class space    used 19886K, capacity 20560K, committed 20608K, reserved 1048576K

