# JRE version: Java(TM) SE Runtime Environment (8.0_231-b11) (build 1.8.0_231-b11)
# Java VM: Java HotSpot(TM) 64-Bit Server VM (25.231-b11 mixed mode windows-amd64 compressed oops)
Heap:
 PSYoungGen      total 1081856K, used 1081839K [0x000000076ab00000, 0x00000007c0000000, 0x00000007c0000000)
  eden space 878592K, 100% used [0x000000076ab00000,0x00000007a0500000,0x00000007a0500000)
  from space 203264K, 99% used [0x00000007b3980000,0x00000007bfffbd40,0x00000007c0000000)
  to   space 259584K, 78% used [0x00000007a0500000,0x00000007acd1bc08,0x00000007b0280000)
 ParOldGen       total 747520K, used 520534K [0x00000006c0000000, 0x00000006eda00000, 0x000000076ab00000)
  object space 747520K, 69% used [0x00000006c0000000,0x00000006dfc55ae8,0x00000006eda00000)
 Metaspace       used 69778K, capacity 71012K, committed 71168K, reserved 1110016K
  class space    used 9326K, capacity 9681K, committed 9728K, reserved 1048576K
GC Heap History (10 events):
Event: 54.621 GC heap after
Heap after GC invocations=32 (full 4):
 PSYoungGen      total 1207808K, used 130354K [0x000000076ab00000, 0x00000007c0000000, 0x00000007c0000000)
  eden space 1037312K, 0% used [0x000000076ab00000,0x000000076ab00000,0x00000007aa000000)
  from space 170496K, 76% used [0x00000007b5980000,0x00000007bd8cc948,0x00000007c0000000)
  to   space 180224K, 0% used [0x00000007aa000000,0x00000007aa000000,0x00000007b5000000)
 ParOldGen       total 747520K, used 429113K [0x00000006c0000000, 0x00000006eda00000, 0x000000076ab00000)
  object space 747520K, 57% used [0x00000006c0000000,0x00000006da30e438,0x00000006eda00000)
 Metaspace       used 61287K, capacity 62418K, committed 62592K, reserved 1103872K
  class space    used 8268K, capacity 8571K, committed 8576K, reserved 1048576K
}
Event: 57.367 GC heap before
{Heap before GC invocations=33 (full 4):
 PSYoungGen      total 1207808K, used 1167666K [0x000000076ab00000, 0x00000007c0000000, 0x00000007c0000000)
  eden space 1037312K, 100% used [0x000000076ab00000,0x00000007aa000000,0x00000007aa000000)
  from space 170496K, 76% used [0x00000007b5980000,0x00000007bd8cc948,0x00000007c0000000)
  to   space 180224K, 0% used [0x00000007aa000000,0x00000007aa000000,0x00000007b5000000)
 ParOldGen       total 747520K, used 429113K [0x00000006c0000000, 0x00000006eda00000, 0x000000076ab00000)
  object space 747520K, 57% used [0x00000006c0000000,0x00000006da30e438,0x00000006eda00000)
 Metaspace       used 61287K, capacity 62418K, committed 62592K, reserved 1103872K
  class space    used 8268K, capacity 8571K, committed 8576K, reserved 1048576K
Event: 57.448 GC heap after
Heap after GC invocations=33 (full 4):
 PSYoungGen      total 1169408K, used 131614K [0x000000076ab00000, 0x00000007c0000000, 0x00000007c0000000)
  eden space 1037312K, 0% used [0x000000076ab00000,0x000000076ab00000,0x00000007aa000000)
  from space 132096K, 99% used [0x00000007aa000000,0x00000007b2087960,0x00000007b2100000)
  to   space 187904K, 0% used [0x00000007b4880000,0x00000007b4880000,0x00000007c0000000)
 ParOldGen       total 747520K, used 429113K [0x00000006c0000000, 0x00000006eda00000, 0x000000076ab00000)
  object space 747520K, 57% used [0x00000006c0000000,0x00000006da30e438,0x00000006eda00000)
 Metaspace       used 61287K, capacity 62418K, committed 62592K, reserved 1103872K
  class space    used 8268K, capacity 8571K, committed 8576K, reserved 1048576K
}
Event: 59.999 GC heap before
{Heap before GC invocations=34 (full 4):
 PSYoungGen      total 1169408K, used 1168926K [0x000000076ab00000, 0x00000007c0000000, 0x00000007c0000000)
  eden space 1037312K, 100% used [0x000000076ab00000,0x00000007aa000000,0x00000007aa000000)
  from space 132096K, 99% used [0x00000007aa000000,0x00000007b2087960,0x00000007b2100000)
  to   space 187904K, 0% used [0x00000007b4880000,0x00000007b4880000,0x00000007c0000000)
 ParOldGen       total 747520K, used 429113K [0x00000006c0000000, 0x00000006eda00000, 0x000000076ab00000)
  object space 747520K, 57% used [0x00000006c0000000,0x00000006da30e438,0x00000006eda00000)
 Metaspace       used 61287K, capacity 62418K, committed 62592K, reserved 1103872K
  class space    used 8268K, capacity 8571K, committed 8576K, reserved 1048576K
Event: 60.082 GC heap after
Heap after GC invocations=34 (full 4):
 PSYoungGen      total 1197568K, used 132221K [0x000000076ab00000, 0x00000007c0000000, 0x00000007c0000000)
  eden space 1009664K, 0% used [0x000000076ab00000,0x000000076ab00000,0x00000007a8500000)
  from space 187904K, 70% used [0x00000007b4880000,0x00000007bc99f7c8,0x00000007c0000000)
  to   space 194048K, 0% used [0x00000007a8500000,0x00000007a8500000,0x00000007b4280000)
 ParOldGen       total 747520K, used 429113K [0x00000006c0000000, 0x00000006eda00000, 0x000000076ab00000)
  object space 747520K, 57% used [0x00000006c0000000,0x00000006da30e438,0x00000006eda00000)
 Metaspace       used 61287K, capacity 62418K, committed 62592K, reserved 1103872K
  class space    used 8268K, capacity 8571K, committed 8576K, reserved 1048576K
}
Event: 76.743 GC heap before
{Heap before GC invocations=35 (full 4):
 PSYoungGen      total 1197568K, used 1141885K [0x000000076ab00000, 0x00000007c0000000, 0x00000007c0000000)
  eden space 1009664K, 100% used [0x000000076ab00000,0x00000007a8500000,0x00000007a8500000)
  from space 187904K, 70% used [0x00000007b4880000,0x00000007bc99f7c8,0x00000007c0000000)
  to   space 194048K, 0% used [0x00000007a8500000,0x00000007a8500000,0x00000007b4280000)
 ParOldGen       total 747520K, used 429113K [0x00000006c0000000, 0x00000006eda00000, 0x000000076ab00000)
  object space 747520K, 57% used [0x00000006c0000000,0x00000006da30e438,0x00000006eda00000)
 Metaspace       used 61744K, capacity 62812K, committed 62976K, reserved 1103872K
  class space    used 8304K, capacity 8624K, committed 8704K, reserved 1048576K
Event: 76.861 GC heap after
Heap after GC invocations=35 (full 4):
 PSYoungGen      total 1155584K, used 145546K [0x000000076ab00000, 0x00000007c0000000, 0x00000007c0000000)
  eden space 1009664K, 0% used [0x000000076ab00000,0x000000076ab00000,0x00000007a8500000)
  from space 145920K, 99% used [0x00000007a8500000,0x00000007b1322b10,0x00000007b1380000)
  to   space 203264K, 0% used [0x00000007b3980000,0x00000007b3980000,0x00000007c0000000)
 ParOldGen       total 747520K, used 429121K [0x00000006c0000000, 0x00000006eda00000, 0x000000076ab00000)
  object space 747520K, 57% used [0x00000006c0000000,0x00000006da310438,0x00000006eda00000)
 Metaspace       used 61744K, capacity 62812K, committed 62976K, reserved 1103872K
  class space    used 8304K, capacity 8624K, committed 8704K, reserved 1048576K
}
Event: 79.452 GC heap before
{Heap before GC invocations=36 (full 4):
 PSYoungGen      total 1155584K, used 1155210K [0x000000076ab00000, 0x00000007c0000000, 0x00000007c0000000)
  eden space 1009664K, 100% used [0x000000076ab00000,0x00000007a8500000,0x00000007a8500000)
  from space 145920K, 99% used [0x00000007a8500000,0x00000007b1322b10,0x00000007b1380000)
  to   space 203264K, 0% used [0x00000007b3980000,0x00000007b3980000,0x00000007c0000000)
 ParOldGen       total 747520K, used 429121K [0x00000006c0000000, 0x00000006eda00000, 0x000000076ab00000)
  object space 747520K, 57% used [0x00000006c0000000,0x00000006da310438,0x00000006eda00000)
 Metaspace       used 68486K, capacity 69706K, committed 70016K, reserved 1110016K
  class space    used 9225K, capacity 9586K, committed 9600K, reserved 1048576K
Event: 79.632 GC heap after
Heap after GC invocations=36 (full 4):
 PSYoungGen      total 1081856K, used 203247K [0x000000076ab00000, 0x00000007c0000000, 0x00000007c0000000)
  eden space 878592K, 0% used [0x000000076ab00000,0x000000076ab00000,0x00000007a0500000)
  from space 203264K, 99% used [0x00000007b3980000,0x00000007bfffbd40,0x00000007c0000000)
  to   space 259584K, 0% used [0x00000007a0500000,0x00000007a0500000,0x00000007b0280000)
 ParOldGen       total 747520K, used 504971K [0x00000006c0000000, 0x00000006eda00000, 0x000000076ab00000)
  object space 747520K, 67% used [0x00000006c0000000,0x00000006ded22d90,0x00000006eda00000)
 Metaspace       used 68486K, capacity 69706K, committed 70016K, reserved 1110016K
  class space    used 9225K, capacity 9586K, committed 9600K, reserved 1048576K
}
Event: 87.965 GC heap before
{Heap before GC invocations=37 (full 4):
 PSYoungGen      total 1081856K, used 1081839K [0x000000076ab00000, 0x00000007c0000000, 0x00000007c0000000)
  eden space 878592K, 100% used [0x000000076ab00000,0x00000007a0500000,0x00000007a0500000)
  from space 203264K, 99% used [0x00000007b3980000,0x00000007bfffbd40,0x00000007c0000000)
  to   space 259584K, 0% used [0x00000007a0500000,0x00000007a0500000,0x00000007b0280000)
 ParOldGen       total 747520K, used 504971K [0x00000006c0000000, 0x00000006eda00000, 0x000000076ab00000)
  object space 747520K, 67% used [0x00000006c0000000,0x00000006ded22d90,0x00000006eda00000)
 Metaspace       used 69778K, capacity 71012K, committed 71168K, reserved 1110016K
  class space    used 9326K, capacity 9681K, committed 9728K, reserved 1048576K

