# JRE version: Java(TM) SE Runtime Environment (8.0_231-b11) (build 1.8.0_231-b11)
# Java VM: Java HotSpot(TM) 64-Bit Server VM (25.231-b11 mixed mode windows-amd64 compressed oops)
Heap:
 PSYoungGen      total 1195008K, used 989285K [0x000000076ab00000, 0x00000007c0000000, 0x00000007c0000000)
  eden space 992256K, 99% used [0x000000076ab00000,0x00000007a7119778,0x00000007a7400000)
  from space 202752K, 0% used [0x00000007a7400000,0x00000007a7400000,0x00000007b3a00000)
  to   space 193536K, 0% used [0x00000007b4300000,0x00000007b4300000,0x00000007c0000000)
 ParOldGen       total 2796544K, used 2796451K [0x00000006c0000000, 0x000000076ab00000, 0x000000076ab00000)
  object space 2796544K, 99% used [0x00000006c0000000,0x000000076aae8d18,0x000000076ab00000)
 Metaspace       used 182268K, capacity 187026K, committed 188160K, reserved 1212416K
  class space    used 24243K, capacity 25427K, committed 25600K, reserved 1048576K
GC Heap History (10 events):
Event: 8886.095 GC heap after
Heap after GC invocations=99 (full 22):
 PSYoungGen      total 1195008K, used 179819K [0x000000076ab00000, 0x00000007c0000000, 0x00000007c0000000)
  eden space 992256K, 18% used [0x000000076ab00000,0x0000000775a9af90,0x00000007a7400000)
  from space 202752K, 0% used [0x00000007a7400000,0x00000007a7400000,0x00000007b3a00000)
  to   space 193536K, 0% used [0x00000007b4300000,0x00000007b4300000,0x00000007c0000000)
 ParOldGen       total 2796544K, used 2796347K [0x00000006c0000000, 0x000000076ab00000, 0x000000076ab00000)
  object space 2796544K, 99% used [0x00000006c0000000,0x000000076aaced88,0x000000076ab00000)
 Metaspace       used 177505K, capacity 182526K, committed 182912K, reserved 1208320K
  class space    used 23629K, capacity 24844K, committed 24960K, reserved 1048576K
}
Event: 8887.709 GC heap before
{Heap before GC invocations=100 (full 23):
 PSYoungGen      total 1195008K, used 990906K [0x000000076ab00000, 0x00000007c0000000, 0x00000007c0000000)
  eden space 992256K, 99% used [0x000000076ab00000,0x00000007a72aeb78,0x00000007a7400000)
  from space 202752K, 0% used [0x00000007a7400000,0x00000007a7400000,0x00000007b3a00000)
  to   space 193536K, 0% used [0x00000007b4300000,0x00000007b4300000,0x00000007c0000000)
 ParOldGen       total 2796544K, used 2796347K [0x00000006c0000000, 0x000000076ab00000, 0x000000076ab00000)
  object space 2796544K, 99% used [0x00000006c0000000,0x000000076aaced88,0x000000076ab00000)
 Metaspace       used 177508K, capacity 182526K, committed 182912K, reserved 1208320K
  class space    used 23630K, capacity 24844K, committed 24960K, reserved 1048576K
Event: 8889.394 GC heap after
Heap after GC invocations=100 (full 23):
 PSYoungGen      total 1195008K, used 167897K [0x000000076ab00000, 0x00000007c0000000, 0x00000007c0000000)
  eden space 992256K, 16% used [0x000000076ab00000,0x0000000774ef65f0,0x00000007a7400000)
  from space 202752K, 0% used [0x00000007a7400000,0x00000007a7400000,0x00000007b3a00000)
  to   space 193536K, 0% used [0x00000007b4300000,0x00000007b4300000,0x00000007c0000000)
 ParOldGen       total 2796544K, used 2796347K [0x00000006c0000000, 0x000000076ab00000, 0x000000076ab00000)
  object space 2796544K, 99% used [0x00000006c0000000,0x000000076aaced00,0x000000076ab00000)
 Metaspace       used 177508K, capacity 182526K, committed 182912K, reserved 1208320K
  class space    used 23630K, capacity 24844K, committed 24960K, reserved 1048576K
}
Event: 11255.486 GC heap before
{Heap before GC invocations=101 (full 24):
 PSYoungGen      total 1195008K, used 990532K [0x000000076ab00000, 0x00000007c0000000, 0x00000007c0000000)
  eden space 992256K, 99% used [0x000000076ab00000,0x00000007a7251360,0x00000007a7400000)
  from space 202752K, 0% used [0x00000007a7400000,0x00000007a7400000,0x00000007b3a00000)
  to   space 193536K, 0% used [0x00000007b4300000,0x00000007b4300000,0x00000007c0000000)
 ParOldGen       total 2796544K, used 2796347K [0x00000006c0000000, 0x000000076ab00000, 0x000000076ab00000)
  object space 2796544K, 99% used [0x00000006c0000000,0x000000076aaced00,0x000000076ab00000)
 Metaspace       used 177580K, capacity 182654K, committed 182912K, reserved 1208320K
  class space    used 23630K, capacity 24844K, committed 24960K, reserved 1048576K
Event: 11257.683 GC heap after
Heap after GC invocations=101 (full 24):
 PSYoungGen      total 1195008K, used 172971K [0x000000076ab00000, 0x00000007c0000000, 0x00000007c0000000)
  eden space 992256K, 17% used [0x000000076ab00000,0x00000007753eaf50,0x00000007a7400000)
  from space 202752K, 0% used [0x00000007a7400000,0x00000007a7400000,0x00000007b3a00000)
  to   space 193536K, 0% used [0x00000007b4300000,0x00000007b4300000,0x00000007c0000000)
 ParOldGen       total 2796544K, used 2796346K [0x00000006c0000000, 0x000000076ab00000, 0x000000076ab00000)
  object space 2796544K, 99% used [0x00000006c0000000,0x000000076aacea60,0x000000076ab00000)
 Metaspace       used 177580K, capacity 182654K, committed 182912K, reserved 1208320K
  class space    used 23630K, capacity 24844K, committed 24960K, reserved 1048576K
}
Event: 11259.830 GC heap before
{Heap before GC invocations=102 (full 25):
 PSYoungGen      total 1195008K, used 992256K [0x000000076ab00000, 0x00000007c0000000, 0x00000007c0000000)
  eden space 992256K, 100% used [0x000000076ab00000,0x00000007a7400000,0x00000007a7400000)
  from space 202752K, 0% used [0x00000007a7400000,0x00000007a7400000,0x00000007b3a00000)
  to   space 193536K, 0% used [0x00000007b4300000,0x00000007b4300000,0x00000007c0000000)
 ParOldGen       total 2796544K, used 2796346K [0x00000006c0000000, 0x000000076ab00000, 0x000000076ab00000)
  object space 2796544K, 99% used [0x00000006c0000000,0x000000076aacea60,0x000000076ab00000)
 Metaspace       used 182062K, capacity 187182K, committed 187392K, reserved 1210368K
  class space    used 24241K, capacity 25470K, committed 25600K, reserved 1048576K
Event: 11262.149 GC heap after
Heap after GC invocations=102 (full 25):
 PSYoungGen      total 1195008K, used 235871K [0x000000076ab00000, 0x00000007c0000000, 0x00000007c0000000)
  eden space 992256K, 23% used [0x000000076ab00000,0x0000000779157f10,0x00000007a7400000)
  from space 202752K, 0% used [0x00000007a7400000,0x00000007a7400000,0x00000007b3a00000)
  to   space 193536K, 0% used [0x00000007b4300000,0x00000007b4300000,0x00000007c0000000)
 ParOldGen       total 2796544K, used 2796523K [0x00000006c0000000, 0x000000076ab00000, 0x000000076ab00000)
  object space 2796544K, 99% used [0x00000006c0000000,0x000000076aafac70,0x000000076ab00000)
 Metaspace       used 181332K, capacity 185846K, committed 187392K, reserved 1210368K
  class space    used 24099K, capacity 25223K, committed 25600K, reserved 1048576K
}
Event: 11263.531 GC heap before
{Heap before GC invocations=103 (full 26):
 PSYoungGen      total 1195008K, used 992256K [0x000000076ab00000, 0x00000007c0000000, 0x00000007c0000000)
  eden space 992256K, 100% used [0x000000076ab00000,0x00000007a7400000,0x00000007a7400000)
  from space 202752K, 0% used [0x00000007a7400000,0x00000007a7400000,0x00000007b3a00000)
  to   space 193536K, 0% used [0x00000007b4300000,0x00000007b4300000,0x00000007c0000000)
 ParOldGen       total 2796544K, used 2796523K [0x00000006c0000000, 0x000000076ab00000, 0x000000076ab00000)
  object space 2796544K, 99% used [0x00000006c0000000,0x000000076aafac70,0x000000076ab00000)
 Metaspace       used 181912K, capacity 186490K, committed 187904K, reserved 1212416K
  class space    used 24181K, capacity 25325K, committed 25600K, reserved 1048576K
Event: 11266.829 GC heap after
Heap after GC invocations=103 (full 26):
 PSYoungGen      total 1195008K, used 291823K [0x000000076ab00000, 0x00000007c0000000, 0x00000007c0000000)
  eden space 992256K, 29% used [0x000000076ab00000,0x000000077c7fbe30,0x00000007a7400000)
  from space 202752K, 0% used [0x00000007a7400000,0x00000007a7400000,0x00000007b3a00000)
  to   space 193536K, 0% used [0x00000007b4300000,0x00000007b4300000,0x00000007c0000000)
 ParOldGen       total 2796544K, used 2796451K [0x00000006c0000000, 0x000000076ab00000, 0x000000076ab00000)
  object space 2796544K, 99% used [0x00000006c0000000,0x000000076aae8d18,0x000000076ab00000)
 Metaspace       used 181912K, capacity 186490K, committed 187904K, reserved 1212416K
  class space    used 24181K, capacity 25325K, committed 25600K, reserved 1048576K
}
Event: 11334.974 GC heap before
{Heap before GC invocations=104 (full 27):
 PSYoungGen      total 1195008K, used 989285K [0x000000076ab00000, 0x00000007c0000000, 0x00000007c0000000)
  eden space 992256K, 99% used [0x000000076ab00000,0x00000007a7119778,0x00000007a7400000)
  from space 202752K, 0% used [0x00000007a7400000,0x00000007a7400000,0x00000007b3a00000)
  to   space 193536K, 0% used [0x00000007b4300000,0x00000007b4300000,0x00000007c0000000)
 ParOldGen       total 2796544K, used 2796451K [0x00000006c0000000, 0x000000076ab00000, 0x000000076ab00000)
  object space 2796544K, 99% used [0x00000006c0000000,0x000000076aae8d18,0x000000076ab00000)
 Metaspace       used 182268K, capacity 187026K, committed 188160K, reserved 1212416K
  class space    used 24243K, capacity 25427K, committed 25600K, reserved 1048576K

