# JRE version: Java(TM) SE Runtime Environment (8.0_231-b11) (build 1.8.0_231-b11)
# Java VM: Java HotSpot(TM) 64-Bit Server VM (25.231-b11 mixed mode windows-amd64 compressed oops)
Heap:
 PSYoungGen      total 1139200K, used 1031885K [0x000000076ab00000, 0x00000007c0000000, 0x00000007c0000000)
  eden space 899584K, 100% used [0x000000076ab00000,0x00000007a1980000,0x00000007a1980000)
  from space 239616K, 55% used [0x00000007a1980000,0x00000007a9ab3628,0x00000007b0380000)
  to   space 242176K, 11% used [0x00000007b1380000,0x00000007b2ee19c0,0x00000007c0000000)
 ParOldGen       total 1045504K, used 566482K [0x00000006c0000000, 0x00000006ffd00000, 0x000000076ab00000)
  object space 1045504K, 54% used [0x00000006c0000000,0x00000006e2934a30,0x00000006ffd00000)
 Metaspace       used 79980K, capacity 86382K, committed 97920K, reserved 1134592K
  class space    used 10361K, capacity 11446K, committed 12928K, reserved 1048576K
GC Heap History (10 events):
Event: 8560.008 GC heap after
Heap after GC invocations=57 (full 7):
 PSYoungGen      total 1092608K, used 69555K [0x000000076ab00000, 0x00000007bdb80000, 0x00000007c0000000)
  eden space 858624K, 0% used [0x000000076ab00000,0x000000076ab00000,0x000000079f180000)
  from space 233984K, 29% used [0x00000007af700000,0x00000007b3aecd18,0x00000007bdb80000)
  to   space 250880K, 0% used [0x000000079f180000,0x000000079f180000,0x00000007ae680000)
 ParOldGen       total 1715200K, used 1419931K [0x00000006c0000000, 0x0000000728b00000, 0x000000076ab00000)
  object space 1715200K, 82% used [0x00000006c0000000,0x0000000716aa6cc0,0x0000000728b00000)
 Metaspace       used 87589K, capacity 92438K, committed 92544K, reserved 1130496K
  class space    used 11211K, capacity 12119K, committed 12160K, reserved 1048576K
}
Event: 8561.509 GC heap before
{Heap before GC invocations=58 (full 7):
 PSYoungGen      total 1092608K, used 928179K [0x000000076ab00000, 0x00000007bdb80000, 0x00000007c0000000)
  eden space 858624K, 100% used [0x000000076ab00000,0x000000079f180000,0x000000079f180000)
  from space 233984K, 29% used [0x00000007af700000,0x00000007b3aecd18,0x00000007bdb80000)
  to   space 250880K, 0% used [0x000000079f180000,0x000000079f180000,0x00000007ae680000)
 ParOldGen       total 1715200K, used 1419931K [0x00000006c0000000, 0x0000000728b00000, 0x000000076ab00000)
  object space 1715200K, 82% used [0x00000006c0000000,0x0000000716aa6cc0,0x0000000728b00000)
 Metaspace       used 89379K, capacity 94280K, committed 94592K, reserved 1132544K
  class space    used 11435K, capacity 12351K, committed 12416K, reserved 1048576K
Event: 8561.631 GC heap after
Heap after GC invocations=58 (full 7):
 PSYoungGen      total 1109504K, used 121159K [0x000000076ab00000, 0x00000007c0000000, 0x00000007c0000000)
  eden space 858624K, 0% used [0x000000076ab00000,0x000000076ab00000,0x000000079f180000)
  from space 250880K, 48% used [0x000000079f180000,0x00000007a67d1d78,0x00000007ae680000)
  to   space 247296K, 0% used [0x00000007b0e80000,0x00000007b0e80000,0x00000007c0000000)
 ParOldGen       total 1715200K, used 1464036K [0x00000006c0000000, 0x0000000728b00000, 0x000000076ab00000)
  object space 1715200K, 85% used [0x00000006c0000000,0x00000007195b9220,0x0000000728b00000)
 Metaspace       used 89379K, capacity 94280K, committed 94592K, reserved 1132544K
  class space    used 11435K, capacity 12351K, committed 12416K, reserved 1048576K
}
Event: 8584.524 GC heap before
{Heap before GC invocations=59 (full 7):
 PSYoungGen      total 1109504K, used 979667K [0x000000076ab00000, 0x00000007c0000000, 0x00000007c0000000)
  eden space 858624K, 99% used [0x000000076ab00000,0x000000079f162fd8,0x000000079f180000)
  from space 250880K, 48% used [0x000000079f180000,0x00000007a67d1d78,0x00000007ae680000)
  to   space 247296K, 0% used [0x00000007b0e80000,0x00000007b0e80000,0x00000007c0000000)
 ParOldGen       total 1715200K, used 1464036K [0x00000006c0000000, 0x0000000728b00000, 0x000000076ab00000)
  object space 1715200K, 85% used [0x00000006c0000000,0x00000007195b9220,0x0000000728b00000)
 Metaspace       used 90853K, capacity 97686K, committed 97920K, reserved 1134592K
  class space    used 11734K, capacity 12886K, committed 12928K, reserved 1048576K
Event: 8584.594 GC heap after
Heap after GC invocations=59 (full 7):
 PSYoungGen      total 1127936K, used 40389K [0x000000076ab00000, 0x00000007bed80000, 0x00000007c0000000)
  eden space 899584K, 0% used [0x000000076ab00000,0x000000076ab00000,0x00000007a1980000)
  from space 228352K, 17% used [0x00000007b0e80000,0x00000007b35f14e0,0x00000007bed80000)
  to   space 239616K, 0% used [0x00000007a1980000,0x00000007a1980000,0x00000007b0380000)
 ParOldGen       total 1715200K, used 1582484K [0x00000006c0000000, 0x0000000728b00000, 0x000000076ab00000)
  object space 1715200K, 92% used [0x00000006c0000000,0x0000000720965138,0x0000000728b00000)
 Metaspace       used 90853K, capacity 97686K, committed 97920K, reserved 1134592K
  class space    used 11734K, capacity 12886K, committed 12928K, reserved 1048576K
}
Event: 8584.594 GC heap before
{Heap before GC invocations=60 (full 8):
 PSYoungGen      total 1127936K, used 40389K [0x000000076ab00000, 0x00000007bed80000, 0x00000007c0000000)
  eden space 899584K, 0% used [0x000000076ab00000,0x000000076ab00000,0x00000007a1980000)
  from space 228352K, 17% used [0x00000007b0e80000,0x00000007b35f14e0,0x00000007bed80000)
  to   space 239616K, 0% used [0x00000007a1980000,0x00000007a1980000,0x00000007b0380000)
 ParOldGen       total 1715200K, used 1582484K [0x00000006c0000000, 0x0000000728b00000, 0x000000076ab00000)
  object space 1715200K, 92% used [0x00000006c0000000,0x0000000720965138,0x0000000728b00000)
 Metaspace       used 90853K, capacity 97686K, committed 97920K, reserved 1134592K
  class space    used 11734K, capacity 12886K, committed 12928K, reserved 1048576K
Event: 8585.797 GC heap after
Heap after GC invocations=60 (full 8):
 PSYoungGen      total 1127936K, used 0K [0x000000076ab00000, 0x00000007bed80000, 0x00000007c0000000)
  eden space 899584K, 0% used [0x000000076ab00000,0x000000076ab00000,0x00000007a1980000)
  from space 228352K, 0% used [0x00000007b0e80000,0x00000007b0e80000,0x00000007bed80000)
  to   space 239616K, 0% used [0x00000007a1980000,0x00000007a1980000,0x00000007b0380000)
 ParOldGen       total 1045504K, used 512947K [0x00000006c0000000, 0x00000006ffd00000, 0x000000076ab00000)
  object space 1045504K, 49% used [0x00000006c0000000,0x00000006df4ece00,0x00000006ffd00000)
 Metaspace       used 78093K, capacity 84446K, committed 97920K, reserved 1134592K
  class space    used 10123K, capacity 11196K, committed 12928K, reserved 1048576K
}
Event: 8589.207 GC heap before
{Heap before GC invocations=61 (full 8):
 PSYoungGen      total 1127936K, used 899584K [0x000000076ab00000, 0x00000007bed80000, 0x00000007c0000000)
  eden space 899584K, 100% used [0x000000076ab00000,0x00000007a1980000,0x00000007a1980000)
  from space 228352K, 0% used [0x00000007b0e80000,0x00000007b0e80000,0x00000007bed80000)
  to   space 239616K, 0% used [0x00000007a1980000,0x00000007a1980000,0x00000007b0380000)
 ParOldGen       total 1045504K, used 512947K [0x00000006c0000000, 0x00000006ffd00000, 0x000000076ab00000)
  object space 1045504K, 49% used [0x00000006c0000000,0x00000006df4ece00,0x00000006ffd00000)
 Metaspace       used 79505K, capacity 85904K, committed 97920K, reserved 1134592K
  class space    used 10295K, capacity 11375K, committed 12928K, reserved 1048576K
Event: 8589.295 GC heap after
Heap after GC invocations=61 (full 8):
 PSYoungGen      total 1139200K, used 132301K [0x000000076ab00000, 0x00000007c0000000, 0x00000007c0000000)
  eden space 899584K, 0% used [0x000000076ab00000,0x000000076ab00000,0x00000007a1980000)
  from space 239616K, 55% used [0x00000007a1980000,0x00000007a9ab3628,0x00000007b0380000)
  to   space 242176K, 0% used [0x00000007b1380000,0x00000007b1380000,0x00000007c0000000)
 ParOldGen       total 1045504K, used 512947K [0x00000006c0000000, 0x00000006ffd00000, 0x000000076ab00000)
  object space 1045504K, 49% used [0x00000006c0000000,0x00000006df4ece00,0x00000006ffd00000)
 Metaspace       used 79505K, capacity 85904K, committed 97920K, reserved 1134592K
  class space    used 10295K, capacity 11375K, committed 12928K, reserved 1048576K
}
Event: 8591.433 GC heap before
{Heap before GC invocations=62 (full 8):
 PSYoungGen      total 1139200K, used 1031885K [0x000000076ab00000, 0x00000007c0000000, 0x00000007c0000000)
  eden space 899584K, 100% used [0x000000076ab00000,0x00000007a1980000,0x00000007a1980000)
  from space 239616K, 55% used [0x00000007a1980000,0x00000007a9ab3628,0x00000007b0380000)
  to   space 242176K, 0% used [0x00000007b1380000,0x00000007b1380000,0x00000007c0000000)
 ParOldGen       total 1045504K, used 512947K [0x00000006c0000000, 0x00000006ffd00000, 0x000000076ab00000)
  object space 1045504K, 49% used [0x00000006c0000000,0x00000006df4ece00,0x00000006ffd00000)
 Metaspace       used 79980K, capacity 86382K, committed 97920K, reserved 1134592K
  class space    used 10361K, capacity 11446K, committed 12928K, reserved 1048576K

