# JRE version: Java(TM) SE Runtime Environment (8.0_231-b11) (build 1.8.0_231-b11)
# Java VM: Java HotSpot(TM) 64-Bit Server VM (25.231-b11 mixed mode windows-amd64 compressed oops)
Heap:
 PSYoungGen      total 1024512K, used 104543K [0x000000076ab00000, 0x00000007c0000000, 0x00000007c0000000)
  eden space 640000K, 0% used [0x000000076ab00000,0x000000076ab00000,0x0000000791c00000)
  from space 384512K, 27% used [0x00000007a8880000,0x00000007aee97da8,0x00000007c0000000)
  to   space 373248K, 0% used [0x0000000791c00000,0x0000000791c00000,0x00000007a8880000)
 ParOldGen       total 1188864K, used 1152713K [0x00000006c0000000, 0x0000000708900000, 0x000000076ab00000)
  object space 1188864K, 96% used [0x00000006c0000000,0x00000007065b27f0,0x0000000708900000)
 Metaspace       used 126438K, capacity 130478K, committed 130560K, reserved 1163264K
  class space    used 16733K, capacity 17645K, committed 17664K, reserved 1048576K
GC Heap History (10 events):
Event: 16383.242 GC heap after
Heap after GC invocations=63 (full 5):
 PSYoungGen      total 989696K, used 305659K [0x000000076ab00000, 0x00000007c0000000, 0x00000007c0000000)
  eden space 684032K, 0% used [0x000000076ab00000,0x000000076ab00000,0x0000000794700000)
  from space 305664K, 99% used [0x00000007ad580000,0x00000007bfffed58,0x00000007c0000000)
  to   space 356864K, 0% used [0x0000000794700000,0x0000000794700000,0x00000007aa380000)
 ParOldGen       total 1188864K, used 955169K [0x00000006c0000000, 0x0000000708900000, 0x000000076ab00000)
  object space 1188864K, 80% used [0x00000006c0000000,0x00000006fa4c8758,0x0000000708900000)
 Metaspace       used 126205K, capacity 130224K, committed 130560K, reserved 1163264K
  class space    used 16715K, capacity 17614K, committed 17664K, reserved 1048576K
}
Event: 16388.657 GC heap before
{Heap before GC invocations=64 (full 5):
 PSYoungGen      total 989696K, used 989691K [0x000000076ab00000, 0x00000007c0000000, 0x00000007c0000000)
  eden space 684032K, 100% used [0x000000076ab00000,0x0000000794700000,0x0000000794700000)
  from space 305664K, 99% used [0x00000007ad580000,0x00000007bfffed58,0x00000007c0000000)
  to   space 356864K, 0% used [0x0000000794700000,0x0000000794700000,0x00000007aa380000)
 ParOldGen       total 1188864K, used 955169K [0x00000006c0000000, 0x0000000708900000, 0x000000076ab00000)
  object space 1188864K, 80% used [0x00000006c0000000,0x00000006fa4c8758,0x0000000708900000)
 Metaspace       used 126237K, capacity 130228K, committed 130560K, reserved 1163264K
  class space    used 16715K, capacity 17614K, committed 17664K, reserved 1048576K
Event: 16388.759 GC heap after
Heap after GC invocations=64 (full 5):
 PSYoungGen      total 953344K, used 269046K [0x000000076ab00000, 0x00000007c0000000, 0x00000007c0000000)
  eden space 684032K, 0% used [0x000000076ab00000,0x000000076ab00000,0x0000000794700000)
  from space 269312K, 99% used [0x0000000794700000,0x00000007a4dbdae8,0x00000007a4e00000)
  to   space 382464K, 0% used [0x00000007a8a80000,0x00000007a8a80000,0x00000007c0000000)
 ParOldGen       total 1188864K, used 995030K [0x00000006c0000000, 0x0000000708900000, 0x000000076ab00000)
  object space 1188864K, 83% used [0x00000006c0000000,0x00000006fcbb5930,0x0000000708900000)
 Metaspace       used 126237K, capacity 130228K, committed 130560K, reserved 1163264K
  class space    used 16715K, capacity 17614K, committed 17664K, reserved 1048576K
}
Event: 16390.264 GC heap before
{Heap before GC invocations=65 (full 5):
 PSYoungGen      total 953344K, used 952584K [0x000000076ab00000, 0x00000007c0000000, 0x00000007c0000000)
  eden space 684032K, 99% used [0x000000076ab00000,0x0000000794684790,0x0000000794700000)
  from space 269312K, 99% used [0x0000000794700000,0x00000007a4dbdae8,0x00000007a4e00000)
  to   space 382464K, 0% used [0x00000007a8a80000,0x00000007a8a80000,0x00000007c0000000)
 ParOldGen       total 1188864K, used 995030K [0x00000006c0000000, 0x0000000708900000, 0x000000076ab00000)
  object space 1188864K, 83% used [0x00000006c0000000,0x00000006fcbb5930,0x0000000708900000)
 Metaspace       used 126239K, capacity 130228K, committed 130560K, reserved 1163264K
  class space    used 16715K, capacity 17614K, committed 17664K, reserved 1048576K
Event: 16390.347 GC heap after
Heap after GC invocations=65 (full 5):
 PSYoungGen      total 1019904K, used 202393K [0x000000076ab00000, 0x00000007c0000000, 0x00000007c0000000)
  eden space 637440K, 0% used [0x000000076ab00000,0x000000076ab00000,0x0000000791980000)
  from space 382464K, 52% used [0x00000007a8a80000,0x00000007b5026668,0x00000007c0000000)
  to   space 377856K, 0% used [0x0000000791980000,0x0000000791980000,0x00000007a8a80000)
 ParOldGen       total 1188864K, used 1053927K [0x00000006c0000000, 0x0000000708900000, 0x000000076ab00000)
  object space 1188864K, 88% used [0x00000006c0000000,0x0000000700539d60,0x0000000708900000)
 Metaspace       used 126239K, capacity 130228K, committed 130560K, reserved 1163264K
  class space    used 16715K, capacity 17614K, committed 17664K, reserved 1048576K
}
Event: 16549.706 GC heap before
{Heap before GC invocations=66 (full 5):
 PSYoungGen      total 1019904K, used 830203K [0x000000076ab00000, 0x00000007c0000000, 0x00000007c0000000)
  eden space 637440K, 98% used [0x000000076ab00000,0x00000007910185f0,0x0000000791980000)
  from space 382464K, 52% used [0x00000007a8a80000,0x00000007b5026668,0x00000007c0000000)
  to   space 377856K, 0% used [0x0000000791980000,0x0000000791980000,0x00000007a8a80000)
 ParOldGen       total 1188864K, used 1053927K [0x00000006c0000000, 0x0000000708900000, 0x000000076ab00000)
  object space 1188864K, 88% used [0x00000006c0000000,0x0000000700539d60,0x0000000708900000)
 Metaspace       used 126412K, capacity 130478K, committed 130560K, reserved 1163264K
  class space    used 16733K, capacity 17645K, committed 17664K, reserved 1048576K
Event: 16549.771 GC heap after
Heap after GC invocations=66 (full 5):
 PSYoungGen      total 873472K, used 235557K [0x000000076ab00000, 0x00000007c0000000, 0x00000007c0000000)
  eden space 637440K, 0% used [0x000000076ab00000,0x000000076ab00000,0x0000000791980000)
  from space 236032K, 99% used [0x0000000791980000,0x000000079ff89450,0x00000007a0000000)
  to   space 384512K, 0% used [0x00000007a8880000,0x00000007a8880000,0x00000007c0000000)
 ParOldGen       total 1188864K, used 1053967K [0x00000006c0000000, 0x0000000708900000, 0x000000076ab00000)
  object space 1188864K, 88% used [0x00000006c0000000,0x0000000700543d60,0x0000000708900000)
 Metaspace       used 126412K, capacity 130478K, committed 130560K, reserved 1163264K
  class space    used 16733K, capacity 17645K, committed 17664K, reserved 1048576K
}
Event: 16553.471 GC heap before
{Heap before GC invocations=67 (full 5):
 PSYoungGen      total 873472K, used 872997K [0x000000076ab00000, 0x00000007c0000000, 0x00000007c0000000)
  eden space 637440K, 100% used [0x000000076ab00000,0x0000000791980000,0x0000000791980000)
  from space 236032K, 99% used [0x0000000791980000,0x000000079ff89450,0x00000007a0000000)
  to   space 384512K, 0% used [0x00000007a8880000,0x00000007a8880000,0x00000007c0000000)
 ParOldGen       total 1188864K, used 1053967K [0x00000006c0000000, 0x0000000708900000, 0x000000076ab00000)
  object space 1188864K, 88% used [0x00000006c0000000,0x0000000700543d60,0x0000000708900000)
 Metaspace       used 126438K, capacity 130478K, committed 130560K, reserved 1163264K
  class space    used 16733K, capacity 17645K, committed 17664K, reserved 1048576K
Event: 16553.547 GC heap after
Heap after GC invocations=67 (full 5):
 PSYoungGen      total 1024512K, used 104543K [0x000000076ab00000, 0x00000007c0000000, 0x00000007c0000000)
  eden space 640000K, 0% used [0x000000076ab00000,0x000000076ab00000,0x0000000791c00000)
  from space 384512K, 27% used [0x00000007a8880000,0x00000007aee97da8,0x00000007c0000000)
  to   space 373248K, 0% used [0x0000000791c00000,0x0000000791c00000,0x00000007a8880000)
 ParOldGen       total 1188864K, used 1152713K [0x00000006c0000000, 0x0000000708900000, 0x000000076ab00000)
  object space 1188864K, 96% used [0x00000006c0000000,0x00000007065b27f0,0x0000000708900000)
 Metaspace       used 126438K, capacity 130478K, committed 130560K, reserved 1163264K
  class space    used 16733K, capacity 17645K, committed 17664K, reserved 1048576K
}
Event: 16553.547 GC heap before
{Heap before GC invocations=68 (full 6):
 PSYoungGen      total 1024512K, used 104543K [0x000000076ab00000, 0x00000007c0000000, 0x00000007c0000000)
  eden space 640000K, 0% used [0x000000076ab00000,0x000000076ab00000,0x0000000791c00000)
  from space 384512K, 27% used [0x00000007a8880000,0x00000007aee97da8,0x00000007c0000000)
  to   space 373248K, 0% used [0x0000000791c00000,0x0000000791c00000,0x00000007a8880000)
 ParOldGen       total 1188864K, used 1152713K [0x00000006c0000000, 0x0000000708900000, 0x000000076ab00000)
  object space 1188864K, 96% used [0x00000006c0000000,0x00000007065b27f0,0x0000000708900000)
 Metaspace       used 126438K, capacity 130478K, committed 130560K, reserved 1163264K
  class space    used 16733K, capacity 17645K, committed 17664K, reserved 1048576K

